# RA, dec, redshift, radius (Mpc/h), void ID
152.02 10.02 0.57932 36.46 72255
153.73 15.76 0.50916 30.71 72861
202.03 2.45 0.54568 68.33 40997
187.47 5.28 0.53289 20.72 34943
168.81 3.26 0.58502 23.37 74551
199.27 -0.45 0.53430 51.39 40006
145.67 1.61 0.51784 70.31 71065
138.18 1.66 0.52301 50.96 11542
217.26 -5.26 0.55441 24.00 80702
241.71 25.05 0.51917 42.12 61487
211.18 3.76 0.53103 57.44 79380
249.11 28.06 0.55904 29.45 64800
207.28 12.61 0.51921 25.50 78660
165.39 -0.85 0.57967 28.63 25017
250.38 20.87 0.55126 63.51 64771
181.09 2.48 0.50933 62.58 75503
180.08 -0.27 0.52927 24.43 75383
119.14 36.69 0.51988 35.48 2446
162.16 -0.72 0.54647 37.32 23582
126.16 30.24 0.56878 48.79 5589
176.41 2.60 0.56962 37.35 75081
154.35 5.20 0.52929 20.72 19038
150.61 4.86 0.57256 26.97 16635
194.08 36.13 0.50394 37.66 38299
151.04 43.23 0.52193 33.40 17009
205.34 35.98 0.53972 58.35 42925
173.51 -0.90 0.50562 33.09 29375
192.81 -0.55 0.56215 46.08 37158
147.10 36.99 0.56892 26.75 14689
139.81 5.98 0.52069 33.12 69832
174.56 0.62 0.52888 49.69 74981
210.91 -1.04 0.56050 21.61 44857
245.52 15.83 0.53340 64.93 63355
236.98 19.63 0.54233 73.39 58895
246.07 30.44 0.56456 45.27 63599
189.81 0.85 0.53322 62.96 36069
145.29 37.37 0.50985 27.99 14039
128.04 28.06 0.58530 28.26 7126
153.34 0.77 0.50050 65.13 72292
157.08 -0.75 0.57800 30.69 20467
162.63 -1.09 0.51144 28.47 23824
167.28 2.32 0.56206 21.97 74375
224.91 -0.30 0.51832 37.14 51161
153.91 -0.83 0.55630 33.17 19169
156.43 -0.86 0.54184 37.66 20346
153.50 -0.83 0.51501 29.26 18818
186.06 36.67 0.53326 45.87 34399
251.92 18.55 0.55847 26.83 65331
147.84 37.08 0.53139 25.01 15049
236.44 13.95 0.53873 44.77 58152
195.48 4.56 0.51331 28.63 38677
126.82 38.96 0.52383 43.21 5385
170.69 -0.47 0.51126 32.82 74747
217.63 -0.17 0.50570 55.01 47674
151.76 9.89 0.55101 33.64 72375
206.96 -0.79 0.54289 47.03 78606
230.14 1.11 0.53096 38.61 55025
212.77 1.01 0.53374 24.02 79749
155.17 -0.48 0.57262 23.36 19044
201.25 2.34 0.55588 54.66 77353
157.08 -0.02 0.51420 29.35 73542
150.70 37.93 0.53396 31.73 16726
149.48 -0.74 0.52303 34.71 16413
171.85 1.37 0.54591 59.32 74737
211.99 34.55 0.50685 50.73 45480
195.30 3.44 0.54127 37.05 76671
149.43 5.10 0.58095 21.49 16356
123.27 39.13 0.52133 38.35 4265
134.31 1.82 0.53506 46.86 10519
205.86 0.70 0.50535 59.18 78475
198.11 -0.50 0.50429 29.51 39892
198.31 -0.73 0.52144 43.64 76927
216.10 0.66 0.53268 53.80 80519
217.34 -4.09 0.50190 32.28 80691
156.98 5.50 0.54878 28.72 20022
149.05 4.10 0.55632 37.44 15536
153.58 15.61 0.57409 24.75 72701
245.18 18.15 0.50439 55.52 63087
248.41 20.35 0.53095 49.57 64542
222.97 3.54 0.52556 61.37 50237
127.07 13.96 0.51782 34.41 5888
169.41 -1.10 0.50241 32.47 74558
126.09 19.17 0.55536 64.25 5522
158.28 5.27 0.56288 32.47 21335
144.30 5.32 0.52498 44.26 70803
195.90 37.50 0.54663 50.58 39363
224.37 5.11 0.52671 32.04 50662
251.60 18.76 0.52482 31.00 65058
229.22 33.74 0.56875 22.33 54162
221.26 0.12 0.53368 58.95 81618
212.95 0.38 0.56717 55.47 45628
178.96 2.47 0.51222 33.57 31748
159.55 -0.58 0.54739 24.73 73733
145.88 8.36 0.51766 30.26 70996
191.75 3.26 0.55976 27.19 37051
153.35 17.21 0.56936 25.89 72574
186.27 0.60 0.54749 43.06 34311
214.72 5.07 0.55348 46.15 46668
215.23 33.91 0.51579 32.06 47000
178.48 2.47 0.50590 37.69 75324
173.82 36.63 0.54657 49.09 29274
193.47 3.39 0.50393 44.57 76530
167.51 2.41 0.57729 24.17 74407
193.77 38.48 0.50026 59.01 38388
148.81 -0.50 0.50922 23.40 71736
221.71 4.75 0.58091 34.38 49748
126.22 40.99 0.57429 24.84 5569
191.38 2.63 0.54366 21.76 36862
258.85 30.29 0.50690 32.09 67095
258.76 26.25 0.53529 48.33 66995
156.43 42.89 0.51657 28.13 20392
211.20 0.93 0.56963 43.42 79431
215.86 -0.56 0.54074 34.43 46979
167.88 36.99 0.51185 46.22 27006
244.15 30.80 0.56212 43.32 62544
182.07 34.53 0.51650 31.20 32988
141.67 -0.28 0.53015 28.91 12295
214.77 33.78 0.53962 31.79 46882
183.27 -0.08 0.52238 55.51 75732
241.97 32.50 0.54527 45.29 61274
198.05 37.06 0.51346 43.79 39713
125.74 31.67 0.52054 46.48 5065
149.36 -0.71 0.55216 39.86 16387
165.11 -0.93 0.53199 30.57 24811
207.60 -1.63 0.58112 29.51 43341
190.50 3.74 0.52470 31.10 76349
152.32 4.91 0.57265 24.43 17736
122.05 36.65 0.54873 59.82 4149
234.39 1.17 0.52609 37.25 57707
168.81 3.28 0.56943 25.22 74537
238.26 31.05 0.50929 48.09 59544
235.27 28.99 0.54598 29.89 57667
226.15 30.06 0.52835 44.33 51886
231.88 20.49 0.54784 69.66 57031
205.02 10.15 0.56386 34.81 78363
219.78 2.07 0.56808 50.54 81449
139.58 -0.05 0.54768 29.47 11699
157.71 0.04 0.54256 31.46 73546
241.72 33.55 0.58480 21.26 61422
172.84 -0.32 0.50356 22.56 74918
173.48 -0.67 0.53123 23.27 29629
236.74 4.30 0.53326 35.56 58637
216.49 32.38 0.50579 34.46 47189
151.78 -0.93 0.52192 25.96 17280
145.39 37.50 0.57782 31.05 13690
213.43 3.47 0.55504 60.30 79767
169.64 35.97 0.55453 35.03 26987
192.88 0.33 0.56745 44.94 76542
149.30 8.86 0.50060 39.94 71495
176.99 -0.45 0.52466 29.66 30964
159.18 5.39 0.53582 22.26 21740
208.27 2.09 0.55005 63.17 78936
183.91 2.36 0.50789 27.95 75742
213.68 -0.12 0.50667 37.38 46297
158.86 4.93 0.50992 25.23 21319
159.61 38.63 0.54382 35.27 21712
199.76 2.57 0.53780 43.25 77126
195.15 4.62 0.54816 25.54 38576
210.97 -0.78 0.50308 36.13 44647
144.59 7.48 0.56195 50.47 70852
208.12 1.61 0.50164 31.15 43594
179.22 -0.82 0.56231 20.88 75330
176.87 2.65 0.51784 24.38 75133
135.73 1.24 0.50116 36.91 11070
207.09 10.42 0.50631 24.71 78609
207.28 34.06 0.57058 28.62 43457
150.93 5.24 0.55622 22.37 17121
159.28 -0.45 0.53997 21.36 21598
178.32 34.44 0.52605 47.52 31202
176.04 39.05 0.51522 40.09 30413
175.13 35.97 0.51232 57.62 30120
176.92 2.98 0.53417 21.86 75112
185.68 3.63 0.55813 51.82 34171
201.60 4.24 0.51172 38.40 41019
239.47 5.47 0.57923 33.92 60268
121.36 29.34 0.54418 53.98 4087
239.70 5.67 0.52404 29.74 60607
207.76 12.34 0.56607 37.34 78710
151.66 9.41 0.52240 26.27 72254
238.23 15.06 0.52820 49.09 59451
224.41 -0.22 0.55231 45.50 51048
142.92 6.95 0.51162 38.04 70589
207.82 9.22 0.57834 26.57 78727
152.91 5.32 0.55129 32.44 18641
222.57 2.69 0.53899 33.67 81977
200.33 39.27 0.57379 29.52 40687
152.30 5.11 0.51155 28.50 18043
120.73 26.93 0.52476 23.13 3692
142.21 -0.41 0.58480 23.19 12431
152.62 39.18 0.53995 30.59 17832
236.15 23.20 0.52449 44.79 58501
243.26 15.31 0.55660 41.59 62279
201.81 -0.31 0.52016 36.04 40915
216.43 32.81 0.56387 46.41 47125
179.99 36.79 0.51069 48.87 31693
200.46 36.63 0.51017 37.01 40731
152.29 38.48 0.56719 44.02 17904
196.83 3.16 0.53632 45.66 39305
249.99 18.44 0.55180 40.45 64708
170.80 -0.74 0.54337 34.92 74678
253.43 22.44 0.55107 49.80 65913
192.78 2.10 0.52028 44.87 76519
254.36 20.61 0.53290 26.94 66258
150.22 4.74 0.52406 36.09 16919
122.58 32.64 0.52329 37.64 4122
215.02 5.34 0.53502 24.06 46917
149.14 -0.98 0.57564 28.04 15761
181.00 0.06 0.54316 21.35 75416
246.85 28.58 0.56888 31.92 64037
135.31 2.75 0.50596 22.12 10855
211.20 33.59 0.56306 34.68 44639
149.92 1.89 0.54403 44.52 71536
189.99 2.47 0.50440 33.86 35864
236.51 25.30 0.56643 38.61 58813
186.49 4.03 0.50149 35.18 34731
247.39 29.28 0.50966 21.71 64135
122.88 35.21 0.51198 35.71 4367
195.78 4.15 0.57096 32.80 38951
235.03 15.70 0.54028 40.60 57330
238.26 5.08 0.53268 23.17 59132
203.90 -1.11 0.50616 34.46 41549
213.58 34.60 0.56798 38.29 46512
147.59 37.22 0.50888 21.14 14733
198.80 -0.38 0.56654 35.04 39928
190.63 37.58 0.54335 57.29 36952
185.59 0.70 0.51224 39.41 34055
140.29 0.14 0.51318 35.08 11834
240.62 22.64 0.53613 32.68 60902
219.11 -1.44 0.51672 35.26 81352
206.52 34.01 0.52516 25.68 42928
181.00 37.19 0.57362 34.05 32395
176.20 2.23 0.54442 23.85 75068
131.66 2.20 0.50381 28.71 9648
202.53 4.57 0.57602 32.57 41136
190.79 0.63 0.56740 35.80 36669
125.73 14.96 0.50382 49.84 4782
145.27 37.60 0.54378 35.27 13949
170.67 36.54 0.52765 41.00 27532
240.25 19.34 0.55187 44.66 60642
206.93 35.53 0.56583 43.08 42900
172.13 -0.31 0.52599 20.54 74919
256.08 28.71 0.51275 36.70 66542
237.94 30.35 0.57782 25.14 59494
204.49 3.44 0.56759 50.42 41772
163.55 -0.99 0.57262 33.61 24455
206.37 9.75 0.54280 40.25 78364
151.73 -0.04 0.56375 41.09 72176
175.48 34.69 0.54706 33.28 30055
237.14 15.90 0.57346 34.89 58766
177.42 0.48 0.51732 52.68 75135
217.80 -2.52 0.54431 43.91 80822
173.01 1.56 0.51687 35.95 74923
204.79 7.25 0.55475 46.94 78315
253.95 21.21 0.57478 30.44 65972
214.57 -0.83 0.56550 23.13 46311
148.06 -0.55 0.53174 25.69 71304
149.01 0.08 0.56474 22.66 15611
206.58 11.94 0.56060 37.13 78465
147.43 8.11 0.55715 49.00 71209
191.41 3.82 0.50913 26.15 36803
196.10 3.26 0.57819 30.99 76730
229.86 22.49 0.52242 34.74 55163
239.38 24.28 0.55546 24.35 60079
246.59 30.78 0.51185 28.12 63910
208.17 7.94 0.55051 37.92 78629
255.69 28.86 0.53236 23.42 66345
233.10 4.94 0.50205 24.82 56247
210.79 0.09 0.53383 29.61 79547
213.94 1.24 0.53930 29.55 46228
146.21 -0.11 0.53920 43.99 14089
135.17 2.06 0.56638 41.67 10543
245.59 28.31 0.50464 28.57 63356
223.14 31.15 0.51469 33.93 49819
165.56 39.35 0.53551 29.65 25394
206.43 -0.86 0.50973 32.26 42846
154.06 37.29 0.53298 24.87 18851
233.24 18.06 0.56298 44.15 56974
149.21 8.66 0.58017 28.07 71530
119.72 27.84 0.51879 31.84 3312
168.06 0.18 0.53731 45.11 74391
219.80 5.15 0.50695 26.60 48689
226.40 30.65 0.55760 27.88 52099
158.59 41.59 0.52937 31.17 21881
250.89 27.34 0.50700 20.92 64988
192.53 4.23 0.53853 31.35 37507
182.75 36.92 0.57797 27.61 33103
145.09 -0.52 0.56876 37.41 13649
193.94 36.46 0.55690 36.31 37967
209.08 -0.66 0.51697 39.07 44332
183.98 1.72 0.54783 56.25 33634
239.47 16.41 0.54777 25.51 60060
219.51 32.95 0.56242 32.00 48670
124.36 32.89 0.53440 30.49 4876
147.46 1.60 0.56079 56.45 71144
233.97 4.81 0.51994 26.20 57294
232.31 25.35 0.55278 56.62 55917
203.95 0.29 0.54392 57.14 78171
145.19 5.88 0.56296 28.87 71095
227.56 0.66 0.52577 30.08 53506
222.05 31.31 0.56245 41.54 50043
204.16 4.42 0.50137 38.88 41698
201.18 38.93 0.52700 39.85 40596
205.30 13.83 0.55997 26.23 78343
217.50 3.00 0.53138 21.81 80745
156.20 38.97 0.54910 58.36 19534
126.71 16.58 0.50919 20.80 5534
181.85 -1.17 0.56233 27.67 75457
120.23 32.21 0.55844 23.73 3357
189.88 1.98 0.52753 31.58 76287
241.81 27.84 0.50354 43.81 61262
165.76 36.67 0.52794 20.70 25350
211.72 4.98 0.50136 44.32 79448
122.01 18.11 0.52325 53.55 4097
177.26 0.05 0.54721 37.99 30737
164.29 41.79 0.54492 43.93 24158
217.96 1.79 0.51630 42.31 80680
190.92 3.42 0.53086 22.17 36492
187.45 2.30 0.51504 42.17 35000
223.57 30.90 0.54574 36.14 49959
245.28 18.63 0.57265 22.75 63080
226.75 4.80 0.52602 36.14 51881
217.41 -1.53 0.51242 41.76 80666
188.96 36.08 0.55981 24.60 35910
151.61 -0.78 0.54233 25.00 17279
201.25 39.24 0.55654 22.41 40727
172.05 35.46 0.52368 29.21 28740
204.44 4.69 0.53273 33.68 42276
212.23 5.90 0.56019 22.42 79704
211.90 36.92 0.54232 28.75 44911
146.11 -0.43 0.57863 25.01 71114
229.34 20.07 0.56652 35.56 54755
153.17 41.93 0.54118 49.12 18375
136.46 0.53 0.53318 31.08 10865
192.91 4.71 0.51851 26.60 37271
149.55 9.09 0.52336 32.82 71752
187.67 1.29 0.54028 29.48 34829
198.79 0.53 0.56657 34.52 77033
148.01 4.42 0.50959 39.81 71451
117.77 16.59 0.54550 32.09 2480
147.08 4.97 0.54395 45.37 71271
116.95 30.97 0.55542 20.45 2078
206.53 4.90 0.56190 31.90 43218
202.26 -0.87 0.56638 35.69 77323
154.11 2.04 0.52971 29.41 73099
208.03 36.89 0.52236 30.95 43738
215.66 3.37 0.51011 28.42 80271
117.96 24.43 0.52715 65.29 3330
255.82 22.77 0.54370 37.35 66367
226.84 0.21 0.51457 25.83 52644
126.08 40.88 0.52373 29.62 5439
159.00 -0.66 0.55391 25.86 21632
160.94 38.38 0.55342 34.46 22580
186.88 3.66 0.58226 31.28 34472
202.16 -1.62 0.56285 21.48 41165
175.37 33.93 0.56248 29.58 29914
249.63 17.01 0.53214 39.42 64527
155.20 42.45 0.55922 43.74 18830
180.26 34.86 0.55889 53.62 32008
242.43 33.53 0.56842 28.10 61873
218.07 -0.85 0.54267 32.33 47852
191.24 -0.40 0.57924 31.10 76398
201.29 -1.01 0.54295 23.38 40765
132.80 1.70 0.56365 39.55 10036
195.41 -0.41 0.56671 37.10 76743
178.24 -0.12 0.57154 33.20 31214
127.59 14.05 0.54683 35.75 6238
224.02 2.81 0.55479 40.37 50657
127.84 38.72 0.54828 29.70 5945
150.11 1.04 0.56424 27.47 71667
123.37 28.99 0.51458 40.23 4389
155.72 0.49 0.53368 31.47 73258
230.57 22.69 0.55152 50.38 55410
210.02 34.82 0.55341 32.91 44404
207.82 37.45 0.55148 33.54 43720
166.97 1.97 0.53242 36.87 74369
124.48 40.00 0.50525 23.98 4725
117.61 36.34 0.56086 29.10 2212
221.45 0.69 0.50469 47.81 49405
219.40 2.88 0.52973 30.28 81189
221.98 -1.46 0.56183 30.35 81725
219.65 3.56 0.50027 37.16 48773
249.00 16.04 0.54203 25.68 64469
167.08 0.68 0.56407 34.50 74357
165.27 -0.55 0.58450 27.36 74294
216.66 3.48 0.53660 41.38 47210
184.94 0.01 0.56415 38.82 75852
208.83 -1.14 0.54291 23.99 44086
143.24 1.85 0.54680 48.13 70491
146.68 1.44 0.56450 38.88 14491
211.65 -1.14 0.53115 28.99 44966
239.50 32.31 0.57255 34.80 60076
159.77 42.83 0.50770 24.94 22171
142.64 6.34 0.55614 32.41 70396
127.09 33.07 0.50904 29.87 6178
124.19 32.06 0.55921 43.00 4650
120.96 32.21 0.50993 27.33 3596
150.03 9.32 0.54205 21.31 71812
146.72 6.65 0.52427 38.13 71169
238.86 4.97 0.55268 39.03 60583
219.98 4.48 0.52754 29.35 48792
186.04 -0.59 0.58177 25.83 34416
235.53 22.99 0.55322 34.53 57751
211.56 33.84 0.53436 31.78 44792
206.62 6.83 0.53929 22.76 78554
157.91 5.17 0.52844 26.89 21115
140.23 1.96 0.50262 20.51 11804
177.06 33.40 0.55237 23.63 30939
231.99 28.23 0.57304 23.25 56254
207.75 37.73 0.57550 32.92 43660
249.34 16.75 0.50206 39.55 64600
246.11 19.63 0.53869 21.25 63522
219.06 0.60 0.54900 41.47 80931
181.34 37.91 0.55240 36.45 32621
202.98 38.07 0.51697 24.85 41655
117.21 28.49 0.50308 30.08 2133
178.05 1.44 0.50148 21.57 31285
197.88 2.28 0.51258 38.88 39870
168.25 37.18 0.55239 32.64 26485
178.13 -0.07 0.54902 41.50 75240
179.65 0.47 0.51556 28.60 31931
127.38 32.38 0.53351 20.32 5689
177.99 33.56 0.56286 21.52 31542
199.26 4.16 0.51315 35.86 40275
226.68 1.16 0.54907 49.29 52169
125.80 12.59 0.55929 41.34 5289
165.55 41.89 0.52489 26.00 25365
200.95 2.83 0.51356 58.78 77139
196.03 1.89 0.50772 31.67 76669
152.86 38.27 0.50678 48.28 18882
205.73 -1.67 0.51283 21.09 78278
186.07 36.60 0.50088 49.74 34676
230.09 29.03 0.54136 23.44 54849
210.10 4.84 0.53559 22.42 44242
209.88 0.07 0.54584 29.44 44275
196.27 38.81 0.52709 34.97 38933
222.77 -1.17 0.58575 21.25 81976
120.49 21.41 0.52403 31.87 3291
178.43 1.19 0.56880 34.70 75255
214.60 1.30 0.56628 46.97 79979
210.65 5.04 0.51257 36.15 44441
206.99 13.81 0.54290 29.82 78619
222.92 1.08 0.57236 27.41 50274
230.41 22.59 0.50219 34.04 54604
219.46 31.86 0.50698 38.18 48730
205.22 4.97 0.50792 33.72 78309
134.72 1.38 0.51491 22.38 10605
212.08 -1.20 0.55208 24.25 45369
252.69 24.24 0.57063 48.39 65371
146.28 -0.24 0.55548 24.84 71131
185.78 4.04 0.52367 32.03 34324
178.37 38.91 0.52958 25.13 31544
235.80 24.65 0.55239 31.13 58276
216.80 -2.48 0.56556 23.33 80580
204.71 1.84 0.52829 36.00 42352
151.17 43.13 0.55863 22.95 17111
125.10 16.61 0.56324 45.05 4767
226.08 28.99 0.57700 27.80 51558
127.17 28.65 0.50850 36.63 5403
238.54 17.53 0.51454 25.50 59908
207.37 7.92 0.52674 35.41 78567
154.07 37.16 0.56170 25.17 18733
171.96 -0.70 0.54626 20.19 28354
169.36 0.31 0.57282 47.06 74738
163.09 42.74 0.52154 22.00 23436
153.58 1.33 0.54714 31.62 72862
220.08 3.21 0.50734 21.17 81510
212.78 32.99 0.54942 22.54 45303
152.10 1.73 0.53468 33.75 72159
247.54 18.31 0.56702 43.08 64330
198.30 1.25 0.52809 27.22 77022
248.31 13.77 0.55166 36.70 64310
127.08 38.80 0.57261 30.96 5584
199.85 4.49 0.55693 21.49 40607
159.05 0.13 0.51576 21.73 73642
206.30 -0.83 0.56618 37.30 42541
191.02 1.07 0.55137 29.20 76345
217.48 1.84 0.50526 36.42 47630
127.31 32.53 0.55698 31.44 5978
222.47 3.13 0.57022 22.34 49752
237.02 29.83 0.53131 29.47 59056
234.23 27.32 0.55137 41.88 56908
211.28 5.26 0.54110 27.47 44873
209.58 5.89 0.51841 41.11 79241
118.68 31.61 0.52234 24.70 2966
161.71 -0.49 0.57425 23.49 23200
222.16 1.47 0.54437 25.95 49758
206.06 1.51 0.55996 53.26 78530
222.72 -0.62 0.53761 24.89 50184
236.32 26.14 0.58906 23.69 58577
150.10 9.51 0.56514 32.77 71761
192.76 38.78 0.52085 37.89 36946
201.48 36.34 0.52950 26.84 40720
233.27 23.53 0.52869 32.20 57034
236.17 13.47 0.57611 31.98 58166
181.67 0.35 0.56539 42.78 75489
181.44 34.42 0.53392 20.76 32464
119.81 13.59 0.52446 20.20 3369
176.61 -0.62 0.54518 24.53 75090
142.16 5.96 0.53650 38.31 70142
168.91 -1.15 0.55939 20.59 74596
143.68 2.12 0.56794 46.83 70550
247.92 19.92 0.50513 21.22 64228
247.40 22.54 0.53252 36.67 63943
217.28 -3.70 0.58407 22.43 80653
127.45 19.84 0.50911 32.43 6205
237.90 24.78 0.54284 35.24 59307
184.90 1.59 0.58357 24.95 75918
146.65 4.56 0.56454 28.48 71160
164.36 39.75 0.50875 54.42 24211
211.21 1.66 0.54290 36.76 79473
151.52 -0.62 0.57987 25.81 17309
202.14 -0.50 0.50859 45.62 77635
255.19 33.64 0.56849 32.21 66405
250.88 27.58 0.52952 26.61 64967
175.65 -0.99 0.55981 26.83 30304
241.37 15.49 0.53212 27.75 61527
161.70 41.86 0.51496 31.11 22932
123.65 37.18 0.51290 28.20 4431
206.27 7.41 0.56600 27.21 78436
221.19 -0.48 0.54955 39.47 49569
260.28 31.85 0.54156 21.69 67407
213.86 -0.55 0.52729 35.98 46006
117.65 29.97 0.51465 36.51 2134
244.57 26.99 0.51433 20.11 62961
179.39 38.55 0.55084 32.26 31815
