# RA, dec, redshift, radius (Mpc/h), void ID
173.40 -1.16 0.44680 20.48 10641
207.63 2.39 0.44921 76.93 28197
163.83 -0.78 0.45341 26.77 8812
175.32 -0.65 0.46502 25.91 10941
233.83 24.42 0.44200 55.32 20180
147.16 1.98 0.44124 28.24 5609
153.65 16.44 0.46990 21.03 25843
205.95 13.50 0.44036 25.99 27986
240.49 5.25 0.49143 22.42 21408
221.07 0.77 0.44482 39.58 17666
207.53 35.16 0.44594 44.10 15815
193.61 -0.36 0.44679 22.75 13476
153.12 14.15 0.47923 21.53 25732
162.41 39.42 0.44913 49.65 8411
206.11 8.29 0.44851 49.83 28035
140.32 5.41 0.45049 28.12 24743
247.74 14.60 0.46341 47.65 22545
206.55 13.13 0.46628 38.40 28024
216.85 -2.22 0.48898 21.39 28912
244.41 17.88 0.45245 75.47 22346
154.96 0.74 0.45842 36.12 26023
203.40 1.50 0.45305 54.54 14939
176.32 35.61 0.44910 44.10 10990
145.38 -0.08 0.45392 30.16 4940
153.54 16.16 0.45066 27.74 25878
152.70 -0.75 0.45877 22.15 6663
233.73 4.52 0.47566 30.81 20070
224.06 0.20 0.44870 35.04 18021
182.41 -0.03 0.44254 21.53 26898
231.39 27.64 0.46629 48.15 19634
164.70 -1.29 0.47486 20.38 9057
155.91 -1.25 0.48026 20.80 7360
118.35 25.80 0.44697 59.41 807
230.35 21.11 0.45592 55.07 19482
183.98 1.37 0.44061 38.17 26993
195.03 39.03 0.46222 37.53 13918
121.88 38.02 0.47752 37.75 1506
242.02 30.04 0.44791 47.12 21681
118.23 15.45 0.44839 23.93 1021
125.71 18.44 0.46528 56.54 1876
211.85 5.23 0.47228 28.67 16282
138.55 0.73 0.44519 40.14 4231
187.70 1.77 0.46242 63.48 27132
223.63 30.54 0.45974 30.16 18071
164.39 1.36 0.44766 41.18 26378
206.68 0.24 0.44200 34.24 15604
214.29 5.20 0.44774 21.45 16728
147.14 0.29 0.44253 23.25 5415
210.25 0.56 0.44462 43.04 16085
199.15 3.59 0.43635 23.23 14589
181.34 1.50 0.44344 37.57 11961
189.24 1.22 0.45610 51.77 13060
244.48 29.91 0.43545 24.11 22090
177.91 -0.40 0.45222 31.57 11467
213.07 33.72 0.44377 25.92 16393
177.02 1.23 0.44614 40.83 26722
241.48 25.54 0.45568 50.00 21827
177.30 0.58 0.47653 33.14 11274
196.47 4.25 0.46742 23.98 14161
196.63 3.27 0.44023 20.83 27433
247.08 21.68 0.47246 33.99 22480
235.88 28.31 0.49004 22.45 20578
144.79 -0.25 0.47291 29.07 5142
168.72 36.73 0.47410 44.56 9750
146.66 -0.08 0.44935 20.79 25210
125.21 30.32 0.44280 38.18 1795
125.15 13.62 0.45410 44.19 1730
183.29 2.91 0.45815 48.38 12038
215.88 0.47 0.45508 61.62 28909
209.49 5.67 0.47587 39.07 28359
124.59 15.58 0.44094 44.06 1803
240.96 5.73 0.47337 23.53 21592
238.99 30.51 0.46902 52.93 21151
251.08 26.43 0.47618 29.70 22913
192.60 37.20 0.44856 31.09 13402
155.55 42.72 0.46681 24.98 7322
145.89 37.73 0.48007 22.20 5313
153.82 38.70 0.46878 46.38 6941
154.73 41.70 0.44603 35.32 7293
127.31 14.28 0.44707 25.32 2246
141.73 -0.09 0.47326 28.21 4668
233.48 17.59 0.48038 31.58 20115
172.93 0.08 0.45290 46.50 26650
147.12 1.73 0.46356 34.16 5596
203.19 36.18 0.46208 46.08 15081
246.53 29.49 0.46845 33.60 22431
134.98 2.22 0.46443 33.42 3859
127.47 32.62 0.45318 21.84 2395
233.00 1.96 0.45296 23.69 19906
181.71 36.29 0.44890 38.41 11873
170.49 0.92 0.43842 31.87 26576
179.56 35.94 0.46022 43.37 11664
204.75 9.56 0.46371 29.31 27990
153.80 -1.12 0.48065 28.87 6961
188.89 38.07 0.44873 46.35 13056
152.89 1.21 0.44336 31.54 25672
217.52 0.17 0.44612 35.94 17134
123.14 37.70 0.45580 42.87 1623
153.19 13.75 0.46371 22.58 25751
151.28 43.40 0.44559 21.23 6277
212.59 3.19 0.44269 38.39 28594
206.43 3.21 0.46175 61.10 15595
201.85 37.75 0.44130 29.24 14828
224.04 4.33 0.47211 36.64 18095
146.52 8.01 0.44102 21.68 25200
120.04 36.42 0.46029 38.81 1259
152.63 5.19 0.47847 21.77 6671
200.61 1.77 0.44709 56.32 27633
178.70 2.46 0.45764 35.79 26833
256.08 25.80 0.45400 46.84 23563
192.37 -0.22 0.46214 25.56 13478
123.64 13.71 0.47041 28.77 1651
216.66 32.96 0.46319 41.29 17057
230.84 1.16 0.46165 36.23 19381
160.72 -0.71 0.47067 39.10 8068
216.92 -0.24 0.47959 34.79 17115
204.59 4.97 0.46096 37.91 27798
234.67 27.46 0.48263 27.89 20391
117.89 24.25 0.46763 49.54 786
199.39 2.93 0.47089 50.82 14745
151.44 -0.68 0.48370 22.42 6447
255.43 24.61 0.47446 42.21 23422
200.98 0.13 0.45461 48.33 14907
133.59 1.82 0.45042 35.27 3970
211.12 -0.23 0.45720 23.22 16262
178.58 2.14 0.45040 26.42 11490
165.88 38.95 0.44319 25.68 9323
117.85 30.35 0.45399 24.92 1015
205.65 11.87 0.46203 26.79 27980
149.60 -0.73 0.46223 37.16 5666
235.42 13.94 0.48553 26.06 20459
142.87 2.59 0.44827 52.09 25069
186.60 0.17 0.47354 34.93 12555
126.57 32.70 0.47966 32.67 2095
122.87 31.55 0.43916 26.60 1581
249.81 16.67 0.47285 25.84 22800
198.76 35.84 0.47474 29.46 14505
178.47 33.69 0.48397 21.52 11491
257.95 27.78 0.45305 39.46 23730
146.43 7.54 0.45614 26.89 25171
174.24 2.64 0.48322 21.78 26694
241.69 33.10 0.45771 23.43 21586
214.49 1.43 0.47684 31.50 16820
125.07 33.05 0.43703 20.06 1900
239.42 15.50 0.48511 22.42 21058
125.64 12.86 0.47916 31.40 1841
161.17 0.67 0.47372 42.07 26246
162.38 41.60 0.44699 23.04 8583
122.21 30.44 0.46538 63.13 1587
116.30 27.21 0.48316 27.38 599
118.05 28.88 0.47197 38.99 1136
238.15 24.18 0.43716 23.22 20802
198.36 -0.34 0.48182 30.87 27479
123.69 33.79 0.46596 35.24 1570
206.95 11.73 0.44739 25.20 28081
193.90 35.95 0.45592 21.67 13766
245.72 19.80 0.47527 33.33 22303
189.67 1.91 0.47024 35.77 13077
203.92 1.02 0.46878 60.34 27735
253.49 21.85 0.45980 40.49 23211
180.48 38.51 0.47497 23.63 11728
179.25 38.37 0.44597 29.66 11696
120.76 22.88 0.47764 30.74 1276
176.06 39.31 0.46510 27.94 11291
187.20 -0.39 0.45128 25.05 12676
255.96 23.12 0.44473 21.76 23511
212.25 35.68 0.46225 38.81 16414
164.74 42.00 0.46490 32.38 8651
212.81 4.32 0.46450 35.79 28559
185.63 36.63 0.46945 35.20 12500
138.76 2.16 0.46576 33.99 4473
161.71 1.72 0.45593 29.61 26243
221.49 3.52 0.45271 32.69 17756
243.80 27.72 0.47677 38.27 21902
207.47 13.88 0.48255 20.98 28101
242.42 17.83 0.47727 20.96 21729
132.93 1.94 0.47575 23.93 3836
122.95 17.81 0.44424 39.24 1649
245.57 28.05 0.44010 24.13 22281
198.97 38.70 0.46427 20.99 14630
121.52 15.24 0.47294 40.04 1469
220.52 4.17 0.47061 48.56 17456
164.10 36.99 0.47079 32.01 8887
141.01 4.71 0.47628 23.00 24778
221.85 0.46 0.44847 35.17 29291
177.66 33.49 0.47001 21.43 11301
166.52 36.75 0.45923 30.69 9502
174.39 0.93 0.48127 24.95 26699
214.04 0.33 0.45562 37.25 16883
118.45 35.45 0.46029 20.39 1119
148.21 3.29 0.48323 31.37 5667
134.89 1.80 0.48187 29.46 3966
165.97 39.46 0.47645 30.53 9221
202.06 39.24 0.45612 20.75 14884
199.95 -1.18 0.46202 30.46 27529
171.70 36.53 0.47568 21.24 10226
210.47 36.29 0.44545 21.91 16068
122.97 29.33 0.44663 30.18 1553
119.78 17.21 0.44152 23.58 1256
256.05 29.66 0.47527 24.91 23567
192.44 0.34 0.48084 30.31 27270
256.56 28.75 0.48189 24.93 23536
195.16 0.25 0.46609 21.22 13952
209.71 4.08 0.45753 41.93 15972
252.36 22.40 0.44422 38.69 23187
212.57 33.65 0.46479 23.81 16404
120.14 13.75 0.47627 21.17 1316
231.59 21.72 0.47746 24.16 19757
137.87 0.59 0.46108 32.65 4223
201.05 36.14 0.44142 27.11 14781
197.30 37.05 0.47821 31.41 14468
121.97 35.11 0.45871 20.75 1484
209.60 2.20 0.47311 42.20 15997
177.64 37.73 0.46142 30.13 11375
241.68 29.28 0.47743 27.80 21627
224.00 3.19 0.44394 39.06 18038
212.66 -0.78 0.47500 30.07 16591
247.92 18.40 0.46606 21.70 22670
163.48 1.36 0.46201 33.79 26344
200.76 38.23 0.47545 37.07 14879
167.01 1.92 0.48956 22.31 26428
250.51 22.99 0.47536 21.36 22922
173.52 37.17 0.46283 42.22 10832
163.27 39.63 0.47139 29.21 8605
235.15 14.13 0.46719 20.99 20366
206.45 5.19 0.48086 30.88 28016
197.15 0.52 0.44989 32.66 14416
118.84 35.76 0.47795 23.34 1100
208.70 34.10 0.46677 29.88 15807
169.14 0.91 0.46291 51.68 26578
217.32 1.57 0.47453 32.66 17113
159.36 -0.08 0.45056 31.82 26225
171.70 0.92 0.47360 41.47 26612
201.67 -1.16 0.47784 21.74 27656
182.34 36.26 0.46884 25.75 11963
251.08 24.44 0.45424 49.82 22867
