# RA, dec, redshift, radius (Mpc/h), void ID
228.80 33.96 0.61949 23.52 61245
157.20 5.63 0.66285 38.98 23858
147.91 37.07 0.60487 22.99 16517
145.22 37.57 0.65269 26.60 15029
147.04 0.50 0.66181 61.46 16412
254.19 34.12 0.62007 23.29 74780
148.94 8.85 0.68366 25.38 80969
217.30 -6.19 0.64052 21.92 91119
145.59 37.12 0.61881 30.34 15583
165.56 -0.29 0.67922 38.22 84065
152.99 5.12 0.63774 51.96 20015
250.85 20.06 0.66630 67.17 73661
160.15 0.38 0.66416 58.26 83493
157.35 -0.44 0.62648 29.16 23357
239.71 5.58 0.64534 41.23 68400
133.51 2.02 0.64251 49.86 11054
257.71 27.86 0.63545 68.22 76029
229.35 20.14 0.66076 43.97 61308
166.78 1.95 0.60208 55.85 84084
225.88 30.36 0.60702 40.73 58893
145.99 7.35 0.61685 62.57 80525
153.95 -0.83 0.60204 24.38 21373
205.80 9.79 0.66848 49.12 88737
181.15 2.06 0.61365 57.28 85377
225.61 2.98 0.61482 66.60 58405
207.35 36.88 0.60667 57.18 49725
247.84 15.05 0.61063 78.57 72913
142.10 6.75 0.60125 44.03 79511
165.77 37.82 0.60810 61.35 28890
150.71 4.75 0.60849 35.16 19414
156.47 5.03 0.61761 37.23 23556
238.27 4.29 0.64215 21.80 67800
143.38 -0.73 0.64052 24.25 14084
177.33 34.52 0.61485 48.69 34615
160.62 42.00 0.63910 52.11 25530
250.90 17.09 0.69060 25.75 73643
182.29 -0.07 0.64926 55.00 85407
147.79 8.34 0.67273 29.64 80779
167.22 38.03 0.63295 34.34 29242
234.62 3.84 0.63278 57.38 65355
222.20 2.21 0.62456 43.73 92536
153.31 15.07 0.61437 39.91 82263
231.22 25.13 0.61657 69.13 63503
165.41 37.67 0.66384 68.73 28543
223.86 4.53 0.66597 36.35 57658
208.16 7.42 0.64718 34.54 89174
149.92 9.05 0.64355 39.42 81168
187.83 -0.35 0.63377 37.63 86083
156.52 -0.96 0.66075 34.23 22777
187.01 2.32 0.62504 52.92 85832
235.46 28.63 0.66950 41.26 65950
227.64 4.83 0.60639 36.57 60268
157.34 -0.15 0.62401 22.60 83240
206.58 13.39 0.65106 41.64 88670
230.02 28.24 0.65629 50.01 62303
221.80 4.84 0.66079 34.27 56701
212.34 34.52 0.64038 63.34 51252
184.65 -0.44 0.60629 65.22 85661
121.36 29.54 0.66776 48.84 4161
191.60 3.80 0.62757 23.78 41532
203.00 36.54 0.62709 44.01 47046
242.44 15.78 0.61650 47.14 70491
214.40 5.45 0.61847 35.99 52289
229.08 19.35 0.61914 29.15 60407
185.50 3.48 0.62402 58.81 37893
156.34 -1.03 0.60563 23.43 22435
132.08 1.53 0.67883 21.24 10729
204.23 -1.09 0.61356 39.89 47288
153.04 38.08 0.64062 47.32 21354
151.94 42.17 0.67779 27.03 19567
185.87 0.29 0.60408 32.05 38434
160.93 -0.62 0.60078 29.11 83687
145.88 0.14 0.60575 39.33 15460
120.49 13.85 0.61260 34.10 3717
225.76 30.26 0.65077 50.50 59134
175.55 1.42 0.64531 56.45 84808
196.69 1.90 0.65278 30.36 44359
174.16 -0.93 0.65524 21.77 33383
221.86 4.87 0.61835 29.67 56428
232.96 18.45 0.62117 28.18 64593
228.78 1.65 0.66210 53.89 61556
149.20 8.67 0.60703 35.45 81324
149.58 -0.67 0.60815 25.53 17852
209.69 34.46 0.60955 40.29 50238
176.67 -0.10 0.61794 31.30 84939
188.54 0.93 0.63410 62.85 39784
210.65 0.35 0.61438 39.58 89637
117.59 15.95 0.62736 32.60 2463
230.31 20.42 0.62663 52.17 62799
232.64 1.33 0.65360 40.91 64203
241.30 32.79 0.60705 40.75 69978
224.09 0.28 0.60951 49.50 57935
191.47 2.84 0.66334 68.33 86243
140.89 0.36 0.61821 37.38 13037
177.17 2.23 0.67537 32.24 84929
161.31 -0.87 0.61466 49.00 26087
217.64 -1.74 0.64170 61.13 91140
203.83 -1.10 0.64397 35.93 88064
146.37 -0.55 0.61221 44.94 15644
162.18 40.64 0.61693 49.56 26152
246.42 31.59 0.60530 30.74 72587
239.66 24.03 0.65090 41.57 69234
183.61 35.51 0.64335 41.14 37831
122.74 14.17 0.61833 32.99 4603
196.04 0.62 0.65969 69.12 86797
191.55 0.77 0.65263 67.04 86291
245.68 17.71 0.61805 48.31 72081
221.18 30.98 0.66613 34.60 55801
149.65 -0.91 0.63728 40.70 17601
234.23 2.26 0.65864 43.22 65647
123.21 14.27 0.64743 48.89 4545
147.09 2.66 0.60198 66.05 17232
215.78 4.64 0.64505 45.19 53373
221.35 0.40 0.66840 37.22 92309
148.37 8.23 0.64020 23.24 80893
214.51 -1.18 0.63856 26.09 52975
118.09 25.76 0.60509 67.43 3114
211.55 5.06 0.61752 35.02 51001
223.01 30.92 0.63687 49.69 57552
228.61 5.02 0.64063 20.16 60506
218.98 -0.93 0.68379 28.96 91501
240.66 5.73 0.60671 28.98 69575
127.14 40.46 0.68686 23.79 6247
231.98 1.15 0.68769 29.10 63144
194.05 0.68 0.63380 38.15 86491
139.33 0.49 0.60016 41.23 12854
223.04 3.03 0.66522 22.97 92640
182.28 37.02 0.60615 39.84 36952
160.35 -0.54 0.63861 39.61 83509
241.56 25.70 0.67764 31.69 69950
201.86 38.61 0.64796 52.03 47089
205.79 6.75 0.62736 48.11 88518
234.87 14.68 0.66542 36.06 65492
236.59 29.54 0.66728 31.87 66466
242.55 18.26 0.64185 67.48 71301
234.67 19.16 0.63671 75.00 65302
225.04 5.46 0.62412 28.76 58349
162.61 0.50 0.64114 39.37 83802
237.80 30.67 0.62987 46.48 67575
194.47 39.65 0.64008 38.50 43597
165.30 41.77 0.66391 24.29 28316
194.72 2.63 0.64470 50.39 86552
233.79 22.44 0.60026 55.83 65288
180.07 3.12 0.63523 27.86 85254
188.80 0.39 0.67619 38.45 86170
194.38 36.16 0.61406 31.38 43362
215.90 -0.99 0.60972 28.42 54018
132.82 2.62 0.60224 39.16 11360
196.44 1.19 0.62517 32.29 44110
223.48 4.46 0.63537 47.00 57491
139.59 0.96 0.63663 52.19 12943
139.49 6.19 0.61284 39.92 79029
205.88 10.44 0.65095 53.80 88767
210.18 4.32 0.63857 40.28 50473
204.23 4.48 0.63745 55.40 88026
161.40 37.93 0.62395 54.60 25836
164.22 3.01 0.61500 21.16 83970
202.80 36.33 0.60108 28.88 46694
217.66 0.02 0.64241 61.98 54446
207.06 1.94 0.65038 71.27 89023
194.22 40.12 0.60297 35.15 42849
176.74 2.50 0.60558 41.72 84909
221.89 -0.03 0.63687 41.44 92337
258.49 30.92 0.63994 29.28 76052
143.38 7.78 0.63285 29.73 79981
189.00 1.02 0.61009 31.17 86173
209.09 -0.87 0.63196 41.15 50274
126.61 41.45 0.65704 23.67 5784
257.15 32.72 0.62113 52.37 75711
255.59 33.03 0.64073 25.41 75339
215.66 33.03 0.66364 41.59 53672
117.61 20.03 0.64300 70.04 2272
125.56 18.52 0.66114 51.95 5318
246.16 30.92 0.64395 32.76 72164
186.98 3.80 0.65368 40.73 39163
209.26 4.19 0.65961 58.85 49968
119.45 30.72 0.62723 64.34 3733
152.81 -0.84 0.65756 43.89 20029
153.73 0.93 0.61263 61.76 82487
232.05 1.33 0.62559 40.21 64025
250.76 17.43 0.62542 28.29 73699
239.74 30.60 0.60887 30.43 68447
164.18 0.62 0.61374 56.16 83969
121.82 20.13 0.61617 47.29 4424
234.75 14.31 0.60707 33.99 65657
210.10 3.36 0.61815 24.18 50530
237.51 4.56 0.66407 27.31 67327
173.58 34.95 0.67453 26.83 33187
246.07 29.29 0.62951 45.99 72032
123.18 36.59 0.60785 49.17 4512
211.07 0.21 0.62270 49.86 51058
143.94 4.91 0.60679 49.36 80155
254.29 21.76 0.67663 44.33 74689
169.97 36.13 0.63883 43.98 31246
146.50 5.35 0.64116 50.85 80523
236.50 15.34 0.63400 56.55 66986
178.53 2.63 0.64469 44.70 85086
119.04 36.24 0.62552 47.45 3353
137.36 0.35 0.61612 37.18 12368
194.73 4.51 0.63685 41.56 43689
195.46 3.21 0.60603 23.55 86667
127.35 39.80 0.64991 28.58 6643
213.39 34.08 0.60821 35.92 52389
122.30 37.52 0.65055 51.67 4337
207.17 -0.34 0.62135 62.62 89119
209.92 4.96 0.61087 34.21 89559
237.15 21.86 0.62636 36.74 67273
193.90 2.78 0.60390 32.67 86478
211.40 33.41 0.60574 25.39 51353
215.61 3.88 0.60226 39.34 53775
241.75 26.45 0.60399 43.77 70214
146.03 2.58 0.64966 22.25 15661
173.06 37.74 0.65987 25.93 32441
150.84 38.35 0.62017 23.18 18836
124.25 30.23 0.61620 67.99 4753
199.82 37.72 0.66460 50.76 45628
174.96 -0.57 0.60215 27.29 33500
193.03 3.71 0.62237 25.47 86437
126.50 19.71 0.62344 47.92 5883
255.90 23.60 0.66349 41.07 75442
213.52 0.25 0.60630 56.65 51960
207.16 7.92 0.62755 35.90 88793
196.42 4.26 0.66598 38.00 44396
206.91 5.14 0.62431 35.23 48928
125.91 15.49 0.65511 55.90 6003
155.16 37.33 0.62106 30.85 22146
202.36 38.87 0.60640 21.04 46855
181.94 2.24 0.62636 41.19 36419
167.92 36.75 0.65298 27.97 30019
232.37 27.52 0.61780 40.69 64604
191.29 1.99 0.61672 34.54 41248
127.47 19.87 0.67220 36.57 6556
212.17 5.28 0.66785 27.47 51417
217.39 -0.91 0.60063 26.11 54495
140.89 1.83 0.60099 62.89 79297
253.93 20.22 0.64068 34.83 75156
238.90 15.05 0.61116 41.22 68174
236.15 19.25 0.61493 41.20 66495
151.91 -1.05 0.62606 28.09 19369
186.80 36.21 0.64686 23.69 38763
167.70 0.46 0.63965 48.10 84248
152.08 2.66 0.62244 35.96 81702
156.21 -0.02 0.63877 27.52 83001
205.33 6.08 0.65897 47.31 88473
163.44 -0.61 0.64298 30.73 27452
164.82 41.22 0.67588 32.23 27983
173.90 36.14 0.65019 33.56 32946
238.39 18.71 0.64183 34.12 68029
231.86 19.09 0.64101 26.58 63659
191.98 39.47 0.66471 39.31 41274
256.36 30.39 0.63861 29.11 75550
182.22 4.34 0.61507 24.35 37006
214.54 3.80 0.62594 30.31 90264
180.08 35.41 0.66294 59.46 36129
