# RA, dec, redshift, radius (Mpc/h), void ID
226.38 35.37 0.07215 8.90 43078
218.88 0.44 0.08906 13.34 2408
215.59 0.40 0.05632 7.79 2764
158.46 62.06 0.08334 8.12 5716
173.03 13.86 0.05903 20.06 42227
125.58 44.18 0.05790 7.90 17601
127.79 44.74 0.05374 6.80 19025
154.57 31.18 0.06508 38.03 54692
228.80 49.84 0.06011 5.74 38413
215.90 0.67 0.05406 4.98 428
158.34 22.55 0.07374 25.15 61125
124.61 27.74 0.06313 18.65 40360
190.85 28.51 0.07608 24.95 60415
246.93 26.60 0.05499 12.53 47181
196.53 1.41 0.06908 5.35 10538
134.63 3.53 0.07512 9.72 19689
122.87 19.62 0.07597 21.71 56640
202.60 28.99 0.06772 20.07 57747
255.94 33.87 0.10192 4.74 24307
232.40 19.69 0.08083 20.31 58037
195.99 0.20 0.07827 14.00 10284
224.80 35.65 0.07705 9.22 43061
221.92 17.58 0.07858 24.61 61134
205.65 14.22 0.08620 16.97 61762
185.44 63.56 0.07709 9.49 37736
214.41 11.46 0.06148 17.03 47061
230.89 33.41 0.06728 7.79 46207
162.43 58.68 0.07774 10.13 23409
117.09 39.54 0.07501 8.33 7165
218.37 19.19 0.06548 19.38 60871
139.92 53.74 0.08446 13.89 18802
202.84 -0.35 0.09091 14.05 8228
224.91 51.34 0.09139 13.58 41144
131.89 56.08 0.08358 14.45 39648
166.61 57.03 0.06975 10.21 36954
225.72 51.38 0.07263 12.81 38411
207.19 1.97 0.06814 5.66 9212
176.10 -1.17 0.09582 5.19 5313
141.34 54.44 0.06913 11.32 6565
137.75 31.30 0.08205 20.20 40853
135.76 4.76 0.05470 10.88 20504
169.34 11.90 0.06542 17.64 42226
213.62 -0.01 0.08682 6.58 1705
242.77 40.49 0.06813 15.01 38640
225.39 8.06 0.07923 10.32 44638
173.48 -1.36 0.07623 5.02 5197
157.30 60.27 0.07389 5.52 24898
222.63 0.27 0.08170 8.22 2085
239.85 15.17 0.08653 17.90 58689
143.94 5.78 0.06962 16.10 36718
227.92 34.77 0.05911 7.89 43099
119.31 41.38 0.06377 8.82 17595
150.96 51.66 0.06316 10.46 34940
172.81 5.92 0.09428 5.09 20548
137.72 25.05 0.07344 6.54 59853
182.36 53.69 0.07927 16.02 34011
197.69 46.34 0.05970 7.42 40731
146.44 7.68 0.05480 13.59 39222
168.85 7.76 0.07932 12.73 37502
129.28 52.47 0.05756 6.03 7454
146.89 29.59 0.08566 15.25 56680
251.38 25.07 0.05244 8.13 46654
200.72 51.94 0.07391 22.48 37889
199.89 -1.87 0.08609 6.77 27174
144.43 5.84 0.08094 14.12 36590
201.48 0.24 0.07059 8.71 648
195.70 36.56 0.06009 23.57 55518
207.30 42.48 0.05500 8.45 41823
219.08 12.88 0.05126 7.11 47085
186.37 42.59 0.08715 11.27 42558
183.32 7.27 0.06999 16.78 20477
160.44 14.59 0.07513 22.34 62270
128.10 14.45 0.09340 4.85 61224
212.06 20.80 0.08208 14.08 60826
232.29 46.44 0.07452 7.66 40873
148.63 4.54 0.09225 5.20 19771
230.37 33.17 0.07730 8.56 46615
236.79 32.20 0.06167 13.54 41794
244.33 22.09 0.09067 13.10 48108
192.75 61.57 0.07402 13.28 37124
167.72 7.73 0.08589 7.56 37428
176.05 6.39 0.07687 8.14 42737
231.73 31.99 0.08455 10.05 46149
202.82 18.53 0.06679 21.14 54606
184.18 9.00 0.05416 14.74 37264
184.11 50.71 0.06710 12.25 36556
122.45 44.19 0.06089 9.12 6752
186.78 13.10 0.07714 23.77 37545
130.80 31.52 0.05861 17.95 39572
116.66 41.72 0.08233 12.54 8143
178.85 -0.95 0.08024 7.73 4481
136.97 31.15 0.07040 18.14 40844
205.24 0.79 0.08371 13.78 653
168.02 7.82 0.07312 7.13 37501
135.69 7.79 0.06679 12.24 39771
200.65 0.97 0.07757 8.23 9204
241.44 34.80 0.05044 9.48 45467
131.58 17.71 0.08181 10.05 59914
241.11 44.70 0.07624 20.53 38535
128.08 38.91 0.05877 4.82 32203
245.50 13.90 0.09190 6.12 58030
127.35 25.84 0.05486 8.06 40287
152.33 9.81 0.07510 12.53 39891
186.65 3.21 0.07486 12.38 21574
158.31 8.01 0.06547 9.93 37489
145.91 61.85 0.07527 6.21 8498
132.55 44.41 0.09139 7.18 35095
211.49 0.65 0.07487 13.15 10307
211.95 30.88 0.06644 4.82 56696
120.88 30.63 0.05654 8.02 33285
197.60 61.11 0.06717 12.73 24993
173.40 22.27 0.05691 16.61 60571
167.43 57.86 0.05916 7.60 37026
142.92 34.09 0.05666 17.08 40855
169.96 21.79 0.07577 18.56 60821
237.37 15.43 0.07523 10.03 58784
119.41 34.07 0.08122 5.88 33456
182.14 51.86 0.05667 12.34 35970
250.86 23.66 0.06039 8.15 46464
224.70 1.02 0.08478 5.74 885
149.51 51.43 0.05679 7.43 20792
131.38 28.15 0.07562 10.18 54449
191.72 23.19 0.06844 20.02 61209
174.60 27.51 0.08159 19.18 61267
228.51 47.72 0.07718 6.36 38190
124.72 33.46 0.07850 18.47 32197
150.24 61.95 0.09545 5.71 7365
120.87 46.55 0.05627 7.99 50438
148.67 17.74 0.05699 20.73 60522
182.30 1.61 0.08464 6.37 9188
122.09 48.86 0.07523 10.24 50374
249.72 27.58 0.08561 13.72 45471
139.06 56.49 0.07647 14.30 8360
126.56 15.79 0.08026 9.79 60374
179.41 57.99 0.06076 10.23 37766
253.31 23.46 0.09334 10.25 41627
213.51 39.83 0.07720 12.09 41725
198.23 8.19 0.09116 10.68 42821
161.58 6.63 0.07332 9.47 37531
155.05 11.97 0.07088 15.52 54459
163.09 7.07 0.06802 8.99 37422
229.01 8.25 0.09078 15.48 43121
201.06 35.93 0.07747 16.40 55125
225.68 1.61 0.08011 6.42 25622
218.68 10.26 0.05349 4.89 43239
214.39 53.41 0.07218 14.32 41102
224.67 24.92 0.07699 17.79 57879
134.33 19.72 0.08130 8.57 59943
241.58 39.31 0.06044 10.28 38327
227.64 23.03 0.06740 11.69 57718
203.88 -0.26 0.07620 4.98 266
244.98 28.92 0.06907 20.62 47002
205.48 21.02 0.07989 23.88 60813
156.86 8.05 0.08124 16.18 39234
177.95 27.45 0.06557 25.29 60293
179.78 27.39 0.07801 15.67 60334
139.64 6.36 0.05848 10.84 39169
217.97 41.40 0.07178 5.39 42124
232.66 9.20 0.08196 19.72 47229
149.33 51.21 0.08227 11.48 34811
206.24 15.34 0.06953 12.14 47122
150.30 11.08 0.06889 20.81 37687
156.98 49.14 0.07400 22.20 35555
151.60 53.08 0.07334 10.60 34746
139.64 4.57 0.08025 15.34 20375
140.50 2.61 0.05526 6.24 19584
222.80 36.14 0.07268 4.80 46191
205.05 45.03 0.07676 9.01 41338
218.31 25.84 0.06979 15.54 57749
219.59 49.30 0.07008 6.49 38014
199.87 49.61 0.06543 15.23 45387
239.06 38.77 0.08075 5.55 45742
198.67 0.81 0.07322 5.12 1122
135.92 17.92 0.07546 11.19 60562
226.61 9.47 0.06734 13.21 44207
191.81 29.67 0.08971 14.56 60041
119.00 32.33 0.07721 7.00 33409
136.90 3.77 0.05818 5.42 20248
243.64 13.83 0.07546 8.02 58740
202.83 49.21 0.05540 16.33 45697
120.72 51.00 0.08734 8.58 50441
131.55 16.78 0.07760 7.33 60438
199.78 0.48 0.08459 8.87 1123
178.97 17.14 0.06433 16.06 40245
164.65 30.35 0.07634 11.03 60198
125.46 21.88 0.09613 5.91 55293
210.96 40.85 0.08905 10.81 43066
161.48 35.85 0.07822 20.96 54695
197.62 1.69 0.09631 5.02 9257
154.90 42.86 0.09046 13.38 39341
150.69 8.11 0.08289 13.18 37452
235.95 30.63 0.08891 12.45 46578
175.54 18.37 0.07813 17.30 61544
186.12 41.73 0.07048 12.26 42544
216.94 49.89 0.06777 5.26 45879
220.39 22.45 0.05414 17.60 58054
227.90 33.61 0.08140 9.50 46011
134.62 7.29 0.08122 17.43 39173
131.53 16.31 0.06138 5.14 60234
238.04 34.85 0.05653 4.87 47000
230.60 24.76 0.08871 7.63 57668
170.80 55.41 0.07911 11.43 32843
207.15 53.93 0.08089 20.00 40922
169.10 21.68 0.06623 15.21 61255
218.51 36.61 0.08239 6.48 46128
224.94 23.81 0.06702 8.26 58206
194.13 10.55 0.07365 19.57 41676
251.62 25.07 0.06392 7.98 41552
239.53 31.28 0.05213 9.21 47420
245.95 33.26 0.05685 14.36 38033
213.00 39.27 0.06671 6.35 46261
231.24 32.35 0.09134 8.39 46273
232.96 14.91 0.06957 23.71 61658
194.41 13.36 0.08239 13.06 41693
130.46 17.64 0.08786 6.33 59880
211.87 21.78 0.05334 10.24 58724
171.74 36.77 0.06864 22.32 54694
135.56 8.83 0.09365 8.93 39875
215.10 19.43 0.05822 10.52 61041
199.38 15.63 0.08199 10.35 62292
236.28 52.12 0.07024 6.51 6850
227.61 5.43 0.09521 5.22 28475
224.76 6.73 0.08451 10.12 44205
196.60 44.17 0.08318 10.99 41821
220.76 0.52 0.07753 7.01 431
156.17 10.66 0.05726 16.15 54473
216.57 54.82 0.07909 10.03 38215
157.98 9.10 0.05038 5.60 37558
131.91 27.61 0.08329 9.46 40288
229.76 35.60 0.06442 6.42 41739
161.33 18.68 0.06289 16.82 60866
212.74 49.62 0.07017 6.92 45698
142.82 52.35 0.07643 4.90 21094
223.61 26.79 0.08302 6.20 57160
206.23 -0.99 0.08899 4.91 26519
229.63 24.71 0.08107 4.98 57138
237.76 6.02 0.06907 6.29 45383
124.28 52.41 0.06910 9.51 51213
191.52 15.44 0.07889 11.70 47058
236.03 43.67 0.06668 10.72 38360
224.75 5.37 0.09110 4.78 45251
164.79 40.62 0.08589 17.49 40415
179.44 11.25 0.07351 16.14 42264
225.61 0.51 0.08923 7.51 25689
220.23 23.91 0.08520 11.62 58205
200.58 9.65 0.07024 5.98 44612
179.53 54.24 0.08771 16.28 37894
161.39 13.31 0.08785 9.57 40143
153.61 42.41 0.06452 9.86 39363
235.71 31.52 0.07667 15.42 46274
130.15 32.55 0.08015 14.41 39317
174.06 20.85 0.08714 12.98 60930
192.56 42.51 0.05134 12.44 42551
168.57 26.75 0.07451 14.21 60294
229.82 6.85 0.08589 8.37 44779
138.75 18.65 0.05393 5.77 60238
167.29 7.39 0.05059 8.99 37476
135.38 18.88 0.07965 7.57 60400
202.34 37.64 0.05147 9.40 55139
193.49 -1.92 0.08582 4.81 4428
161.53 14.08 0.05444 6.78 54494
246.99 35.06 0.06927 18.92 38295
171.06 50.84 0.06488 21.29 34680
157.05 36.10 0.08395 17.09 55438
218.84 -0.10 0.07346 4.74 877
230.60 17.26 0.09497 10.53 60842
243.31 12.31 0.09529 10.18 61720
214.70 24.77 0.06742 9.62 58586
144.03 55.18 0.07958 12.85 17630
162.75 12.42 0.09273 5.14 42343
189.59 5.96 0.08446 4.79 42588
253.03 22.40 0.08816 6.89 41603
118.06 45.46 0.07740 6.63 7786
223.75 8.48 0.09174 13.27 43212
122.38 31.85 0.06808 15.32 34460
210.83 20.89 0.06804 5.32 61131
203.08 40.65 0.05099 8.23 46307
245.82 42.98 0.08198 10.04 57438
142.79 5.48 0.08867 12.65 36717
221.00 9.85 0.09267 5.37 44382
243.65 15.47 0.09372 5.34 58121
127.61 39.85 0.08882 7.40 33428
173.58 8.13 0.08336 7.78 37434
207.24 -0.37 0.09174 5.37 270
244.90 31.40 0.05092 7.27 45746
149.81 43.43 0.07105 8.97 39424
143.95 9.35 0.07934 7.20 39924
189.01 3.49 0.07839 9.00 23977
194.11 27.74 0.08471 7.82 60304
244.52 47.46 0.08875 6.98 24607
195.62 17.69 0.08535 11.31 62296
124.53 16.49 0.06531 10.28 60067
194.31 59.83 0.05479 4.98 23104
123.71 47.55 0.05169 7.44 7345
135.48 18.44 0.05766 9.38 60273
180.31 36.70 0.07540 18.04 43265
215.28 52.20 0.08271 6.96 38165
137.05 6.66 0.06165 7.12 37555
211.94 10.82 0.05920 6.00 42312
212.96 6.16 0.08716 7.19 44869
220.05 24.77 0.09424 7.23 57915
174.60 7.52 0.07141 8.00 37477
208.69 57.40 0.09094 13.11 38200
142.83 34.03 0.06390 8.38 55252
144.68 33.50 0.08813 9.84 40841
128.78 24.88 0.08317 12.22 55361
211.53 43.11 0.08866 4.74 41173
143.83 53.85 0.07570 5.93 18804
198.41 10.39 0.06506 8.43 44570
234.09 50.45 0.07413 7.78 25312
139.54 57.04 0.08667 10.17 5824
195.83 1.21 0.06454 5.15 9253
131.90 21.38 0.08518 4.77 60184
212.44 1.42 0.08478 6.37 10556
177.18 23.08 0.07299 13.92 61250
247.11 39.86 0.05918 9.91 38641
147.32 4.71 0.08590 9.97 20507
144.18 21.63 0.07165 7.02 60276
237.49 31.97 0.06751 11.46 47177
118.99 46.71 0.06273 5.74 8198
217.75 0.14 0.08533 5.67 429
183.54 47.01 0.07424 15.20 40583
180.02 27.16 0.05356 10.29 60335
162.01 63.58 0.09688 4.81 5690
130.71 7.63 0.07543 5.63 39873
173.67 39.76 0.07480 8.23 43805
164.52 17.27 0.05402 5.69 54510
200.57 45.41 0.08681 11.93 41279
188.60 59.18 0.06478 11.48 37140
135.58 6.21 0.07282 11.55 37554
192.48 1.08 0.08552 9.41 9196
228.83 9.15 0.05610 7.00 43242
208.27 8.42 0.08477 13.15 44215
215.69 57.70 0.07414 5.54 25173
169.96 59.50 0.08807 6.21 23275
138.10 4.57 0.09397 6.78 20249
232.17 46.73 0.07077 7.68 38344
125.25 27.72 0.07969 10.27 39677
190.22 1.27 0.08482 8.18 10273
216.51 23.26 0.07804 8.67 61269
236.21 43.19 0.06079 5.75 40929
125.28 31.60 0.08623 11.01 34161
207.05 44.68 0.08940 10.60 41865
147.85 13.77 0.06336 12.84 63398
181.96 59.45 0.05433 10.23 37735
236.96 42.46 0.07301 6.67 38350
167.44 56.24 0.07416 7.95 34122
239.40 14.00 0.05018 9.92 61136
239.33 36.39 0.06448 9.71 46781
130.24 52.73 0.07544 10.13 7050
247.60 42.92 0.06049 5.30 26179
157.81 39.40 0.09126 11.36 40419
233.27 19.74 0.09414 10.62 58098
192.28 34.44 0.08142 15.19 57359
182.42 33.30 0.06765 17.17 60028
248.34 23.18 0.09067 9.43 47434
185.92 34.00 0.05574 15.72 54902
127.16 36.37 0.08833 11.99 35280
223.11 48.88 0.09001 9.32 38185
213.81 26.74 0.07618 7.97 58203
199.01 42.56 0.06477 9.35 41926
128.75 16.20 0.06309 8.21 60256
139.76 2.99 0.09317 11.03 19874
178.48 48.90 0.09304 12.42 40591
240.79 26.43 0.09344 5.75 46103
168.01 32.37 0.08207 7.05 56415
207.79 27.00 0.07706 4.91 57708
191.42 1.71 0.08075 8.43 9247
211.33 9.85 0.08345 7.73 43138
197.28 35.04 0.07101 9.85 55490
171.30 52.66 0.07408 11.57 34523
120.79 18.43 0.06540 6.12 54974
124.83 16.41 0.05450 8.07 60068
236.95 20.95 0.09473 8.95 58489
239.66 28.33 0.06834 5.81 46278
120.54 30.75 0.08214 7.63 34564
225.67 24.79 0.09410 5.57 57087
175.22 9.59 0.08157 8.74 39296
218.50 27.03 0.08396 13.69 57802
188.25 21.67 0.08519 21.74 61281
211.23 0.49 0.08149 8.79 422
228.02 36.13 0.07905 7.70 41785
201.74 15.36 0.07504 7.62 54623
141.79 40.68 0.09314 5.10 35646
185.07 2.44 0.07966 5.34 10272
240.05 36.61 0.07729 15.20 45823
157.27 5.43 0.07129 8.32 19788
181.64 17.61 0.05641 14.59 54633
185.22 54.52 0.08462 8.79 37898
198.70 12.81 0.08785 6.87 41690
204.32 18.06 0.05824 23.14 60825
204.00 10.06 0.05050 8.13 41695
