# RA, dec, redshift, radius (Mpc/h), void ID
133.32 4.00 0.20680 15.62 10988
162.92 6.32 0.15747 10.99 20975
226.26 35.08 0.16712 17.63 28212
146.99 53.31 0.17342 36.01 11898
212.45 0.80 0.16079 19.45 731
201.01 50.03 0.17339 42.91 23604
241.31 13.99 0.15515 20.49 37675
183.12 34.36 0.16330 41.97 34671
123.28 47.01 0.16635 34.46 10623
132.86 18.72 0.18218 26.82 36397
176.68 56.55 0.20564 10.98 18883
139.86 50.55 0.19283 11.96 19629
135.34 55.27 0.15902 34.78 3853
172.35 30.46 0.15675 55.87 36530
124.73 49.21 0.15570 12.83 4640
164.04 55.39 0.16080 24.98 18087
227.00 50.96 0.15804 33.37 24025
156.79 8.27 0.16046 27.53 22643
213.66 10.28 0.18152 25.76 26183
198.45 58.65 0.17162 35.21 12910
239.00 13.34 0.17978 31.64 37243
155.08 14.06 0.17174 46.26 32743
127.08 16.12 0.16882 28.99 36812
180.45 22.58 0.15757 42.06 37319
123.07 25.14 0.17214 24.56 22998
229.37 23.12 0.18663 24.03 35473
210.82 1.33 0.18805 12.43 6364
228.88 11.16 0.15917 40.17 29074
188.44 38.49 0.18387 32.30 33087
206.37 21.00 0.15538 53.78 36879
160.15 33.50 0.15531 36.60 34134
223.27 8.03 0.17367 20.07 27099
232.88 20.09 0.15751 22.89 35127
192.18 63.34 0.17842 24.45 12040
185.27 4.43 0.17660 33.51 13266
175.51 18.92 0.17944 31.62 38316
150.63 8.82 0.16113 24.62 21215
179.95 45.22 0.16395 31.80 25012
193.59 9.99 0.17945 24.44 26770
132.89 19.66 0.15060 15.82 36464
147.12 13.67 0.16004 28.04 38895
184.69 61.17 0.18098 28.41 14261
142.53 16.93 0.17201 37.38 36911
136.12 3.45 0.17842 14.37 20447
205.70 41.95 0.15201 46.68 28236
166.84 7.48 0.17143 23.64 21025
125.84 52.06 0.18784 20.18 30636
218.27 27.38 0.16299 16.03 34846
122.21 19.12 0.17593 35.72 33269
122.99 32.54 0.16501 27.91 19822
187.98 61.30 0.16358 26.95 13163
221.34 36.24 0.18751 17.55 26041
156.98 6.80 0.18316 14.81 20594
218.88 12.91 0.15823 26.57 28970
140.11 31.28 0.16281 19.40 32989
168.22 15.61 0.15193 32.72 23389
240.20 29.42 0.16020 17.53 28262
118.87 42.57 0.15962 21.67 3217
214.15 0.54 0.18357 14.04 1196
124.33 29.28 0.18458 20.03 22783
143.32 6.08 0.15514 41.76 21085
221.14 10.78 0.16976 15.60 26186
226.86 20.33 0.17911 37.84 37493
215.83 56.40 0.16528 11.10 21818
196.16 0.58 0.18859 17.40 707
181.26 51.45 0.16750 35.53 21405
228.44 21.02 0.15450 27.94 35167
120.40 22.42 0.18281 18.32 23018
196.81 43.02 0.16525 23.80 25055
231.96 33.69 0.16399 20.23 28505
164.05 58.98 0.17054 20.15 9703
208.58 55.82 0.15387 25.84 24068
198.19 9.67 0.15660 13.90 27031
128.28 35.19 0.17461 22.57 20351
233.04 49.20 0.17057 23.54 21844
212.56 10.65 0.15201 28.44 25308
122.18 32.82 0.18142 24.61 19853
231.64 33.83 0.18270 17.95 24968
221.34 52.72 0.16819 24.60 22029
211.42 8.30 0.15785 14.31 27514
154.89 43.70 0.16223 16.99 23719
199.79 43.99 0.18028 28.74 25104
194.85 60.65 0.15623 14.51 14264
211.68 0.77 0.18016 16.88 358
234.44 46.29 0.15706 16.16 21979
149.02 41.18 0.17687 31.09 22780
133.32 6.56 0.16014 18.56 22572
230.41 18.78 0.16747 24.06 35781
159.74 20.23 0.15445 42.33 37233
129.38 29.42 0.16851 42.50 23492
223.18 13.67 0.17855 30.73 37919
247.11 36.39 0.15648 24.66 21972
184.26 47.65 0.17170 12.67 24356
123.30 46.50 0.18603 24.77 4663
152.61 37.78 0.16420 23.03 23943
208.37 0.36 0.17426 13.80 471
148.51 16.67 0.15637 25.20 38681
183.16 28.50 0.15965 34.32 36406
203.25 37.94 0.16814 17.87 33313
157.12 8.97 0.17820 27.45 22664
235.48 16.31 0.16191 30.10 35783
216.30 52.49 0.15271 31.30 21741
202.96 35.35 0.19014 11.62 33014
188.86 39.37 0.16531 28.89 33088
214.27 39.45 0.16825 21.12 28138
124.38 24.80 0.15104 37.59 23521
200.26 47.04 0.15325 37.88 24895
131.51 55.66 0.17326 27.06 31131
135.41 6.11 0.17754 31.31 22558
149.00 41.08 0.16195 25.95 22781
155.41 50.82 0.18220 27.01 21500
132.13 17.86 0.16123 18.21 36539
161.61 26.35 0.15394 29.50 36767
219.53 37.63 0.16909 17.65 28201
209.44 41.38 0.20624 15.73 24984
222.47 25.61 0.16715 12.98 35160
205.98 10.62 0.15243 23.96 26780
151.45 22.53 0.18227 26.91 37048
151.38 17.13 0.17292 20.62 38626
159.01 15.62 0.15823 28.71 39148
224.33 24.89 0.17999 20.53 34552
216.21 23.94 0.17646 28.33 35778
196.04 14.52 0.16452 34.30 28916
228.31 14.31 0.17523 30.02 37515
177.04 31.29 0.17975 34.47 34666
230.83 34.25 0.15553 11.58 25010
171.87 30.86 0.18289 16.52 34915
151.35 42.46 0.15405 18.57 23691
128.41 16.46 0.18185 20.90 36537
169.18 10.08 0.16550 31.54 22709
179.76 15.12 0.18261 22.94 23391
246.17 30.24 0.16045 31.49 27692
180.82 56.97 0.16466 15.37 21383
123.68 17.05 0.15158 28.00 36362
189.42 12.72 0.16936 34.71 25386
249.54 33.93 0.17766 25.37 23971
215.85 12.56 0.17146 23.04 28951
