# RA, dec, redshift, radius (Mpc/h), void ID
121.73 46.13 0.40409 57.63 2391
162.11 59.92 0.40217 52.78 6644
138.85 20.88 0.39229 41.08 21403
222.53 12.20 0.39998 73.49 14880
135.34 19.44 0.39907 46.19 21194
191.47 24.02 0.40278 71.44 22583
211.00 9.81 0.41223 38.33 14796
136.10 57.01 0.39501 62.01 2256
139.91 17.58 0.40510 51.64 22466
233.30 8.96 0.39787 58.18 16651
163.78 23.81 0.40459 51.75 22088
244.07 41.94 0.39927 63.38 7452
156.98 31.56 0.39210 72.52 19792
145.19 5.91 0.39602 66.47 10684
241.65 13.65 0.38744 41.03 23271
186.98 2.97 0.40675 53.73 6671
136.00 30.66 0.40025 71.46 13032
177.22 52.64 0.40560 54.44 9439
246.35 27.67 0.40226 74.69 16094
159.11 23.28 0.39441 76.15 22104
200.00 57.91 0.39950 52.92 6466
237.16 14.11 0.40226 64.10 20805
248.06 38.07 0.40275 54.12 11560
199.34 49.33 0.39727 66.56 10194
207.92 10.02 0.39562 57.34 15437
247.64 32.45 0.40151 62.58 11208
146.71 13.32 0.39618 71.83 12434
181.91 54.68 0.39911 54.00 9480
175.78 11.14 0.39919 79.79 13527
157.70 13.11 0.38884 46.16 12101
187.68 12.46 0.39992 60.58 14183
133.68 6.05 0.40363 59.12 10326
211.13 28.66 0.40088 44.21 19845
206.44 13.93 0.40482 51.00 18472
143.99 19.86 0.40578 43.29 22077
178.34 27.67 0.39091 55.47 21638
151.29 33.71 0.38671 40.84 18582
159.88 16.37 0.38227 40.42 23466
161.82 35.74 0.39298 63.80 18593
150.71 47.68 0.40723 46.82 9358
188.93 9.56 0.39018 55.75 10773
218.98 23.53 0.39878 54.03 20533
191.79 29.80 0.39482 66.02 20462
