# RA, dec, redshift, radius (Mpc/h), void ID
177.76 -1.41 0.13796 8.67 4838
252.31 22.44 0.12476 7.30 45957
230.54 19.70 0.11943 33.80 64569
204.64 -0.62 0.10501 8.12 821
140.50 5.80 0.12374 28.25 21473
175.28 -1.50 0.12151 8.15 4822
218.30 0.46 0.12969 11.49 2972
125.39 42.72 0.10527 14.92 25244
137.13 5.56 0.10661 27.65 43974
185.64 64.46 0.10870 9.75 22434
140.65 54.11 0.12319 22.29 20263
135.71 29.33 0.10020 14.16 61494
125.73 16.66 0.10752 19.99 65979
222.01 25.45 0.13206 22.48 64509
124.25 30.17 0.10470 28.67 37627
191.48 61.10 0.13194 24.53 40325
213.33 0.48 0.12324 11.69 10632
210.17 0.37 0.11793 11.03 2274
193.72 48.56 0.11697 11.25 44451
167.98 27.51 0.11603 30.39 67019
176.75 -1.29 0.10946 7.00 4835
251.06 25.89 0.10496 12.62 46099
149.42 30.33 0.12774 30.33 61784
203.57 42.49 0.11114 38.46 46599
167.00 8.64 0.12303 20.09 40448
131.67 23.44 0.11321 8.12 60889
201.90 53.88 0.13109 31.41 47179
147.52 6.85 0.12077 19.71 40611
160.69 15.86 0.12850 32.59 44254
125.06 26.18 0.12132 34.62 43149
220.66 1.15 0.12306 10.24 2630
237.75 20.26 0.14317 9.60 63967
247.08 25.29 0.12510 24.64 53381
220.36 35.27 0.12564 7.52 51517
183.54 3.21 0.12380 23.66 25737
162.09 57.87 0.13055 19.87 25427
127.72 53.71 0.11036 20.19 56131
198.25 46.84 0.12295 13.60 44736
127.33 40.08 0.13090 11.17 36518
243.00 40.62 0.12645 34.21 63881
155.54 29.10 0.11337 32.97 61531
197.10 0.31 0.11276 15.30 564
222.82 35.65 0.13332 10.44 48104
246.00 30.89 0.11018 30.54 52544
226.73 35.06 0.12160 18.91 48135
249.25 41.49 0.14071 9.84 28748
207.73 20.35 0.11140 21.04 67612
208.91 27.20 0.13131 23.46 64530
240.61 36.57 0.10808 12.17 51447
186.77 5.96 0.13174 16.54 23788
157.83 8.72 0.13362 25.41 40913
122.86 50.38 0.10032 10.62 57401
157.02 63.35 0.11950 7.40 8068
142.60 30.44 0.12110 16.12 60163
213.50 8.95 0.11173 10.43 49553
191.62 64.71 0.10894 11.56 22436
218.97 52.97 0.11544 25.55 45068
227.37 36.69 0.13109 7.97 46472
132.40 18.11 0.12005 19.29 66669
144.49 15.73 0.11481 29.93 70466
165.37 58.91 0.13849 16.36 25522
186.87 63.14 0.12526 21.70 27970
226.43 17.02 0.11647 11.47 67525
236.63 13.73 0.11617 13.27 69224
216.66 24.10 0.11399 29.30 64192
137.35 31.40 0.11021 21.79 43635
172.34 22.38 0.12441 35.55 67511
155.82 46.28 0.11147 19.05 44680
185.78 2.90 0.10795 19.10 11426
178.68 19.26 0.10936 26.68 68079
187.10 2.77 0.13616 14.32 11179
128.95 33.83 0.11107 14.22 61203
158.72 13.48 0.10602 14.66 44225
133.12 7.73 0.12184 14.80 43803
135.74 29.03 0.11542 17.08 61138
243.59 12.90 0.13319 14.22 69229
239.41 47.40 0.10674 22.12 26833
207.07 26.44 0.10357 25.66 64362
213.27 -0.05 0.12939 7.45 1928
181.19 12.79 0.10065 22.94 60464
249.75 22.76 0.13362 8.47 53350
175.28 40.90 0.12184 24.31 60675
157.29 6.77 0.10332 12.35 39739
153.46 40.32 0.11587 19.02 46695
145.96 9.61 0.12877 20.74 40857
248.25 43.20 0.14050 9.64 26581
231.11 33.12 0.11697 14.80 52211
250.45 32.95 0.12880 11.31 45158
160.15 6.18 0.14076 10.10 40443
246.58 38.13 0.11667 31.85 41877
175.61 53.33 0.11815 25.95 41140
183.26 1.91 0.13326 14.02 11811
238.51 34.68 0.13126 12.52 52348
222.73 0.75 0.13932 14.59 2975
213.19 52.80 0.12954 19.80 41353
226.70 11.78 0.12086 22.04 52981
165.11 7.32 0.10440 9.69 40523
219.07 0.55 0.11800 10.23 1949
165.05 46.16 0.10173 32.11 43239
122.53 14.51 0.11593 12.91 66392
214.96 26.51 0.13748 20.70 63684
134.42 6.32 0.12760 16.98 43691
143.51 60.86 0.11978 15.38 8375
138.24 4.27 0.13053 12.11 21471
252.22 23.48 0.11948 12.69 52398
242.11 13.98 0.10782 9.19 69272
223.77 24.72 0.11265 13.52 64279
231.56 7.45 0.12706 12.61 49447
189.67 21.02 0.12894 28.02 67687
211.56 57.65 0.13502 9.46 42100
153.07 12.35 0.12379 28.70 70258
124.43 17.42 0.12035 26.14 66016
210.59 11.10 0.13759 11.89 46901
193.82 21.33 0.12303 23.21 67893
147.06 28.99 0.10530 13.19 61782
201.14 0.45 0.10762 10.17 3239
180.93 52.01 0.10955 33.23 41064
203.64 13.11 0.10310 31.27 46203
201.71 13.96 0.12612 33.13 46961
121.03 48.28 0.13135 17.19 57208
222.06 9.85 0.12807 16.18 48300
231.54 32.79 0.13156 13.56 52316
182.54 57.99 0.13226 14.34 36889
199.45 60.67 0.10651 9.24 27571
121.67 17.89 0.13116 15.30 61736
133.10 56.41 0.13088 23.85 57217
204.69 46.75 0.13101 20.13 44844
145.81 33.37 0.11185 22.21 44406
234.54 47.16 0.12519 25.13 42054
183.17 29.10 0.13546 9.08 66608
204.21 29.46 0.13365 22.43 63687
183.89 46.14 0.10969 16.88 44629
167.28 7.07 0.11052 14.03 40450
189.14 14.24 0.11112 30.12 46200
202.73 32.78 0.13551 14.90 62602
216.50 16.35 0.10431 11.72 68113
240.49 47.62 0.12174 13.98 28063
178.55 40.03 0.13595 18.40 48640
138.94 2.44 0.14581 8.23 21590
123.68 14.10 0.12958 12.05 66443
212.70 28.80 0.14098 13.02 63395
218.44 54.25 0.10293 16.77 45233
205.42 58.99 0.13329 7.26 25544
223.25 24.17 0.12421 11.12 64195
156.14 32.79 0.10432 26.92 61328
235.48 32.44 0.12818 12.54 53045
225.21 35.22 0.13603 10.91 51852
153.74 46.83 0.12008 15.76 38816
183.89 4.00 0.13817 12.83 12813
237.42 14.38 0.13750 14.72 67805
227.33 34.51 0.11296 7.64 51776
142.65 29.66 0.11064 12.80 61122
209.14 10.02 0.12173 16.44 50139
208.63 20.63 0.12016 15.59 67515
165.42 50.54 0.11219 17.24 38710
222.73 16.63 0.10036 23.06 68187
176.98 54.26 0.13095 18.11 41104
199.03 -0.62 0.12204 9.32 6495
140.37 52.31 0.10476 9.90 25482
134.48 56.38 0.11124 13.11 6464
214.92 -0.27 0.14426 8.79 2618
252.12 22.75 0.13290 8.71 45956
216.56 24.68 0.12958 17.64 64567
203.28 3.26 0.14680 6.77 12638
186.32 60.88 0.11296 24.82 40286
242.28 29.73 0.13488 18.59 51931
147.84 61.70 0.13811 15.20 9294
180.65 26.79 0.10852 13.61 66945
171.34 11.00 0.11093 27.48 46148
200.51 27.19 0.14275 10.99 67020
123.61 49.72 0.11883 6.78 8363
234.35 7.61 0.12501 12.54 49456
192.11 1.33 0.13578 6.91 1330
226.02 35.53 0.13073 8.55 48134
151.13 39.46 0.10349 28.84 42749
194.48 9.87 0.12406 22.00 49542
210.88 23.44 0.13392 20.76 68066
200.44 49.79 0.10697 26.18 44419
185.79 9.55 0.13150 13.17 46138
134.43 20.03 0.11336 11.75 66726
210.52 11.33 0.14321 8.54 46865
207.11 47.42 0.12111 13.96 45731
215.52 29.10 0.12064 7.44 63402
141.85 59.28 0.13185 17.92 7656
223.02 13.87 0.12926 19.85 68496
177.00 43.04 0.13120 12.68 48076
137.23 10.29 0.13575 9.42 60455
128.45 42.84 0.13378 11.24 38071
215.92 10.98 0.13671 15.23 48225
174.12 37.25 0.13517 10.96 60606
174.53 8.23 0.12297 12.37 47710
230.70 48.85 0.11208 21.09 45277
209.94 53.30 0.10519 15.29 47231
135.37 57.37 0.12030 19.61 8565
224.12 51.38 0.12824 23.29 45145
235.22 7.10 0.13256 13.67 49890
242.02 42.91 0.10700 17.69 41940
119.30 33.14 0.12190 11.31 36230
251.11 33.13 0.11164 8.53 41924
212.22 20.87 0.14084 11.27 67990
189.27 9.66 0.12485 14.50 49331
122.85 22.55 0.11032 13.52 43598
197.12 49.04 0.13387 9.72 44453
177.36 36.43 0.13583 19.34 60602
221.31 20.75 0.10590 12.17 65355
145.81 3.43 0.12814 10.70 21267
237.65 50.39 0.11993 8.73 26866
219.67 25.33 0.10413 18.90 63374
161.52 6.50 0.10827 8.94 39810
236.45 32.00 0.10987 7.84 53050
194.87 49.46 0.12105 9.09 44452
159.46 39.89 0.13121 16.02 45054
237.02 22.11 0.13841 7.78 61881
198.42 16.92 0.12404 19.66 69299
179.54 33.03 0.13868 8.56 63533
199.54 38.44 0.11565 12.01 60527
129.92 33.85 0.12972 24.20 43190
185.27 10.44 0.12467 14.53 40898
179.46 10.55 0.12219 16.63 40845
208.80 19.76 0.13164 16.51 67535
150.95 21.53 0.10876 18.38 67002
157.46 8.73 0.10765 9.55 40617
164.79 55.38 0.11916 18.50 35980
230.33 21.36 0.10611 12.55 64514
181.69 42.54 0.12128 13.20 47339
210.22 28.25 0.12018 12.90 64338
186.72 31.49 0.14353 10.95 63500
162.22 43.55 0.13567 19.75 44625
249.46 27.20 0.11173 8.12 46093
221.91 11.96 0.10998 29.90 53065
173.65 18.69 0.13999 17.82 68417
149.79 52.67 0.13679 19.77 38109
184.10 11.85 0.11372 20.14 40895
231.40 10.97 0.12268 14.12 68990
224.43 19.01 0.11191 14.60 67560
251.39 24.65 0.13813 15.13 52084
128.06 15.56 0.14566 8.66 66823
152.63 33.45 0.11854 15.44 60656
212.96 24.32 0.12620 16.57 65134
182.80 58.20 0.12410 10.27 25007
235.53 32.16 0.11521 11.13 53049
125.81 52.04 0.12253 10.82 8554
149.13 38.66 0.12671 23.75 43577
238.05 20.13 0.13866 7.05 64912
174.05 22.76 0.10601 19.11 68049
129.68 30.96 0.10378 13.70 39002
182.01 36.83 0.11270 38.27 48384
173.66 30.47 0.11554 21.53 63681
162.59 47.17 0.14085 15.25 39062
181.89 7.99 0.12208 10.84 47787
198.22 58.79 0.12123 15.00 25123
212.22 8.94 0.10082 11.80 49412
229.34 49.32 0.11906 7.67 45298
184.33 34.31 0.13329 24.65 62746
245.38 22.92 0.13133 9.95 53665
154.09 36.88 0.12726 23.20 60680
223.87 49.75 0.10174 12.79 41868
201.31 1.90 0.11461 7.15 9124
203.63 9.00 0.13273 20.70 50135
223.92 25.97 0.12121 11.14 63781
166.37 56.96 0.10934 18.67 25305
195.63 59.89 0.11020 8.66 40288
127.54 42.76 0.14370 8.31 22764
123.78 51.02 0.12631 15.18 56222
241.76 30.28 0.10285 22.08 45993
183.30 26.67 0.11216 12.66 66946
237.28 11.75 0.12849 13.14 69177
189.60 33.58 0.11609 39.49 63501
141.07 33.83 0.12669 22.94 43525
145.29 36.35 0.12104 21.95 45052
218.33 0.15 0.13739 12.41 2966
234.79 46.80 0.11648 11.05 45278
183.57 41.23 0.13053 20.87 49212
163.95 13.21 0.11859 8.94 60329
186.97 29.82 0.13706 13.72 66714
210.05 41.35 0.13076 24.13 46520
165.57 21.85 0.11441 18.32 67890
193.52 62.93 0.11365 7.10 27159
183.06 5.00 0.13508 12.28 25738
229.11 35.36 0.14683 7.10 46267
208.17 12.65 0.13628 13.61 60472
216.23 38.88 0.13842 12.62 48159
215.31 40.09 0.13289 17.99 46250
246.51 23.39 0.10202 12.72 53854
120.49 20.68 0.13833 15.51 44300
135.12 17.99 0.10598 9.25 66937
184.86 6.74 0.13650 9.58 26302
243.65 25.83 0.13050 8.40 51741
226.08 53.10 0.14387 7.73 41712
201.51 19.82 0.12173 16.86 67491
215.78 0.15 0.13359 11.24 2615
213.39 56.53 0.12243 11.80 42041
226.62 20.07 0.10513 12.30 65143
196.88 63.24 0.10697 7.99 27974
180.87 8.42 0.13186 24.33 43042
