# RA, dec, redshift, radius (Mpc/h), void ID
127.46 16.19 0.04659 5.17 19389
208.99 0.66 0.02427 4.31 2563
245.65 14.95 0.03491 3.60 18827
121.17 16.66 0.04627 5.05 17850
257.58 33.65 0.03674 4.47 8571
161.05 5.21 0.04323 4.30 11448
198.99 60.92 0.02953 5.57 7798
161.03 59.49 0.04628 4.97 5340
148.11 52.94 0.04578 5.66 10925
169.79 34.47 0.01621 18.82 17596
228.57 18.71 0.03373 15.73 18807
150.68 12.37 0.02875 3.56 9067
156.19 27.61 0.02891 20.71 19534
237.48 48.73 0.04107 8.49 12255
248.50 29.24 0.03241 8.62 12160
132.87 19.63 0.03803 4.27 19669
211.22 11.39 0.04021 7.13 13649
196.96 1.00 0.04188 4.76 390
231.02 13.58 0.04028 17.75 19827
132.00 54.21 0.03441 8.47 2440
220.79 47.49 0.03768 4.05 13728
138.90 57.02 0.04425 9.36 1891
214.97 7.65 0.02921 3.76 8920
221.59 2.16 0.02731 3.51 3094
197.11 -0.70 0.01735 3.80 16572
226.37 1.46 0.04188 4.55 8101
203.62 11.20 0.00394 4.25 14309
183.33 5.35 0.03962 9.27 6291
180.31 38.94 0.02712 16.62 17652
124.51 44.60 0.03741 5.98 1885
226.73 35.21 0.04564 4.21 14010
188.20 3.81 0.04312 5.84 3116
233.88 45.66 0.03588 4.57 13133
135.04 6.28 0.02886 4.64 12618
131.67 27.50 0.02449 9.67 17588
236.72 45.63 0.01967 3.82 12225
242.42 14.23 0.03623 4.92 18952
188.91 54.34 0.02192 6.70 11650
227.15 21.68 0.03925 4.27 18792
151.46 20.12 0.04147 10.29 19743
206.50 3.90 0.03375 3.94 7462
229.26 6.07 0.04460 3.77 14303
243.41 23.87 0.04170 4.98 14232
117.95 41.23 0.04296 5.96 1854
225.21 7.42 0.03004 5.83 14048
201.68 36.69 0.03098 14.58 13751
242.00 22.02 0.03943 3.87 17803
135.03 56.36 0.02956 7.51 2574
193.25 21.34 0.02736 15.92 19994
227.26 4.44 0.03149 4.35 8115
231.31 30.92 0.03260 4.98 14987
186.89 62.19 0.03927 8.25 7330
139.56 19.79 0.03669 6.35 19695
127.44 55.66 0.04131 7.79 16329
132.15 18.15 0.03014 6.62 19589
198.63 59.81 0.04268 6.65 7215
203.20 1.86 0.03458 4.04 393
129.57 20.00 0.04058 6.98 19479
177.55 25.51 0.02561 8.61 19681
146.72 12.91 0.02690 9.29 6013
244.55 31.15 0.03741 15.12 15159
122.07 14.99 0.04558 3.75 19366
137.25 54.17 0.04070 7.70 5683
223.46 16.64 0.02833 10.60 19977
235.06 22.73 0.04091 4.04 18887
207.87 14.56 0.04213 3.73 15302
149.76 7.94 0.04409 8.69 12550
193.43 1.79 0.02373 4.77 3176
153.45 39.52 0.03944 13.48 13559
152.01 16.29 0.02103 8.91 20772
194.49 50.40 0.03323 3.97 11362
186.42 -0.44 0.02549 3.51 605
164.56 58.35 0.04371 9.33 10152
138.67 57.28 0.02579 3.82 1909
141.95 54.23 0.04330 5.06 5291
233.98 16.40 0.02709 6.94 20113
215.48 38.60 0.02673 3.64 14999
147.23 14.99 0.03656 11.44 20796
146.83 37.75 0.04286 5.75 12659
220.94 37.02 0.03287 3.51 15039
128.07 33.01 0.04702 5.09 17745
120.32 17.38 0.04494 3.66 19255
215.94 38.27 0.04435 4.61 13983
218.03 37.07 0.03413 4.61 14006
123.88 20.49 0.02921 8.38 17675
254.14 24.61 0.03745 3.85 15229
245.03 23.65 0.03137 5.63 15415
233.70 22.90 0.04273 3.71 18529
181.86 41.78 0.03275 12.55 13749
183.38 4.17 0.02071 5.04 3583
122.63 20.84 0.04198 10.07 17765
127.99 54.81 0.04671 6.48 16076
242.81 34.60 0.02995 3.84 15212
253.88 33.23 0.03154 4.42 12229
145.35 41.39 0.04373 3.92 12518
197.30 31.09 0.04147 14.18 18407
127.08 17.95 0.04300 5.95 19392
167.10 16.03 0.02342 9.77 12884
165.87 4.78 0.04046 4.97 13757
248.86 38.27 0.02844 5.66 18473
183.50 29.37 0.03230 10.11 18349
195.11 28.19 0.01058 9.52 18756
120.11 45.05 0.04198 6.64 2546
160.13 51.65 0.02769 10.59 10362
189.23 4.07 0.02347 4.59 7512
142.89 32.00 0.03300 6.23 12987
145.47 60.87 0.04719 4.38 2683
183.70 7.11 0.02309 4.20 7542
121.27 43.55 0.03201 5.15 5279
242.23 14.88 0.03334 4.35 18968
249.56 37.93 0.03579 5.78 12322
242.06 13.67 0.04300 5.65 18980
225.22 35.93 0.03047 4.89 15063
239.17 41.23 0.04070 6.38 13176
142.69 32.88 0.04105 6.82 13121
202.97 15.12 0.03032 12.69 13877
120.37 42.18 0.03995 6.17 5775
164.18 7.68 0.03405 4.18 11508
172.60 53.97 0.03164 9.12 10339
220.87 21.21 0.04369 4.81 18915
191.43 20.56 0.01807 13.07 20065
232.44 6.72 0.03316 4.46 14370
184.50 55.33 0.04116 7.79 11971
218.05 25.51 0.03324 6.32 19939
160.84 42.71 0.04306 9.31 13474
203.53 20.58 0.03141 9.66 20045
216.52 23.99 0.03018 4.91 18736
162.32 8.73 0.03176 3.69 11839
197.40 34.97 0.02205 8.18 17560
219.76 16.15 0.04661 4.84 20242
159.47 46.88 0.02337 5.01 11908
122.08 44.12 0.04566 5.30 1876
229.29 50.37 0.03871 7.68 12236
157.94 10.43 0.03087 6.32 12648
170.68 30.58 0.03127 8.98 18107
168.38 53.05 0.02419 6.81 10363
216.43 13.43 0.03581 9.01 15367
125.91 19.75 0.01615 4.97 19249
201.40 59.02 0.03914 5.12 13270
245.98 23.02 0.03888 4.69 15537
121.78 16.47 0.03615 4.67 19650
128.93 22.15 0.02679 4.22 17890
234.60 8.04 0.03504 5.22 13674
165.90 31.01 0.04515 5.98 18492
218.26 50.44 0.02668 3.60 12074
123.53 18.03 0.03817 5.85 19214
235.14 7.05 0.04451 7.45 14052
143.38 13.57 0.03120 9.89 19810
201.80 3.47 0.00570 5.99 985
186.05 56.45 0.04510 3.51 10388
223.35 52.59 0.03202 3.94 12143
246.45 36.24 0.02932 3.66 12202
126.57 33.25 0.02678 7.35 11202
199.54 54.16 0.02702 6.73 13222
123.90 50.13 0.03904 4.68 2533
155.42 12.75 0.02696 9.90 17524
220.34 52.88 0.04367 6.70 12142
220.51 25.36 0.03626 4.52 18421
234.80 44.42 0.04003 5.00 12213
195.32 10.49 0.04116 12.27 13445
212.16 26.61 0.03090 4.69 18643
141.34 32.19 0.02742 4.43 13124
166.50 7.75 0.03709 6.59 11792
229.49 2.18 0.03765 4.11 3042
173.18 11.09 0.01935 7.70 17552
249.00 33.44 0.03546 6.01 12209
180.65 59.56 0.04463 3.67 11637
223.94 10.11 0.04480 8.86 13667
223.09 9.24 0.02821 3.66 14047
202.17 10.38 0.04418 4.77 14366
246.52 28.20 0.04338 8.21 15272
123.84 15.62 0.04400 5.16 19492
232.04 5.58 0.03639 4.41 14679
215.92 10.02 0.02769 3.93 13695
137.72 51.64 0.03745 3.71 5298
223.95 10.12 0.03371 8.08 20146
124.27 42.10 0.04272 5.83 5758
122.46 25.59 0.03836 4.81 12535
171.42 9.22 0.03498 8.79 11754
161.85 6.97 0.04659 4.08 11481
202.91 -0.63 0.04711 3.95 174
152.15 51.94 0.04646 4.63 10361
204.27 43.16 0.02703 5.81 13584
250.11 24.66 0.04396 6.13 13399
146.47 37.07 0.02173 3.93 12746
163.30 13.09 0.03125 6.64 12877
214.88 27.62 0.03393 4.60 18393
151.64 30.70 0.03599 9.73 18144
249.46 38.11 0.03277 5.41 12268
185.00 64.35 0.04264 4.50 5842
176.01 10.35 0.02836 9.09 11847
142.17 18.29 0.02931 3.93 19701
162.81 42.14 0.02742 6.66 13979
135.18 25.31 0.02942 9.11 12893
252.94 25.24 0.04593 5.50 15216
208.28 23.16 0.04073 14.04 19832
182.95 52.00 0.03395 6.85 10762
182.96 60.49 0.03299 4.50 11896
184.15 45.29 0.04674 5.46 13516
126.66 53.11 0.04378 4.42 2548
177.67 32.90 0.03737 13.71 18184
137.96 8.12 0.03198 4.49 12786
142.52 34.89 0.04236 3.52 12658
184.32 44.04 0.04193 9.17 13533
153.15 16.06 0.01789 3.72 20571
174.98 32.91 0.00593 8.47 19823
238.32 34.98 0.03152 3.54 13423
166.09 35.21 0.04474 6.27 17579
254.38 23.74 0.04781 3.55 15164
119.29 19.19 0.04500 3.64 12891
202.17 50.75 0.03623 9.16 11329
