# RA, dec, redshift, radius (Mpc/h), void ID
230.05 48.73 0.29113 65.44 18301
214.32 0.80 0.31065 37.83 5263
200.77 0.36 0.30323 41.29 409
233.74 32.81 0.21335 24.08 20927
251.76 23.74 0.26928 27.87 20572
241.96 13.75 0.19604 25.23 32849
126.97 30.28 0.18538 52.50 15782
237.80 46.74 0.19738 29.32 18471
140.93 55.89 0.24460 55.99 3186
234.48 18.90 0.33547 48.98 30343
229.50 34.20 0.32488 50.09 20949
142.27 4.79 0.30052 65.73 9366
158.41 37.29 0.16514 32.44 22390
215.93 0.36 0.33627 29.36 422
138.91 55.90 0.21032 40.94 3368
121.55 32.37 0.32760 48.48 15353
214.89 40.03 0.24588 34.36 23831
192.33 37.95 0.17434 65.59 28309
157.45 8.06 0.28187 44.68 17672
189.94 13.78 0.20055 95.10 24440
149.68 35.79 0.23867 62.40 20027
215.67 53.67 0.31656 71.69 20113
220.61 51.32 0.23487 31.95 20131
159.87 24.25 0.21805 79.67 31604
135.72 5.98 0.27780 63.59 17262
198.16 60.15 0.21929 33.85 17461
204.87 51.77 0.30839 60.93 18109
245.76 40.81 0.17339 27.98 18434
215.16 23.65 0.21080 79.39 32189
208.23 40.20 0.27984 31.38 21814
244.75 35.99 0.22381 68.97 23374
186.97 49.52 0.28129 38.60 16919
235.03 11.57 0.27714 62.79 32671
220.31 0.58 0.31723 33.12 521
179.04 50.86 0.21257 51.97 16010
122.07 45.64 0.22352 40.20 3466
249.11 25.26 0.24528 32.54 23966
128.21 32.40 0.23982 36.14 16955
181.00 52.49 0.31438 78.80 16053
200.21 12.46 0.17513 38.79 22581
219.38 14.86 0.20960 54.70 32729
234.52 47.43 0.21738 52.44 18325
227.17 36.06 0.34478 24.06 20891
171.46 27.52 0.22097 73.85 31178
188.39 30.96 0.25232 100.40 29874
203.04 48.24 0.28692 47.91 17089
213.80 28.12 0.33397 44.65 29839
204.57 0.15 0.27666 26.81 313
190.43 61.20 0.19345 40.39 12171
147.88 40.63 0.30945 54.34 18973
166.86 39.60 0.30148 40.68 28282
187.30 33.14 0.20460 75.42 29772
168.39 50.53 0.25273 97.06 16580
168.80 10.23 0.23603 41.91 17681
136.96 5.94 0.24121 52.62 18766
170.49 40.18 0.27949 50.93 28283
120.03 22.86 0.27479 25.70 19185
228.42 10.17 0.26026 74.51 32551
199.88 39.00 0.28306 51.47 28239
123.63 17.51 0.17114 30.92 31274
218.87 24.64 0.24323 64.29 30212
198.19 43.70 0.29353 54.95 21418
227.52 19.25 0.29296 96.63 30196
137.83 4.44 0.19359 32.49 9610
146.23 6.16 0.22021 35.68 9406
228.97 17.76 0.17073 41.28 30575
208.80 50.86 0.32910 45.59 23325
150.90 40.91 0.21616 54.26 19609
195.61 21.04 0.16883 44.93 32235
179.41 41.14 0.20983 71.14 21810
206.05 43.51 0.29669 66.81 19924
135.44 30.20 0.24930 42.56 28049
158.70 6.81 0.32631 24.91 17186
138.60 56.64 0.18528 35.49 19157
123.00 23.34 0.29227 55.42 19081
132.86 7.21 0.30749 41.63 18765
221.73 51.30 0.30237 51.75 20197
200.28 38.33 0.31625 60.23 28206
238.69 48.01 0.31388 63.48 12312
241.12 45.95 0.27496 65.92 12417
182.04 49.93 0.24276 69.43 15804
134.98 29.18 0.31724 69.58 28257
175.31 30.18 0.18226 44.51 29978
141.62 33.29 0.26674 54.39 28288
168.45 54.52 0.32081 48.68 14983
214.47 25.51 0.31067 55.30 30095
140.04 20.18 0.23914 51.86 31739
192.39 40.50 0.30242 58.13 22271
216.06 39.74 0.27552 28.83 23796
154.60 44.75 0.24319 57.79 17884
122.76 48.16 0.26195 50.49 26609
233.53 17.26 0.18345 34.69 30318
124.44 32.19 0.22117 43.72 15965
232.11 33.97 0.28056 28.92 20954
198.73 23.18 0.24786 78.09 32178
220.01 0.78 0.29063 25.29 1240
236.87 14.07 0.32465 63.26 32620
230.56 15.77 0.20661 74.98 32470
227.67 11.04 0.19710 48.70 24656
243.28 42.24 0.30894 43.04 18435
122.91 20.97 0.18693 40.67 19571
167.87 14.34 0.18413 53.11 21259
238.03 33.96 0.34248 31.22 20565
245.64 35.44 0.32656 36.22 29962
169.22 11.48 0.21218 45.05 17849
121.13 24.10 0.32349 49.72 19180
192.42 13.14 0.29708 61.88 24439
170.30 38.88 0.21553 66.00 22074
184.44 16.58 0.17052 43.42 32892
207.71 23.77 0.18418 54.64 30574
243.13 42.48 0.19829 41.80 12315
123.27 22.42 0.33622 42.98 28262
192.92 23.05 0.29431 77.35 31617
200.08 0.62 0.27416 28.91 1229
206.02 10.30 0.26316 54.78 22870
163.84 58.41 0.24757 30.60 11215
165.97 51.90 0.32451 26.14 15244
146.31 6.28 0.26739 53.32 17266
124.38 17.99 0.27920 45.42 31333
235.03 7.77 0.31578 36.38 22853
232.76 7.74 0.30094 26.68 22537
188.59 61.75 0.22407 41.22 17864
138.65 32.83 0.31449 48.60 19192
151.32 50.58 0.20714 30.62 15317
176.79 18.06 0.30769 56.65 32966
169.44 19.43 0.23300 69.21 32095
120.31 44.87 0.19713 34.50 3465
117.27 42.53 0.26078 29.88 3698
185.48 39.45 0.32275 52.28 22076
220.37 20.98 0.27116 52.42 30623
147.15 7.75 0.30821 47.70 17298
169.01 52.62 0.33786 38.68 15263
188.63 61.68 0.27451 59.47 11145
121.47 22.30 0.25031 48.75 19094
196.67 50.70 0.29286 36.74 21330
131.67 7.74 0.32319 24.64 28136
178.10 20.35 0.19976 71.14 32963
205.48 50.52 0.25754 105.15 17946
194.82 34.12 0.28804 60.81 29347
140.14 32.22 0.29339 52.68 19605
124.14 27.59 0.25250 44.05 19142
151.24 29.77 0.21835 60.02 28986
159.04 34.31 0.30369 70.68 28789
218.31 15.41 0.24744 54.64 32606
161.22 33.63 0.33737 32.20 29588
167.65 21.16 0.16622 42.95 31754
228.55 23.70 0.22775 26.30 29710
202.56 49.08 0.20632 54.63 21331
231.00 11.02 0.17502 42.08 32700
182.36 20.22 0.28927 87.83 31992
148.54 26.80 0.32644 35.14 31356
132.00 29.14 0.27096 56.04 28070
179.86 46.74 0.17586 42.65 20899
183.88 39.92 0.29149 51.70 28308
205.87 10.02 0.33191 47.14 22823
246.82 38.74 0.33976 35.11 18366
200.82 13.83 0.28401 53.37 28177
173.38 21.16 0.28314 50.33 32365
223.85 51.77 0.20280 26.22 20153
158.58 22.28 0.17451 50.03 31721
146.14 19.45 0.31884 69.68 31745
188.59 15.66 0.30916 37.61 28185
158.46 50.83 0.23006 45.44 15702
235.22 44.74 0.27744 38.22 18270
169.90 53.00 0.17253 29.08 15946
159.49 14.51 0.22802 72.87 32874
222.63 8.19 0.31080 30.69 22732
129.33 16.36 0.31138 51.29 31155
162.88 27.63 0.30383 59.97 31149
228.30 10.01 0.31194 57.86 24657
247.31 25.40 0.26348 30.62 24032
171.18 14.87 0.26665 59.20 32869
124.97 26.60 0.21396 34.27 19111
226.20 22.53 0.24875 36.49 30194
144.34 19.32 0.20781 36.49 32093
211.58 9.52 0.29613 45.68 22874
152.11 28.35 0.27153 101.92 30929
213.98 53.35 0.22447 24.36 18097
167.72 23.22 0.30759 60.61 32140
221.77 15.79 0.28150 46.85 32287
221.90 11.83 0.23746 41.51 24464
175.31 32.93 0.19963 30.64 29983
148.66 36.90 0.26648 43.42 19607
234.12 20.48 0.21945 27.22 30218
196.44 60.08 0.23747 24.64 10986
176.83 18.31 0.17389 36.80 32967
181.02 22.99 0.32022 64.70 31991
143.87 14.84 0.31595 47.87 31888
148.05 40.47 0.28608 34.31 18696
159.34 46.58 0.20319 51.61 17881
166.28 55.83 0.30421 37.11 15002
152.62 23.50 0.32429 34.39 31586
131.31 57.54 0.33087 27.39 26616
232.49 13.61 0.29547 70.85 31998
211.19 1.24 0.25148 25.04 4741
190.97 14.79 0.16778 30.03 28205
246.39 30.03 0.32253 66.36 20566
143.43 3.98 0.32583 39.01 9277
242.82 43.24 0.18734 24.70 18400
124.09 47.15 0.23726 25.02 3348
168.35 32.95 0.28411 61.96 29991
187.06 23.65 0.19253 49.18 31913
176.48 11.44 0.19169 44.56 21216
179.86 27.86 0.24843 60.18 31179
150.11 10.74 0.23122 54.32 18839
242.54 44.91 0.22869 32.83 18473
150.59 11.43 0.29735 29.49 28071
191.43 63.95 0.32536 44.61 9052
216.70 14.50 0.32614 56.62 24750
121.60 24.27 0.23066 35.82 18789
197.37 27.84 0.17336 54.76 30172
126.77 36.84 0.31624 35.43 16074
150.34 36.21 0.29892 52.53 20030
206.18 25.99 0.21707 42.35 30257
220.21 26.06 0.31744 39.28 30158
164.02 49.57 0.16759 38.19 17880
184.31 36.75 0.33886 30.42 28366
179.28 34.82 0.23430 53.51 28797
211.07 40.60 0.26345 32.78 20730
207.05 10.02 0.30897 52.07 21186
207.18 56.78 0.31673 32.14 11036
175.67 12.61 0.29230 51.74 21260
143.04 5.30 0.23716 32.16 18810
195.16 35.23 0.33369 34.05 28808
177.18 27.48 0.16832 42.41 31421
205.27 43.59 0.22380 31.67 19925
194.60 12.49 0.32365 55.36 20681
155.37 38.42 0.18245 61.26 19155
139.20 54.01 0.27940 46.21 8732
232.44 9.30 0.31975 25.51 21984
150.29 8.51 0.28826 43.14 17828
154.89 28.17 0.31551 48.51 31218
207.09 12.72 0.18673 29.04 21314
180.60 54.61 0.28399 46.63 15283
146.59 15.32 0.19811 55.16 33764
148.31 32.30 0.32007 62.62 28603
203.99 37.81 0.26919 35.43 28218
155.21 11.89 0.20202 39.22 19322
237.18 46.82 0.25047 48.32 18486
181.92 10.00 0.17559 49.08 17767
153.16 9.06 0.32285 48.48 19342
203.51 28.78 0.28814 35.32 31616
124.13 17.04 0.31095 33.90 30870
154.53 28.43 0.17358 45.14 31445
148.13 14.72 0.31105 46.15 32362
133.21 56.50 0.22614 25.18 3710
236.37 13.79 0.24154 39.05 32099
126.98 43.58 0.25874 32.00 7939
177.56 49.63 0.27359 39.17 17888
177.17 33.78 0.30259 73.90 28244
173.19 50.68 0.32080 45.87 17887
159.68 24.09 0.31669 47.71 31736
195.38 39.36 0.24806 75.25 28370
196.23 17.27 0.30730 69.61 32889
197.30 19.40 0.27260 40.42 32203
203.82 29.39 0.30414 49.46 30156
158.93 41.97 0.32171 49.57 21082
241.87 41.79 0.24846 45.99 18314
138.68 29.75 0.27576 24.53 28006
220.06 38.25 0.31633 30.35 20712
156.87 12.01 0.17393 38.68 19323
172.13 39.60 0.25031 34.80 28284
172.52 45.56 0.29103 51.89 18947
200.11 52.35 0.25110 63.26 23469
247.95 24.78 0.20741 36.68 23888
123.88 21.77 0.26676 36.81 28024
130.28 54.53 0.30123 32.65 3708
202.12 15.65 0.32682 48.77 32961
204.55 31.75 0.24756 24.49 29774
247.61 37.73 0.32334 33.03 18341
218.78 24.48 0.26528 33.71 30342
187.56 41.50 0.29407 28.42 28290
186.54 7.67 0.23136 40.09 21701
200.71 26.63 0.26696 47.33 30267
167.55 28.27 0.30252 36.04 31357
211.15 10.33 0.32651 37.11 22582
149.71 27.24 0.31099 47.71 29977
199.88 30.41 0.29595 33.92 29821
247.68 38.77 0.25335 27.25 18509
230.67 21.41 0.33982 29.02 30195
166.67 45.18 0.27652 47.47 16846
