# RA, dec, redshift, radius (Mpc/h), void ID
185.99 2.83 0.12998 46.19 26764
165.55 2.50 0.12610 23.26 26292
129.59 10.17 0.14301 28.47 17769
170.94 14.60 0.11279 18.70 16301
222.50 39.96 0.17531 22.72 22419
173.13 37.02 0.10541 16.53 7980
148.93 39.92 0.16162 29.91 5569
171.70 1.97 0.12699 16.80 26470
121.56 22.51 0.15648 42.39 3602
169.15 38.70 0.13256 27.75 6870
247.50 15.32 0.13321 18.26 1965
216.89 -5.24 0.18019 20.92 29799
120.97 18.60 0.11333 20.30 4566
238.01 7.79 0.10925 18.92 14315
174.38 37.67 0.14695 21.96 8065
156.13 41.03 0.16732 21.08 6252
167.49 0.86 0.11180 19.96 24595
206.45 20.93 0.11072 16.97 20888
207.18 21.42 0.17766 20.70 32108
228.34 7.97 0.15764 45.59 16174
147.07 3.38 0.12145 35.36 23715
235.94 34.70 0.16129 21.61 12952
152.29 13.79 0.18602 18.59 31795
198.53 4.11 0.13235 21.35 10407
182.50 3.80 0.15213 16.54 27263
122.87 24.81 0.12502 31.06 3758
239.23 36.66 0.17106 40.52 12942
120.77 21.29 0.10028 27.53 3658
222.96 20.17 0.18506 15.97 19931
213.88 2.88 0.14675 15.86 26606
127.55 9.17 0.10755 16.68 17953
215.28 -5.70 0.14091 18.28 30244
204.07 19.84 0.15824 28.28 32540
230.50 3.33 0.13426 21.66 9690
146.17 11.96 0.16506 36.05 17622
138.46 10.05 0.16982 28.47 15618
129.41 10.28 0.17160 17.21 17884
156.87 40.47 0.14135 23.37 6337
201.21 1.00 0.11218 17.30 171
121.98 15.12 0.14328 18.03 3997
218.75 22.12 0.10979 23.90 19609
123.06 14.20 0.16826 22.07 4334
255.65 31.33 0.17373 31.72 12315
141.80 40.30 0.15763 17.86 4727
203.92 19.22 0.18005 19.31 32658
144.98 5.10 0.17381 36.80 23670
184.19 7.68 0.10893 23.72 14771
236.16 34.89 0.10002 17.07 12980
240.54 8.81 0.15697 24.87 14342
215.49 0.82 0.14199 16.09 24402
169.25 38.88 0.11163 16.79 6868
171.97 -0.01 0.19064 16.44 24209
239.32 35.99 0.14237 37.31 14270
246.20 30.44 0.10930 25.28 12390
206.72 3.05 0.12572 32.72 25311
165.38 12.02 0.16733 31.59 15875
152.11 40.58 0.11840 20.89 5799
204.44 19.84 0.15001 48.02 17266
233.27 9.71 0.13708 20.00 14448
185.55 3.43 0.16273 29.08 26150
202.43 1.35 0.17440 30.95 724
247.62 19.01 0.11543 17.36 1697
220.13 18.01 0.14068 28.81 16794
130.09 8.62 0.18316 16.59 16326
200.46 18.94 0.17276 24.25 32426
125.96 29.33 0.16998 22.83 3615
206.48 14.03 0.17597 27.75 31802
202.39 1.65 0.16312 25.38 24549
120.30 17.97 0.17454 27.44 4567
175.05 13.00 0.10359 15.62 16066
253.66 40.44 0.16509 25.37 22907
191.94 16.37 0.17888 31.25 16406
174.44 1.18 0.11633 15.97 25228
161.28 9.71 0.10756 32.67 15993
158.87 10.27 0.14873 45.29 15701
237.74 9.80 0.12997 21.45 14349
159.15 39.40 0.10046 18.76 6404
147.74 2.59 0.15585 47.10 27265
164.45 40.28 0.12318 18.32 6758
227.27 9.91 0.12847 34.96 16213
152.28 17.69 0.18195 20.62 31463
192.61 4.59 0.13544 23.05 27206
156.65 14.13 0.17956 18.60 14891
179.47 12.86 0.15285 25.27 15713
165.50 6.59 0.17787 24.03 11098
213.43 1.35 0.16588 15.61 592
231.63 9.71 0.11328 27.09 14423
162.68 6.14 0.16974 28.73 11351
168.23 14.77 0.15629 19.51 14958
251.63 25.01 0.10838 19.03 2399
149.93 40.66 0.14571 20.96 5838
140.06 13.26 0.17332 31.55 17140
205.59 2.42 0.10989 16.07 25310
257.41 29.31 0.10337 16.00 12720
179.19 8.73 0.11406 28.02 16095
172.13 14.05 0.16880 24.10 16277
160.97 40.00 0.11534 15.61 4807
246.49 32.59 0.12944 34.70 14291
228.78 3.76 0.11941 24.32 10635
148.87 3.44 0.13973 19.29 23808
213.98 6.93 0.16875 32.15 14781
239.68 39.67 0.12810 25.39 22497
208.30 13.97 0.16960 47.56 16205
258.06 34.51 0.16448 17.59 13114
203.85 14.05 0.12941 41.10 17846
218.02 14.02 0.11796 23.44 16202
175.30 11.27 0.13590 42.04 16004
139.25 11.53 0.14405 32.55 17662
145.11 40.89 0.14955 15.25 5305
239.32 32.81 0.16284 18.34 12985
136.07 9.76 0.18687 20.07 16340
126.48 12.55 0.12166 19.02 4506
165.49 2.10 0.17171 30.67 26640
157.41 39.60 0.12556 16.61 5898
202.88 7.37 0.11080 15.73 26055
155.77 17.31 0.17367 18.75 17549
199.22 15.86 0.13986 29.62 17449
161.27 1.34 0.18166 16.64 24811
246.57 17.37 0.14725 19.69 1608
192.88 0.26 0.14352 16.11 25025
215.35 11.62 0.17093 34.91 16166
198.86 9.86 0.16879 32.37 15317
188.93 3.25 0.10281 18.88 26803
180.01 13.80 0.17666 18.55 15919
252.28 41.65 0.13790 19.88 23007
149.42 1.25 0.17625 23.22 25286
146.91 10.85 0.18678 18.16 14950
160.59 1.41 0.14862 16.86 24230
203.43 10.01 0.17681 37.23 17849
157.20 18.15 0.16380 18.23 18618
217.72 24.13 0.17227 25.53 19721
204.96 7.61 0.16255 28.15 26010
180.51 1.07 0.16430 22.29 24477
219.32 14.98 0.12821 19.80 17003
149.41 5.99 0.16747 18.47 11349
209.30 2.18 0.17399 32.08 28375
248.19 33.61 0.10082 20.71 14293
199.72 2.16 0.11531 19.41 26762
218.58 23.55 0.12493 21.50 19971
231.47 34.41 0.11502 16.31 6318
254.97 25.36 0.15237 28.22 2184
138.24 9.21 0.18276 17.39 15961
164.22 1.15 0.15285 20.53 24604
125.67 22.21 0.17789 16.84 3811
176.13 1.87 0.16964 23.30 24472
219.05 2.82 0.11872 21.10 824
204.63 1.97 0.17009 19.82 28372
172.78 14.40 0.15549 23.03 15818
178.91 5.14 0.15997 19.83 11082
201.72 20.44 0.11855 17.47 20603
222.57 22.69 0.16068 19.68 19659
166.45 38.33 0.15046 17.54 6866
207.12 6.09 0.15664 17.96 27218
191.48 0.52 0.12650 15.96 28483
180.54 9.51 0.12668 29.72 15109
126.34 12.28 0.18007 25.47 4544
238.82 9.45 0.17928 20.33 14445
145.95 12.63 0.14023 22.48 17726
143.42 0.73 0.17454 16.40 24763
248.20 37.66 0.14765 39.31 14289
141.75 1.35 0.18373 19.63 33851
139.04 9.68 0.15377 17.55 15647
166.15 12.44 0.13105 17.39 15914
246.24 40.22 0.17077 28.99 14274
254.40 34.02 0.15203 35.93 14266
156.34 14.79 0.13273 19.92 14959
167.56 17.19 0.17723 16.35 19030
171.27 13.84 0.18114 29.42 15708
217.91 5.69 0.12521 28.94 11178
121.94 13.39 0.18805 15.70 4332
192.14 8.31 0.17300 28.44 16088
214.47 13.69 0.13429 17.36 16215
205.65 -0.17 0.16545 15.76 25042
252.58 25.32 0.13144 28.40 2288
229.95 10.76 0.17295 24.34 16220
247.09 30.47 0.14527 24.74 12938
117.80 24.61 0.14362 15.27 3428
218.04 15.38 0.15941 16.71 16982
152.64 1.68 0.18564 22.50 24256
202.12 16.91 0.17459 29.17 17349
197.78 6.70 0.16378 27.62 11638
152.76 2.06 0.14312 23.76 25289
219.64 2.47 0.10166 16.17 840
229.98 4.26 0.17660 22.27 847
141.59 2.03 0.12935 15.76 33842
