# RA, dec, redshift, radius (Mpc/h), void ID
222.99 0.96 0.36058 19.51 80842
152.18 12.67 0.33203 32.98 96222
212.67 2.55 0.35021 68.72 2654
120.80 15.04 0.30056 52.65 10376
184.96 9.02 0.38393 31.95 47100
141.41 4.75 0.37420 17.20 33840
211.14 9.92 0.34516 72.62 51231
184.03 15.09 0.31615 18.85 50679
123.14 13.61 0.32577 41.94 10479
128.15 8.13 0.30368 34.44 35160
235.69 10.62 0.33382 43.04 44462
126.74 29.67 0.35508 54.50 9490
202.76 4.82 0.34797 47.15 81755
156.34 43.54 0.33569 16.82 21520
139.91 9.49 0.35957 42.68 50163
150.23 6.07 0.30120 48.13 78198
239.63 40.99 0.33290 74.23 69779
120.34 18.10 0.34344 71.73 11069
139.35 38.83 0.31775 33.98 21140
143.02 1.25 0.35853 70.05 74723
252.36 21.59 0.35665 54.82 6675
203.35 20.79 0.37512 40.31 100839
208.37 22.96 0.33814 45.92 63720
223.91 37.76 0.33101 42.09 42003
154.17 -0.66 0.35889 28.66 74409
177.87 7.67 0.32440 72.45 45862
155.08 40.33 0.33416 58.35 15906
142.63 5.06 0.35146 53.90 72943
151.84 16.95 0.30828 47.34 96725
162.93 4.05 0.36717 17.77 28566
216.84 2.18 0.37579 37.88 81126
228.25 43.67 0.33894 18.70 70334
194.04 10.95 0.32342 62.65 47169
164.85 3.46 0.37405 39.80 83652
116.29 18.72 0.39016 16.52 9587
152.69 13.28 0.36296 41.65 95208
230.31 43.42 0.38611 19.09 70501
178.39 1.03 0.34708 57.47 80603
145.38 40.20 0.30979 44.76 21094
152.43 40.26 0.30639 35.95 15990
196.29 -1.06 0.31617 20.70 90592
126.02 2.72 0.31311 31.25 28594
129.50 46.07 0.36475 16.91 42721
183.00 7.47 0.30906 62.55 45948
256.31 35.88 0.31730 60.28 38021
137.03 10.67 0.32115 55.73 47447
167.96 4.63 0.34954 23.59 32668
160.48 38.53 0.31506 40.39 15713
245.94 38.73 0.34353 38.16 44423
146.70 6.81 0.35009 63.84 73560
216.73 -5.79 0.30681 33.09 92130
159.55 41.28 0.31187 31.59 16074
217.27 -5.46 0.32828 26.07 92126
207.41 22.56 0.36061 49.83 98985
125.93 3.39 0.36148 40.36 30038
168.02 37.67 0.31676 54.13 24773
213.55 5.33 0.32700 48.15 29476
158.24 39.22 0.34947 38.61 21454
258.96 31.59 0.34729 28.56 39695
193.49 0.93 0.32495 24.89 74992
164.15 8.06 0.36305 48.97 45814
173.58 15.64 0.31406 44.28 47536
224.63 40.40 0.33717 21.00 41789
190.19 0.18 0.31896 36.87 76089
165.31 1.02 0.33150 60.81 80592
259.32 26.62 0.33311 18.65 38414
143.42 39.96 0.36545 50.78 15258
127.83 12.36 0.33450 51.31 13843
177.67 36.52 0.32329 55.03 19386
203.13 7.44 0.34055 60.60 49612
206.66 5.44 0.35913 55.10 82650
216.65 -3.41 0.33828 30.87 90791
235.45 2.42 0.39013 16.88 1024
206.50 13.65 0.35798 48.72 98034
153.32 14.23 0.33062 18.15 95801
189.86 6.26 0.33921 42.59 78936
135.18 14.89 0.31073 31.05 48078
215.96 9.77 0.35809 44.37 51234
235.29 42.27 0.37252 34.14 69659
135.30 14.35 0.36873 43.02 48196
215.92 21.50 0.32233 16.29 58098
160.63 -0.60 0.35254 21.57 74428
126.21 6.05 0.33683 40.53 36715
183.91 0.96 0.34624 49.08 75699
174.33 38.39 0.34305 42.32 18667
126.94 12.93 0.30185 46.68 13553
215.71 39.62 0.33814 15.54 41943
125.15 13.19 0.35842 41.13 13646
150.17 7.87 0.36782 44.61 77237
227.19 36.50 0.37550 25.08 40550
132.31 8.22 0.34594 35.52 50514
210.33 3.70 0.33811 48.93 81472
152.91 13.74 0.34045 17.36 95152
179.29 0.43 0.31371 43.54 75460
219.93 4.09 0.36323 57.78 29478
144.31 2.07 0.31577 67.31 74645
229.54 12.50 0.36991 48.63 53224
185.29 18.76 0.33688 23.73 66604
217.19 -2.96 0.32301 29.99 90082
189.73 5.44 0.33200 46.77 34122
148.21 5.20 0.34116 44.27 29953
153.37 18.95 0.31574 32.06 60334
128.82 9.51 0.36186 60.25 10868
185.03 5.54 0.34159 40.43 82235
156.57 17.34 0.34481 57.55 49093
142.55 13.46 0.31313 75.36 49254
215.66 13.40 0.32449 54.53 48812
157.28 42.48 0.35326 25.74 15940
139.75 5.58 0.36582 25.31 73051
200.50 2.82 0.36574 53.52 80800
216.33 -0.34 0.37178 30.04 76833
220.95 1.59 0.33244 46.48 587
237.96 32.87 0.35967 52.44 38637
169.15 14.41 0.31624 68.45 48863
225.46 36.86 0.35233 31.98 42024
222.11 36.51 0.36005 19.38 40664
157.51 5.57 0.31720 27.73 34375
118.23 16.36 0.30530 15.75 13875
204.53 14.45 0.36730 49.56 51665
146.68 9.01 0.36435 49.42 50320
167.87 2.54 0.37277 42.19 81055
190.05 15.80 0.36690 21.55 51624
156.98 13.26 0.30444 53.40 47305
184.64 -0.83 0.38086 30.39 88008
187.08 -0.36 0.31622 28.07 74515
254.03 35.97 0.36116 58.96 44405
204.86 7.40 0.38273 27.41 77624
190.22 6.03 0.30544 41.07 34686
193.31 6.73 0.35059 38.21 78942
181.69 34.70 0.34519 30.41 19251
199.57 1.86 0.31566 60.02 3440
166.93 16.31 0.33960 34.17 53371
172.91 5.02 0.31097 23.23 29136
243.46 15.12 0.34028 18.31 5532
151.09 4.50 0.32662 21.55 29211
246.83 32.09 0.35287 51.02 40319
146.91 38.67 0.36070 34.63 15904
226.58 42.66 0.37836 31.70 69546
228.17 35.73 0.38807 27.35 21816
204.91 8.33 0.30327 75.26 47182
241.75 11.83 0.36872 24.63 44454
216.12 2.07 0.35211 54.84 985
150.55 8.85 0.32696 22.58 95942
199.46 2.86 0.34051 42.34 80949
248.94 19.78 0.33954 62.30 4754
229.92 6.02 0.33149 68.28 35653
115.20 24.83 0.36980 19.62 8564
192.91 19.67 0.38388 17.82 61618
167.12 38.27 0.35236 59.01 24913
230.24 43.05 0.34863 16.16 70500
157.38 8.36 0.30962 42.98 45459
157.25 8.90 0.35964 47.13 46125
170.34 4.74 0.37910 24.24 33894
156.37 5.34 0.36886 37.07 29353
172.82 5.16 0.35889 30.88 34116
241.00 6.61 0.34136 28.22 34286
181.95 35.50 0.38196 21.82 19530
205.76 17.91 0.37276 23.85 100611
171.14 16.58 0.36816 37.42 61872
161.04 4.99 0.30873 22.99 29111
245.90 42.42 0.34154 35.59 69375
178.12 34.99 0.34477 29.01 19291
165.48 4.05 0.32258 23.58 83033
153.08 19.34 0.35826 26.86 60331
221.75 18.19 0.31411 30.33 47909
233.49 1.82 0.32037 35.98 832
205.19 3.27 0.35168 39.59 81983
225.92 0.00 0.38104 28.13 588
249.85 28.16 0.32254 57.87 40171
248.63 21.88 0.36688 52.00 7502
212.24 -6.00 0.33406 19.20 93101
152.15 5.33 0.33842 29.64 29315
178.36 35.45 0.30175 35.45 19500
182.15 13.92 0.30411 36.65 46490
126.16 23.33 0.34773 43.49 12853
138.93 8.39 0.31338 22.95 46367
255.03 41.73 0.31641 28.98 70646
201.50 20.88 0.34931 70.52 60491
237.13 11.62 0.38714 26.78 35828
215.19 40.91 0.35022 32.53 41986
207.56 22.09 0.33366 43.16 100501
194.68 13.62 0.35117 67.08 47022
214.48 41.99 0.36825 36.70 72191
126.15 5.26 0.31255 27.71 30069
186.50 18.10 0.31144 37.69 61955
214.40 -6.32 0.36926 48.96 93014
171.59 40.40 0.35885 33.83 22176
158.03 17.06 0.31564 35.58 48561
207.88 0.08 0.34068 46.23 75380
164.04 36.65 0.37599 25.11 19073
153.54 18.63 0.37536 28.13 59853
185.21 8.77 0.32371 42.42 49720
205.51 2.71 0.33378 43.17 820
176.01 8.04 0.34624 55.17 46180
233.97 8.07 0.33617 28.26 44584
146.54 4.96 0.32063 32.12 30753
212.95 3.25 0.31669 47.09 80953
186.70 1.62 0.35556 40.68 76083
146.34 39.21 0.33680 30.90 15341
253.89 24.37 0.32325 58.15 6931
179.43 16.21 0.31156 25.13 56236
218.22 19.37 0.30017 28.77 47908
199.92 13.11 0.33566 45.60 47047
153.52 8.37 0.32037 43.99 46129
205.93 0.51 0.35343 28.78 75385
160.89 1.12 0.31067 40.44 80206
179.24 4.15 0.34684 25.22 33607
249.49 16.16 0.37386 25.83 5392
149.44 7.36 0.32342 25.76 73339
209.06 -0.53 0.36983 24.25 91315
140.37 5.97 0.32816 22.48 73502
202.97 6.81 0.37892 30.86 79390
154.20 2.15 0.31388 30.52 82786
214.21 0.35 0.37386 28.02 537
130.40 8.81 0.30766 31.81 46419
126.16 2.93 0.33676 23.47 29932
250.51 41.88 0.35222 52.14 69266
152.08 17.77 0.36790 62.78 96888
147.63 42.41 0.36893 38.00 20463
181.32 12.07 0.37345 53.56 50747
200.07 -0.34 0.34883 28.77 416
193.36 0.11 0.34752 43.69 76557
202.48 -0.84 0.34375 29.05 76139
234.56 38.23 0.31804 21.01 38779
143.71 13.40 0.34999 59.98 53999
197.28 6.18 0.31358 55.08 29438
151.37 19.28 0.33964 34.53 95691
247.13 17.29 0.30955 53.66 6255
146.48 7.19 0.37504 33.25 36698
202.75 20.45 0.32107 38.55 100837
257.59 30.07 0.30887 38.04 38231
166.40 -0.65 0.36319 37.03 75256
214.55 8.61 0.30839 33.53 47141
190.05 8.02 0.32176 43.65 36193
196.32 6.77 0.34424 45.90 33886
227.29 12.02 0.32774 21.93 47273
146.88 41.91 0.32357 29.08 14616
174.62 2.87 0.34437 32.56 81059
165.12 5.50 0.30366 27.10 36230
182.18 3.91 0.32441 43.74 82059
223.93 8.42 0.35501 61.40 46955
216.96 -0.20 0.34130 22.82 471
118.21 25.77 0.32010 20.68 8432
168.13 40.31 0.32817 36.98 17215
186.12 17.32 0.34111 19.93 62032
138.52 10.48 0.34026 53.76 50401
141.37 39.20 0.33575 32.48 14849
236.24 34.60 0.31804 51.82 38772
210.93 0.69 0.35049 27.34 86609
190.89 19.50 0.30481 31.30 61644
115.78 25.69 0.34653 19.61 8567
184.18 14.69 0.36189 31.82 51552
181.42 34.93 0.31946 25.25 19459
243.99 37.11 0.35876 36.87 44402
201.59 18.75 0.31940 44.14 99902
118.32 15.79 0.32197 20.49 9969
205.86 21.58 0.31258 39.74 101118
217.52 24.56 0.33491 55.60 57997
185.60 8.55 0.36783 40.75 47101
217.32 -2.72 0.30815 19.88 91729
150.94 9.18 0.35363 29.05 46275
207.03 17.63 0.32866 38.47 48837
184.57 5.35 0.34586 47.01 29543
171.65 4.55 0.34780 20.66 29581
153.46 42.66 0.32663 17.67 15174
164.20 41.66 0.31730 26.85 22431
138.38 37.32 0.33852 20.55 15059
226.03 6.08 0.30563 36.34 35495
176.03 13.90 0.34129 49.78 51570
161.98 6.25 0.33266 49.70 34844
174.66 35.12 0.35628 21.89 19524
219.20 23.17 0.30675 44.26 57721
159.80 7.21 0.31648 33.82 34734
240.68 10.59 0.33478 20.94 44768
241.32 8.48 0.32225 34.53 44540
209.70 0.77 0.31337 30.40 74912
234.99 33.91 0.37582 32.54 40204
258.88 26.78 0.39021 17.66 39987
253.84 25.89 0.35500 50.00 6619
210.42 16.83 0.32195 44.57 48793
132.72 8.52 0.32636 23.39 47452
245.58 37.44 0.32287 18.07 44426
156.48 8.18 0.33798 52.69 45924
184.96 -0.21 0.33054 33.24 74810
199.61 3.38 0.31985 25.92 86640
198.90 21.95 0.31110 34.10 60570
205.53 15.40 0.32519 19.43 51303
255.88 29.21 0.31686 38.26 38383
238.50 10.87 0.33154 21.61 44554
212.03 6.23 0.37498 31.27 34703
236.53 11.50 0.36163 28.65 36016
126.76 14.50 0.34846 18.57 10605
151.49 10.08 0.31045 17.24 46277
218.02 14.94 0.31229 30.25 48814
203.76 6.42 0.32811 52.32 81889
194.59 7.74 0.37057 17.41 79227
230.17 35.59 0.32838 42.65 16097
128.83 30.84 0.32328 16.51 9492
160.17 37.79 0.33794 23.04 23293
247.62 35.52 0.34921 44.05 44433
205.74 21.30 0.31871 76.63 66437
228.12 0.66 0.32576 34.16 238
187.60 19.00 0.32219 34.15 67420
153.39 19.45 0.37973 28.87 97406
207.97 23.08 0.31399 21.83 99158
162.17 5.75 0.35442 36.33 34450
151.53 6.39 0.35101 24.40 34189
198.17 -0.07 0.34846 27.83 76583
144.18 10.23 0.32812 23.01 46457
205.15 5.15 0.31788 39.83 81371
154.14 8.18 0.36402 44.37 49768
214.63 -6.49 0.31099 19.85 93055
213.84 -7.01 0.32425 23.30 92914
215.37 -6.34 0.34082 45.99 91820
148.57 -0.87 0.36764 33.05 89687
187.25 8.85 0.35015 36.66 49723
141.65 5.12 0.31404 37.74 72900
210.37 1.65 0.31726 32.25 3246
214.93 1.65 0.33550 33.70 86613
179.18 14.05 0.30894 30.25 46487
242.20 12.57 0.34579 22.14 45169
197.31 23.82 0.35840 17.10 59210
160.20 14.01 0.31076 19.44 47379
221.28 11.58 0.33847 66.24 47271
135.83 11.68 0.35901 24.78 49475
240.00 42.78 0.36728 25.64 69805
181.34 37.66 0.38122 18.89 18564
217.06 1.69 0.31834 20.41 80813
141.59 38.60 0.31466 22.44 14994
200.93 2.88 0.36789 45.02 3306
248.44 40.85 0.32156 41.82 71555
117.26 21.01 0.38507 29.55 9472
126.56 3.93 0.36534 20.54 30042
199.76 10.60 0.31798 62.16 51217
187.33 6.60 0.35685 27.19 78367
197.53 0.61 0.36306 30.83 2936
246.92 31.43 0.32592 61.24 38762
145.28 -1.64 0.35163 18.89 74371
214.98 26.26 0.35419 24.88 57285
158.65 18.75 0.38599 19.87 59634
258.04 33.60 0.31236 19.31 38316
167.63 16.65 0.35512 28.78 48897
241.65 30.73 0.35768 47.16 38693
213.87 41.99 0.32535 23.63 70252
153.20 18.72 0.32907 27.70 97407
144.48 7.53 0.31637 31.81 73666
196.30 -0.47 0.35463 20.26 76227
126.99 27.17 0.33738 28.90 9688
200.79 0.01 0.37851 19.47 75537
125.22 2.52 0.34728 23.86 29928
156.27 2.83 0.30373 15.98 80344
173.17 -1.31 0.38455 20.42 90258
251.41 31.81 0.34064 39.14 44416
124.22 1.32 0.35647 20.83 26753
124.15 23.32 0.36153 42.44 9772
222.59 0.36 0.36738 27.18 3009
153.19 -0.20 0.31723 34.49 75798
247.70 20.91 0.32434 24.91 4792
252.34 20.49 0.38115 33.71 7091
184.47 5.03 0.36356 43.15 81900
196.87 4.30 0.38228 18.87 82085
169.11 4.56 0.33950 17.65 85946
198.48 18.33 0.31237 24.06 98680
142.04 3.86 0.37734 28.99 73182
256.79 25.33 0.34363 43.88 38366
149.30 13.16 0.36113 22.12 47363
162.63 6.63 0.30862 29.03 45348
225.20 7.80 0.32500 38.14 45725
123.80 21.63 0.36865 43.77 9725
191.10 15.56 0.30950 25.60 47203
215.63 40.11 0.32110 17.85 41863
122.54 15.36 0.36937 27.90 13441
220.96 37.94 0.32461 15.14 41873
149.91 14.05 0.37906 30.18 53881
124.31 22.74 0.33705 36.72 9708
116.99 22.66 0.32310 27.63 9536
177.99 3.85 0.32273 25.05 33623
126.93 9.60 0.32052 22.45 54348
230.68 13.09 0.34915 31.29 48386
208.44 15.13 0.36866 26.73 48809
117.42 24.17 0.38701 22.95 8383
139.86 39.12 0.36583 35.65 14848
214.11 0.65 0.31610 38.02 585
245.26 29.86 0.35553 31.82 38850
216.71 23.59 0.31678 25.81 57996
129.21 11.87 0.31245 24.21 45320
156.84 40.37 0.31306 24.36 21980
185.22 17.81 0.36212 18.29 61953
174.00 35.62 0.34196 31.04 25802
176.02 38.35 0.30205 33.17 25335
136.97 15.45 0.33368 25.09 52446
172.31 4.91 0.32633 18.67 32677
170.44 15.32 0.34787 44.79 47416
214.86 42.11 0.38484 25.16 70122
216.78 2.67 0.33287 34.63 81123
254.65 42.97 0.30387 23.05 71004
147.55 38.27 0.34923 15.07 15860
124.50 1.72 0.37031 23.60 28866
158.72 15.54 0.30664 20.58 49450
151.22 41.46 0.37449 34.86 20994
226.70 1.71 0.33973 38.57 1082
171.37 4.34 0.35663 15.84 29626
147.22 7.60 0.31101 29.23 73617
155.10 17.60 0.31065 28.38 55989
246.41 19.03 0.36283 27.71 5071
206.34 16.87 0.30999 30.98 99966
154.88 5.71 0.34609 35.28 36395
183.72 6.10 0.32816 34.99 82062
191.20 15.21 0.31839 21.06 47586
219.09 2.37 0.33963 23.88 992
204.07 13.18 0.32962 24.02 47258
158.52 10.90 0.32797 24.73 46974
205.19 3.07 0.31592 22.86 30483
118.03 17.87 0.31427 27.18 11142
149.06 -0.55 0.30440 33.37 74404
158.93 38.01 0.36543 36.85 18805
216.18 1.16 0.35343 37.86 79879
222.00 38.33 0.37811 32.44 43267
171.51 37.28 0.33390 30.15 19023
169.12 -0.40 0.34554 38.83 76329
253.56 41.47 0.33366 32.37 71401
215.44 4.09 0.37099 37.76 31908
159.07 40.97 0.36730 37.97 16101
222.53 9.90 0.31506 26.13 46973
222.91 -0.02 0.38444 29.20 234
239.21 11.11 0.31825 20.09 37319
156.60 14.60 0.36920 53.90 49426
214.44 40.30 0.38144 17.26 41959
201.45 -1.16 0.30148 16.22 91289
179.63 14.30 0.32838 35.67 47483
249.96 32.44 0.35096 27.00 44444
140.10 2.05 0.38786 18.00 104388
219.08 21.27 0.31749 34.84 63699
148.81 2.09 0.36437 39.95 73136
143.14 12.92 0.37473 34.36 53770
242.72 7.45 0.31083 18.69 44522
186.02 16.26 0.38240 20.71 56384
198.19 22.26 0.37526 25.63 59916
218.49 7.57 0.35062 17.20 51225
195.95 4.75 0.37268 23.23 81347
255.90 39.67 0.35028 50.94 39706
146.13 4.24 0.35691 33.18 28509
149.58 42.31 0.34794 22.53 15215
241.55 6.01 0.35762 22.49 35448
