# RA, dec, redshift, radius (Mpc/h), void ID
130.83 46.04 0.57245 20.37 46129
151.78 2.08 0.50452 93.95 82903
137.61 37.51 0.56051 54.73 27008
128.42 44.91 0.57663 34.45 45839
131.39 31.23 0.51841 16.63 47617
258.38 26.64 0.50088 56.76 42959
147.87 -0.28 0.56450 70.34 78693
199.13 -0.42 0.53057 56.83 13412
120.89 8.28 0.59275 17.33 56399
207.30 10.09 0.51361 41.28 87189
138.29 2.73 0.52044 77.78 7462
239.51 41.90 0.50683 90.05 75167
120.38 10.14 0.57981 30.25 56447
151.31 8.62 0.56256 44.47 98738
214.75 42.36 0.50258 55.48 75207
157.94 -0.72 0.51432 56.66 97311
156.80 11.08 0.55456 70.87 50850
141.41 -0.18 0.56688 43.86 2723
134.31 17.68 0.55502 18.78 49453
153.16 14.62 0.55353 77.82 100288
177.72 13.40 0.50148 69.63 51012
140.08 41.86 0.53151 20.54 25389
225.65 6.21 0.51855 76.29 41836
210.90 -1.03 0.56094 25.80 15067
192.71 15.06 0.52011 83.65 52276
205.06 35.92 0.53729 76.87 9720
171.05 40.33 0.51845 46.00 29881
138.52 21.87 0.54381 51.06 62916
133.17 7.53 0.51587 41.33 50952
245.40 15.74 0.53389 79.22 17729
159.93 11.13 0.53214 105.96 56174
250.32 20.71 0.55361 76.97 18941
173.15 -1.70 0.54655 31.89 97258
118.03 15.33 0.51062 31.95 22633
142.22 37.62 0.51534 24.70 28512
213.54 21.96 0.54155 31.44 61940
178.49 7.14 0.54514 73.19 42148
168.79 -0.96 0.55055 29.28 2520
136.51 41.25 0.51513 23.17 26280
181.22 -1.35 0.56706 44.03 78837
148.44 14.19 0.53327 66.68 55717
188.64 0.23 0.51306 78.45 79307
201.42 8.06 0.51060 41.89 56185
233.54 11.59 0.53257 78.60 42058
220.88 25.51 0.51252 34.61 60970
178.86 2.73 0.50382 50.03 83207
131.61 13.75 0.55364 16.17 53710
189.49 7.84 0.52005 37.60 81886
193.98 35.96 0.50509 43.59 12229
168.85 18.88 0.57924 22.05 68962
156.84 15.84 0.53266 74.52 55964
235.20 40.61 0.54193 46.68 71644
128.87 2.18 0.52730 49.95 38081
121.28 7.32 0.54581 16.88 56352
189.13 9.64 0.53150 84.18 50289
135.35 7.24 0.50091 48.31 41016
133.87 47.31 0.51111 39.49 57664
238.73 33.92 0.54368 59.32 43246
217.43 24.93 0.50756 59.91 60841
245.39 18.11 0.50453 67.76 17689
226.56 12.38 0.54948 72.26 52429
126.00 1.88 0.52088 34.72 37730
231.79 3.83 0.51103 51.76 36132
129.92 38.59 0.54061 16.49 1175
225.03 -0.25 0.52016 42.22 12956
193.74 20.11 0.56747 53.75 70706
152.05 10.02 0.51117 56.16 99617
146.91 48.64 0.56495 27.83 57920
140.93 3.76 0.54966 40.03 39925
128.62 45.50 0.52326 26.57 45883
168.78 -1.33 0.50315 43.14 97395
193.64 38.86 0.50266 75.40 9481
203.51 9.77 0.50681 56.93 87187
193.30 10.85 0.51244 72.09 50212
141.92 41.49 0.54443 18.70 26579
205.33 38.90 0.54438 40.77 32881
205.51 9.45 0.53005 60.78 52136
187.19 2.07 0.50498 44.42 82637
174.36 35.83 0.54734 62.72 32988
134.12 1.51 0.53598 54.67 7445
147.61 49.66 0.50736 21.44 58152
176.45 8.01 0.51299 50.29 52023
213.84 6.55 0.52743 60.09 39425
210.56 24.18 0.52786 21.87 104127
128.41 34.94 0.53597 32.22 20631
149.87 -0.56 0.52687 37.22 2492
139.58 2.32 0.56886 60.03 39882
224.62 41.86 0.52386 49.46 73561
156.28 -0.55 0.54044 52.38 2751
165.55 18.51 0.51046 39.74 70009
140.08 6.08 0.51939 42.31 77571
170.26 -0.73 0.58089 23.69 2034
206.06 23.41 0.53451 69.21 68705
196.55 7.08 0.54339 78.21 49411
156.18 43.23 0.50840 32.56 28805
233.93 20.25 0.50857 79.63 12571
127.77 22.54 0.55886 49.80 22638
259.18 30.33 0.50344 39.31 42842
184.36 18.08 0.52297 73.67 71147
145.92 37.90 0.51872 49.02 29271
125.50 2.22 0.54203 48.20 37743
189.15 16.66 0.51295 48.80 52372
127.13 38.79 0.52113 58.42 1375
168.22 5.18 0.51490 49.59 38590
222.82 3.68 0.52260 65.65 37663
219.53 8.86 0.51144 66.71 52240
204.81 14.60 0.53111 41.90 79980
150.97 17.05 0.56045 43.21 100906
127.99 44.21 0.56562 34.44 44562
238.42 36.69 0.55138 68.87 43454
144.02 4.92 0.52227 59.53 77147
248.23 21.12 0.53111 65.76 18769
117.23 32.56 0.53468 61.68 880
170.55 13.48 0.55186 55.78 51546
226.53 19.64 0.54096 68.62 12701
143.03 13.97 0.52753 55.10 55732
234.29 37.53 0.56199 53.55 43440
119.44 17.86 0.54275 46.06 24513
209.93 35.32 0.53598 43.79 9842
134.83 47.32 0.54341 33.11 57537
203.58 10.15 0.53439 35.72 85923
188.67 19.43 0.52440 47.29 70656
199.83 0.42 0.54327 62.66 79162
152.22 41.78 0.54453 57.83 28763
127.46 10.08 0.52781 57.16 56836
204.01 12.43 0.55053 64.06 51870
251.64 38.15 0.51682 54.52 48716
173.30 16.68 0.50092 87.01 55129
242.53 9.26 0.54466 57.64 49219
203.91 6.83 0.56367 29.46 42217
235.79 14.51 0.53766 64.82 42054
193.08 0.39 0.56361 53.43 79374
143.80 -0.83 0.54367 35.41 2478
137.46 40.84 0.53521 34.98 26023
144.61 15.49 0.50186 38.29 55542
139.03 7.00 0.51832 75.63 40943
151.84 21.59 0.59081 19.99 104963
226.56 33.56 0.55637 62.45 31196
134.19 48.02 0.57282 35.06 56886
197.71 23.02 0.54197 38.06 101992
183.55 1.58 0.55801 59.94 37371
206.24 0.12 0.50624 62.33 78668
129.58 30.15 0.53415 37.83 21723
121.78 29.80 0.50801 64.09 20688
199.41 8.56 0.52238 56.71 52126
131.61 52.90 0.50843 29.79 44903
200.79 17.08 0.51188 68.49 58884
254.92 31.11 0.53604 62.27 42649
137.38 41.10 0.58675 28.40 26031
243.53 30.33 0.56081 43.31 43403
138.45 21.93 0.51297 39.04 62641
198.68 18.01 0.53378 52.79 101821
173.10 18.32 0.57247 30.59 68822
210.87 -0.85 0.50461 41.48 12940
154.69 19.41 0.53975 52.03 67509
219.14 37.33 0.55090 59.73 44659
217.62 -4.04 0.50330 36.09 94764
210.61 15.80 0.57056 50.48 55104
217.96 -7.73 0.50843 17.39 90091
216.26 8.56 0.52726 43.28 49545
145.79 15.49 0.52815 53.55 54840
210.01 16.52 0.53835 72.74 54639
139.84 0.19 0.54791 38.38 6126
145.98 8.25 0.52198 33.01 77485
169.27 16.17 0.52479 63.54 55128
200.97 19.63 0.50329 50.75 69595
219.49 14.18 0.55041 48.35 55108
236.28 7.52 0.52859 55.26 48923
187.14 20.57 0.54007 22.80 70786
182.39 34.32 0.51638 37.01 34410
140.25 11.13 0.51444 32.04 51681
126.54 24.32 0.51372 49.29 21912
234.63 38.46 0.52208 49.47 43449
152.19 7.44 0.52619 47.94 50079
175.14 34.41 0.56818 41.93 34393
195.76 0.43 0.54393 55.33 13382
181.25 4.96 0.55634 59.87 40578
117.67 20.86 0.50076 61.65 21717
134.34 15.14 0.53904 48.58 53387
151.57 4.36 0.55758 72.31 85230
200.45 39.27 0.57588 40.22 9503
186.10 19.77 0.50383 47.16 70733
210.01 -0.88 0.52778 35.13 78621
152.47 16.36 0.52335 50.03 100381
208.39 14.90 0.51846 56.71 55038
153.17 17.11 0.53818 61.66 54810
209.69 11.54 0.53492 70.44 52686
230.18 9.26 0.55994 56.57 51829
202.46 7.76 0.57923 32.13 81854
156.25 38.98 0.54853 70.32 29087
218.21 11.05 0.54058 42.46 51936
159.91 1.51 0.52972 36.81 79621
198.21 22.04 0.51641 22.24 101920
174.50 0.24 0.52905 70.00 79510
196.80 2.94 0.53711 54.68 14205
174.11 16.36 0.57378 41.67 59011
118.62 26.20 0.53311 37.83 20623
197.91 35.79 0.56845 49.51 10574
172.87 11.05 0.56843 50.01 51698
149.05 44.15 0.53727 30.12 26546
181.18 2.70 0.52780 60.15 83132
139.37 -0.17 0.50154 21.20 79043
135.15 5.24 0.52711 55.05 40861
221.32 30.04 0.52561 57.31 9420
142.44 13.60 0.51391 47.02 56024
152.58 12.77 0.50528 58.96 98170
195.27 4.01 0.56789 51.42 38651
216.07 -0.56 0.53049 40.44 17232
207.66 1.52 0.50490 37.37 14037
178.67 3.29 0.54781 60.99 83850
174.46 33.96 0.52822 16.92 34657
230.82 43.88 0.58858 25.51 74180
191.14 38.11 0.53997 64.90 9698
222.69 2.71 0.53698 40.46 83341
175.18 -0.61 0.53415 24.15 8664
138.68 20.75 0.56460 21.24 63252
206.49 18.82 0.50326 61.74 103692
206.86 13.55 0.55507 62.89 52685
204.22 19.05 0.55215 34.56 69584
175.16 35.57 0.50950 79.76 34815
175.53 17.19 0.55503 35.99 70917
241.00 6.20 0.51907 61.23 41625
198.24 23.20 0.53666 56.03 66937
213.65 1.23 0.52548 38.11 79634
204.05 4.70 0.52998 72.22 83372
116.86 24.33 0.53913 49.69 20621
179.06 2.64 0.51079 36.85 39725
148.18 40.38 0.51036 55.96 28514
229.35 2.73 0.52003 49.16 37668
186.12 36.65 0.50062 57.11 32990
259.18 36.00 0.50550 45.84 42533
208.83 16.43 0.51437 29.38 102847
139.84 -1.07 0.52822 24.28 78882
208.05 9.03 0.57880 30.24 85759
203.94 8.53 0.57056 37.00 50506
197.78 37.62 0.50979 57.67 9712
198.66 -1.42 0.50729 34.31 89325
127.17 43.60 0.51740 27.21 46168
150.15 -1.41 0.55116 21.91 92850
173.02 13.76 0.57385 43.66 52632
135.40 1.04 0.50216 44.32 7560
174.54 0.83 0.55555 47.05 88680
211.45 5.14 0.50264 51.30 83540
147.09 48.89 0.55317 23.34 58106
138.00 7.03 0.58264 17.72 77617
208.70 17.58 0.52935 35.81 102925
155.81 42.67 0.53284 55.25 27747
202.33 10.18 0.54366 37.33 56189
195.47 6.39 0.51183 40.94 81177
140.10 22.92 0.51915 17.78 62984
227.84 3.12 0.54660 73.42 37675
167.10 18.89 0.53645 25.63 70271
203.83 -1.05 0.50812 38.41 13008
205.78 11.89 0.52892 49.82 86325
150.20 8.09 0.54539 45.11 97966
144.51 2.34 0.52854 55.65 77249
240.76 9.06 0.50910 49.14 49261
169.54 38.98 0.55112 68.29 34000
231.43 12.90 0.57719 41.22 55100
207.01 -1.14 0.54270 57.05 79249
138.46 15.08 0.50972 33.12 53750
243.22 14.86 0.55841 56.64 17919
219.62 2.81 0.53659 47.10 82602
151.69 14.69 0.52834 35.52 100255
235.02 42.19 0.51477 44.53 75864
147.87 37.76 0.53319 41.01 28675
131.96 8.80 0.55502 73.21 55689
178.73 16.01 0.53335 57.31 58935
187.24 38.06 0.55119 41.49 9751
183.36 15.53 0.52820 31.75 52799
235.13 2.09 0.52506 38.77 14299
133.85 17.29 0.52759 17.16 53035
203.83 18.42 0.52827 40.59 69585
140.32 22.21 0.56030 31.09 62924
177.01 -0.13 0.52515 32.77 8588
154.40 42.54 0.56416 53.42 28803
243.27 8.12 0.52933 23.25 42078
221.06 14.37 0.52467 39.05 55109
151.92 10.37 0.54396 54.55 99659
229.71 43.49 0.57236 39.74 75785
251.86 19.15 0.52770 33.53 18701
120.04 11.57 0.54507 48.30 23828
211.44 9.42 0.54899 48.36 52185
157.07 13.20 0.51902 44.67 52451
202.37 5.04 0.57458 45.87 38786
213.61 34.80 0.50806 70.73 9273
178.87 34.42 0.52848 56.06 34459
231.29 26.13 0.50565 72.33 12516
226.50 11.97 0.52509 38.74 55047
209.83 6.25 0.52766 62.54 41455
202.10 -0.67 0.56651 47.69 79163
143.35 15.61 0.58512 28.62 54831
197.89 18.84 0.57180 40.98 101913
131.74 9.28 0.51967 38.27 51129
193.26 -1.55 0.51013 22.16 93294
204.30 4.96 0.50539 43.42 83699
177.70 -0.42 0.55053 58.28 79302
211.37 1.13 0.57107 49.61 79632
254.15 25.34 0.54946 45.79 18865
188.06 16.91 0.56030 46.74 71167
128.60 26.99 0.54665 30.03 22062
236.78 44.37 0.50860 30.42 74370
204.60 3.20 0.56945 58.23 36287
156.23 1.31 0.53571 52.13 82692
181.23 15.52 0.54038 49.29 51177
132.68 3.94 0.50600 73.09 7581
240.64 22.69 0.53612 38.56 12476
147.79 5.21 0.54028 63.54 77065
207.29 -1.50 0.54394 20.89 16245
182.91 15.91 0.55034 32.04 58865
176.54 4.61 0.53317 73.19 39729
149.65 10.73 0.53430 65.19 50945
202.03 -0.40 0.51865 48.73 13006
146.76 0.15 0.50879 39.76 2921
221.68 19.98 0.53051 55.64 69572
141.01 4.14 0.52385 32.15 39977
125.32 14.91 0.53927 62.22 23302
170.09 -1.08 0.56108 21.27 5019
207.47 15.15 0.52926 48.86 101508
152.16 6.09 0.54925 40.56 40848
140.69 22.25 0.53086 25.99 62869
134.34 8.84 0.53424 54.32 51056
231.80 30.41 0.50066 53.69 36045
186.28 5.97 0.51715 36.16 40639
146.54 6.04 0.50580 44.47 40557
213.55 -5.75 0.52537 62.37 94307
186.50 1.27 0.55672 42.24 3269
170.72 37.07 0.52956 49.63 33892
198.19 0.65 0.52732 51.37 88621
169.70 35.78 0.55837 37.98 32930
117.89 24.58 0.51543 58.69 21104
130.76 46.74 0.51264 30.09 46156
241.05 34.90 0.56337 33.04 43458
242.84 29.90 0.52033 63.61 43311
117.56 19.44 0.53068 63.85 21628
186.67 2.99 0.53331 66.36 82672
236.97 15.76 0.57521 39.48 12668
239.54 8.73 0.54465 38.83 41954
190.22 20.81 0.52577 28.95 70867
166.38 18.15 0.52640 31.62 70011
223.31 24.49 0.57156 31.86 60976
232.96 31.98 0.56479 47.43 29583
225.39 23.57 0.53243 48.94 61213
152.17 3.91 0.56211 28.02 38011
242.30 35.56 0.51920 60.75 43469
185.51 0.74 0.51071 46.76 3268
200.57 20.47 0.52407 42.34 103754
228.54 35.42 0.50824 41.67 29624
188.90 2.70 0.56828 40.34 37607
180.86 -0.49 0.54604 32.83 78836
199.12 21.44 0.52917 27.26 102184
126.54 42.14 0.54400 46.67 904
191.54 2.61 0.54041 21.90 39817
156.76 6.24 0.53317 55.32 40670
171.22 2.44 0.52988 55.53 83125
208.77 24.00 0.56145 36.08 102561
123.62 19.56 0.51993 36.27 22470
142.82 7.26 0.51080 49.51 77450
201.88 12.11 0.51985 69.16 51676
150.60 6.53 0.52381 24.26 40683
171.60 5.26 0.52048 25.13 40045
122.48 40.26 0.50718 21.06 1026
255.77 42.75 0.50724 36.69 76291
236.03 37.87 0.51146 42.93 43288
160.22 0.74 0.56196 58.22 78956
147.03 37.77 0.56299 43.54 29213
166.09 -1.36 0.54615 59.26 92921
117.79 31.15 0.51585 33.45 1264
180.27 1.87 0.54204 79.41 37164
217.82 22.52 0.54094 68.30 61970
175.97 5.86 0.50492 34.98 40314
159.11 2.90 0.51878 66.59 37485
137.08 8.81 0.52970 45.04 50939
224.32 -0.21 0.55384 54.03 13178
225.53 37.44 0.55649 60.17 46541
217.32 19.74 0.53987 43.14 66776
226.99 15.61 0.55549 27.42 54772
146.75 -0.54 0.53772 47.45 2484
214.37 2.32 0.51317 32.88 88656
165.05 -1.81 0.51359 25.63 92913
120.92 29.21 0.54543 63.09 20877
203.86 9.74 0.56119 59.06 87188
210.81 1.87 0.51862 56.96 13944
201.76 24.71 0.54873 43.81 68703
201.93 0.19 0.50499 71.11 78725
210.08 24.37 0.54688 23.02 104260
182.90 9.68 0.54204 18.95 107184
186.29 9.83 0.51186 34.55 52155
157.38 2.07 0.51262 44.16 82740
249.81 17.07 0.52953 46.01 17523
211.59 -0.98 0.53011 31.09 13458
126.93 8.70 0.54591 44.06 56667
198.35 24.33 0.51482 16.52 68631
201.71 35.68 0.55457 38.65 9664
197.82 -0.38 0.50356 33.82 13001
207.27 25.81 0.57366 27.97 61770
254.67 20.84 0.53493 30.34 18617
217.46 9.21 0.54333 38.35 52229
123.53 39.03 0.52034 35.65 1048
146.77 49.34 0.52192 21.66 58460
176.77 3.45 0.51707 38.60 83129
238.63 8.64 0.50507 28.35 48794
129.04 31.24 0.50659 38.75 21614
208.85 33.71 0.56248 35.78 10982
203.43 35.47 0.50177 49.70 9669
214.18 -6.43 0.54705 30.95 95005
131.89 13.97 0.50593 19.11 54431
153.14 6.93 0.50261 44.85 49650
217.24 0.49 0.52409 70.18 79706
166.80 -1.16 0.52018 28.16 97933
144.07 -1.86 0.58467 24.79 92831
119.78 21.61 0.52155 62.00 21911
199.03 -0.91 0.52256 35.92 94160
232.07 -0.09 0.54988 18.05 13282
220.87 6.31 0.51590 39.65 41828
234.25 30.74 0.52102 67.16 32464
236.99 43.20 0.54957 61.22 75082
181.56 8.22 0.54195 51.37 56193
148.81 5.64 0.56753 57.73 77314
230.78 1.10 0.52814 46.23 13946
169.89 2.83 0.54820 48.57 82863
178.40 0.04 0.57643 31.11 8589
191.31 8.82 0.55912 52.28 52124
127.47 14.46 0.50922 55.54 23892
146.14 0.81 0.54444 33.76 6266
151.43 2.50 0.53609 50.65 82664
166.85 -0.99 0.54861 31.28 7647
144.09 37.55 0.55037 43.83 28328
124.93 34.51 0.52630 60.92 20726
149.36 9.10 0.52338 38.17 77518
137.35 10.04 0.50981 44.03 52630
162.02 19.27 0.55772 23.83 69799
229.31 31.75 0.52180 46.89 32716
236.37 26.29 0.50830 72.83 12484
256.02 28.64 0.51416 42.09 43013
223.46 30.04 0.50496 30.44 12189
227.57 18.78 0.50062 35.11 12766
159.00 41.40 0.53040 35.78 29586
227.88 0.42 0.52600 41.55 13605
133.11 14.59 0.58016 30.20 54433
247.21 28.12 0.56623 40.58 43405
208.11 10.99 0.56079 29.05 86279
227.01 10.54 0.51557 39.65 52409
208.34 16.04 0.56172 58.80 103124
166.14 40.29 0.56565 37.14 30703
229.94 29.78 0.53839 35.58 9323
194.97 -0.42 0.57716 30.70 2027
214.89 14.93 0.51006 37.66 55083
229.08 13.50 0.54106 37.35 54983
213.12 12.19 0.51899 40.89 52411
213.75 25.45 0.54011 55.51 60786
192.82 -1.44 0.56726 43.44 95834
162.93 1.21 0.51572 58.09 83036
123.44 27.86 0.54266 61.72 21182
238.60 11.73 0.53617 53.09 42060
260.41 34.39 0.56066 51.19 43679
209.22 1.22 0.51663 23.95 88623
199.20 -0.68 0.56111 44.39 13248
154.25 -0.37 0.56508 53.70 78952
187.85 -0.17 0.56440 47.83 2986
204.14 7.51 0.51242 46.85 50505
176.55 16.77 0.51024 36.11 70901
215.18 -1.03 0.55102 33.15 16522
127.26 7.53 0.57322 38.56 41187
236.18 4.66 0.50479 58.86 41865
124.41 32.42 0.56192 47.61 1635
217.66 -2.18 0.54705 55.87 93181
128.22 45.00 0.54258 42.02 44689
206.01 7.92 0.56641 56.53 49547
180.23 36.82 0.50894 57.88 32941
150.85 5.12 0.52530 39.55 38583
245.57 27.79 0.54272 30.99 43156
120.24 27.89 0.51817 40.44 20686
157.14 42.74 0.51998 28.03 28710
240.29 19.40 0.55159 53.46 12555
238.89 39.28 0.52506 26.25 48763
237.04 30.60 0.52869 51.09 43534
212.21 5.86 0.56071 24.91 80336
195.32 37.62 0.54574 62.47 9691
137.24 0.96 0.54715 46.45 7450
216.31 31.86 0.50590 46.93 12260
202.05 25.46 0.52799 23.86 63392
242.11 32.55 0.54730 52.66 43266
239.30 5.07 0.51292 36.06 39698
176.28 39.14 0.51714 55.04 33467
141.42 -1.28 0.55328 31.93 92825
125.08 14.96 0.50890 53.92 23561
166.26 8.83 0.50100 51.16 50085
216.69 -2.68 0.56410 26.29 93917
122.53 32.64 0.52249 44.33 1728
241.36 13.85 0.50647 41.15 18374
241.39 12.50 0.55707 43.15 48771
210.47 12.13 0.50839 51.72 51825
216.73 42.27 0.55814 57.40 74983
203.61 17.90 0.52809 68.49 103220
207.59 13.21 0.54756 40.74 80107
206.91 19.32 0.57053 39.96 69597
163.51 8.82 0.51032 22.95 50083
165.95 36.78 0.52848 26.33 33167
201.89 6.66 0.53404 36.75 82003
155.74 -0.26 0.56606 28.65 7482
205.10 34.21 0.57260 18.46 12145
227.86 43.70 0.54416 47.99 76004
208.04 2.20 0.55833 67.61 83021
217.77 35.27 0.53599 30.14 9370
124.45 39.88 0.53666 29.45 1049
241.43 11.10 0.52093 48.18 49064
179.21 39.00 0.57795 39.54 31624
193.95 -1.08 0.56101 31.92 2268
171.68 37.41 0.56329 33.70 33964
120.09 25.95 0.55903 58.79 21574
154.33 6.41 0.52592 35.29 40684
248.41 13.86 0.55247 46.39 17848
207.77 34.10 0.57205 36.07 9401
124.95 3.63 0.56028 54.82 38612
125.76 5.35 0.52295 63.80 39182
219.65 12.26 0.53372 44.45 52389
200.12 18.22 0.57940 35.87 103651
174.75 17.70 0.57476 22.02 69923
246.46 43.20 0.52363 43.09 73316
211.12 37.13 0.54837 39.41 9324
173.39 15.67 0.55619 41.81 55317
145.31 5.54 0.56307 39.43 77202
179.00 -0.79 0.55865 30.86 2040
243.37 13.60 0.51053 42.96 18377
189.96 8.05 0.55035 36.78 81313
208.15 24.88 0.54628 28.98 61745
228.55 27.07 0.51744 54.25 12509
216.25 26.69 0.53517 30.27 61034
239.53 16.45 0.54759 29.27 12585
162.02 -1.13 0.56138 17.63 7634
202.02 25.47 0.50984 17.42 61402
189.67 35.91 0.55009 43.72 10616
226.65 32.98 0.52826 34.68 32165
242.38 10.16 0.50268 24.05 49160
208.97 -0.85 0.51112 44.38 79527
197.97 17.86 0.54767 26.09 70989
189.73 0.44 0.50867 19.00 3273
203.85 0.69 0.53901 67.61 79526
134.74 0.13 0.56816 22.89 6164
218.07 -1.22 0.54013 32.99 16315
209.26 23.99 0.54128 25.98 104110
248.27 41.61 0.51260 16.25 73366
205.38 13.85 0.54992 18.99 79870
201.63 8.25 0.56311 56.51 50504
163.30 0.27 0.53697 64.83 2386
121.45 16.13 0.52153 39.98 22965
248.26 36.02 0.56875 35.55 48737
229.79 43.51 0.50930 30.16 75787
237.94 5.30 0.53001 30.36 40654
139.44 6.48 0.55233 35.78 39100
234.89 41.49 0.55950 34.46 75865
147.41 8.14 0.55635 57.86 77430
203.56 14.38 0.57073 43.61 52394
214.03 4.85 0.55129 70.82 37664
231.13 36.48 0.54505 45.35 43178
179.30 16.82 0.51258 25.25 70911
189.61 19.23 0.55158 62.03 70703
218.97 0.57 0.54947 49.99 79563
151.76 -0.78 0.52038 31.82 2735
156.47 -1.24 0.53533 38.14 78598
180.63 5.60 0.53687 27.98 84431
123.17 23.61 0.57231 38.44 22060
214.66 1.23 0.56422 54.75 88643
201.60 5.99 0.57307 37.07 81646
140.95 3.87 0.54740 63.90 77277
216.26 39.00 0.54553 59.57 31315
170.01 19.10 0.55831 18.89 70152
212.40 -4.72 0.52792 19.62 94722
184.41 0.98 0.53247 49.22 36175
204.64 8.53 0.52601 36.87 85662
172.17 10.56 0.52417 22.33 50794
153.11 4.70 0.54578 37.25 38112
144.86 4.67 0.58358 28.75 40558
163.74 6.63 0.57073 53.23 40799
250.42 42.04 0.56398 39.83 73482
162.07 12.16 0.50317 49.37 51884
245.93 36.66 0.53759 70.97 48758
174.05 9.42 0.53319 33.02 50066
141.64 8.60 0.54850 27.60 50927
146.28 0.85 0.57446 26.59 79675
212.69 16.38 0.51516 43.40 54923
228.19 35.30 0.52435 52.36 31517
178.84 -1.28 0.54179 28.01 95706
216.75 21.33 0.50600 55.12 68643
218.50 15.02 0.53393 37.43 55096
127.87 38.50 0.54714 44.42 1254
207.83 13.03 0.52304 37.97 79914
227.77 26.41 0.54921 36.92 60112
136.18 36.74 0.51623 20.27 28073
150.49 19.07 0.52882 44.73 101350
219.49 3.04 0.50210 47.25 38654
172.09 5.76 0.53933 27.11 40295
204.89 7.30 0.55545 69.30 82008
153.41 37.98 0.51460 68.70 29085
155.09 -1.09 0.55668 28.97 2500
211.16 -0.15 0.53424 36.06 79528
164.06 41.75 0.54247 48.55 29218
119.55 13.72 0.52320 25.35 23366
165.07 -1.40 0.53229 31.08 5007
210.73 12.60 0.56976 56.12 52379
195.87 -0.84 0.50048 21.74 79416
216.70 8.42 0.55550 34.15 52236
238.65 32.09 0.51295 52.77 43126
237.98 4.15 0.57091 31.93 38908
250.08 18.18 0.54812 46.99 17586
194.85 36.54 0.56532 46.23 9658
216.48 16.78 0.51205 49.26 54766
214.59 32.21 0.53525 41.88 12258
222.68 -0.52 0.53901 42.60 78763
121.66 26.61 0.52536 40.83 21208
180.05 3.07 0.50302 26.22 37649
189.85 -1.90 0.55400 27.28 93284
199.15 4.48 0.54186 50.59 83535
135.20 47.78 0.52374 20.69 57541
143.78 36.77 0.50239 24.57 28402
241.01 7.89 0.53515 28.00 48861
234.21 27.48 0.55213 49.17 12480
233.43 0.69 0.53239 44.60 13619
259.24 33.04 0.52420 59.99 42882
230.85 22.71 0.52095 30.69 12556
205.86 23.48 0.56734 40.60 102485
212.52 32.75 0.52144 33.01 12173
172.72 0.85 0.53534 38.64 36139
120.83 32.33 0.51022 33.98 1111
131.88 52.89 0.55336 35.84 45136
164.62 10.05 0.50715 38.62 56171
170.60 5.04 0.50201 20.22 38792
206.51 9.91 0.54267 47.70 85758
220.39 2.94 0.50931 27.42 83337
141.35 4.37 0.57820 28.64 38146
202.80 23.85 0.52072 27.62 68555
245.29 18.83 0.57284 29.41 17670
173.80 8.24 0.50957 43.61 49933
172.27 -1.72 0.58369 16.47 5652
234.05 0.77 0.55237 38.74 13345
209.61 24.32 0.52311 46.44 61733
187.94 -0.21 0.50020 38.45 2245
147.96 37.64 0.55081 28.46 29197
197.54 24.53 0.50280 29.14 68695
215.65 36.20 0.58191 28.40 9243
116.40 33.67 0.51043 37.93 871
232.62 7.60 0.57465 40.01 41789
212.96 14.42 0.53134 37.63 55076
236.27 28.81 0.55850 34.32 32615
241.39 27.75 0.50592 46.83 32655
124.59 35.69 0.50188 44.71 1351
185.45 1.98 0.57810 28.75 82636
223.50 30.62 0.54918 39.33 9421
151.32 5.47 0.52475 38.21 81512
225.43 34.66 0.53176 23.15 32463
216.79 3.24 0.53623 54.80 14079
207.94 18.79 0.54183 45.12 58885
154.45 3.19 0.51841 30.67 82833
127.98 45.07 0.51140 23.53 44564
179.84 16.33 0.57157 35.21 71158
199.22 11.96 0.52191 23.50 56176
127.01 14.28 0.55008 45.50 23452
239.76 25.20 0.57013 27.56 12414
232.80 15.77 0.55466 47.87 42055
218.58 -1.45 0.51526 46.68 78733
123.87 1.25 0.56915 24.13 38274
246.02 40.81 0.51795 48.71 74855
124.48 39.93 0.50577 27.99 1326
206.39 10.31 0.57393 43.67 85931
129.18 45.55 0.50578 31.04 46174
179.35 -1.93 0.57008 18.77 95710
202.00 -1.50 0.52583 24.92 93312
208.44 3.57 0.51820 35.60 14105
132.40 14.65 0.56339 20.22 54532
130.29 6.72 0.54856 45.84 49754
147.70 8.59 0.53663 18.08 77640
147.38 -0.32 0.52647 46.97 79576
211.30 33.75 0.53325 38.06 12256
250.35 16.89 0.57208 39.96 17653
217.10 3.21 0.56637 33.28 88489
228.12 36.62 0.56908 43.89 44799
149.01 7.62 0.50914 50.25 50078
182.27 2.60 0.50660 72.12 37182
204.60 20.86 0.54184 52.63 66737
254.15 34.96 0.55213 54.53 42672
212.23 18.15 0.58131 18.38 59099
207.73 21.96 0.50504 49.76 66939
173.63 13.18 0.54725 55.20 51835
124.01 5.67 0.50906 39.30 39332
243.04 39.59 0.52790 51.96 48738
147.55 49.56 0.53895 20.87 57875
201.98 -1.71 0.56321 25.91 15054
222.66 -0.18 0.57064 29.71 79206
174.40 7.89 0.52976 33.93 49934
214.54 23.40 0.55491 48.42 61751
214.17 3.08 0.51287 60.11 36292
254.51 28.57 0.52508 36.43 43054
146.08 5.36 0.54501 53.97 40661
146.39 3.09 0.55928 51.54 77313
214.43 8.13 0.55227 43.58 52152
239.45 32.52 0.57336 33.98 43154
218.36 38.46 0.50836 41.56 44658
237.59 33.76 0.50348 35.73 43382
230.06 19.71 0.56936 50.71 12586
242.24 12.56 0.53530 37.47 18330
175.61 -1.46 0.51322 35.92 93238
207.21 8.02 0.52651 43.11 82184
124.90 38.45 0.53824 27.50 1283
219.52 32.75 0.56663 41.39 9448
160.79 2.85 0.57550 32.96 37593
176.66 3.26 0.53606 28.60 82351
216.02 43.61 0.51781 28.04 75015
220.91 42.49 0.55242 35.31 75393
186.03 20.34 0.55261 28.99 69394
134.39 15.41 0.56037 37.63 53389
180.43 35.59 0.54452 34.17 34546
181.84 33.47 0.55371 23.55 35193
175.20 4.46 0.56076 17.11 83913
148.92 -1.15 0.57652 28.89 7221
231.22 13.31 0.54060 40.23 55067
219.86 4.15 0.52618 29.99 38676
213.02 10.11 0.52172 37.05 52249
149.40 44.68 0.58532 19.16 26592
160.48 -0.70 0.53708 33.98 78756
182.16 18.71 0.55394 42.03 68947
245.62 28.48 0.50706 32.69 43210
222.57 14.80 0.56029 63.12 55097
231.68 14.70 0.51483 29.00 49830
160.21 37.86 0.55767 47.68 31888
131.87 52.85 0.52866 25.83 45043
176.99 33.20 0.55339 28.31 35234
166.48 11.39 0.50682 41.79 51350
137.51 39.01 0.50402 24.96 25441
240.39 16.83 0.50247 38.13 12594
129.32 1.49 0.54987 23.51 37779
222.63 37.67 0.55023 48.38 46581
225.73 7.72 0.54639 40.84 49619
217.37 1.76 0.57047 43.93 79816
180.55 33.53 0.50376 24.51 35240
198.27 16.62 0.56494 26.50 102111
200.14 36.21 0.51021 47.60 9692
217.03 6.81 0.57199 47.22 41834
236.01 44.49 0.56414 32.22 75120
195.44 38.60 0.52869 46.39 9765
154.12 36.74 0.55152 29.96 31874
209.12 18.79 0.56840 27.63 69598
164.86 -1.56 0.56061 18.71 4770
162.64 7.49 0.51887 40.92 49888
209.87 0.12 0.54656 36.01 13318
236.11 38.63 0.53256 16.10 43293
132.51 2.23 0.56160 43.50 7602
197.59 23.39 0.51253 20.93 104320
222.00 -1.68 0.56124 36.55 94149
227.56 8.30 0.52926 34.59 52252
164.49 40.91 0.55754 24.75 30299
143.11 -0.91 0.56505 23.23 2476
216.87 1.58 0.50544 38.03 14178
249.82 44.14 0.51053 30.67 72984
198.50 17.40 0.57694 20.39 101842
148.31 10.09 0.50950 38.84 50935
204.63 1.59 0.52835 41.04 13386
165.42 41.88 0.52213 34.76 31324
214.86 34.33 0.53764 43.40 9274
142.03 5.87 0.53768 49.49 77573
180.42 4.49 0.51698 41.19 83852
223.90 10.95 0.50372 41.81 51876
224.61 31.85 0.53543 39.92 8956
158.75 43.77 0.52154 21.78 27634
237.79 10.55 0.51292 35.20 49272
217.99 37.71 0.52659 26.20 31172
251.11 28.16 0.50946 47.06 18862
199.18 -0.10 0.57568 27.79 13250
183.25 13.27 0.54720 29.79 51840
119.09 31.82 0.55520 49.85 1247
150.92 21.24 0.56976 40.97 105079
167.50 36.08 0.52639 27.22 33852
145.80 11.38 0.50541 53.80 51138
126.48 40.97 0.52321 34.99 1430
142.59 41.47 0.50399 33.64 27262
213.20 38.07 0.54913 42.15 30935
149.71 -1.69 0.58110 19.51 92849
209.46 33.86 0.51659 38.00 9800
166.64 17.40 0.55077 68.06 70932
199.69 24.31 0.54511 30.88 64495
178.42 13.99 0.57576 28.11 50967
230.97 12.09 0.56065 30.53 55090
145.26 0.31 0.53474 38.37 78927
208.10 12.47 0.50162 29.59 79873
223.87 11.20 0.55611 51.04 52392
136.59 7.01 0.53965 26.32 40997
128.84 12.48 0.53142 51.26 23986
144.30 1.48 0.56803 42.92 108118
230.23 8.17 0.51986 36.56 52108
171.28 0.98 0.50646 30.85 78938
191.90 7.86 0.53194 33.67 81815
221.27 0.53 0.50471 52.58 13388
136.49 0.42 0.52498 33.74 8837
223.31 42.39 0.50566 34.23 75395
194.09 4.11 0.52698 29.81 38764
174.03 3.33 0.53552 59.16 82751
139.00 6.41 0.53155 26.31 77594
191.62 1.96 0.53364 40.87 82993
232.38 43.02 0.53933 41.14 75860
238.17 15.30 0.52804 58.85 40276
222.14 1.50 0.50217 51.18 78744
136.86 37.95 0.50082 31.49 27011
176.69 9.99 0.52276 30.55 50770
242.07 20.57 0.57415 37.07 12525
199.80 16.43 0.54174 21.52 55419
179.22 38.51 0.55007 39.16 33173
218.42 5.64 0.53454 36.14 39426
206.51 17.64 0.50327 56.67 54913
121.66 7.02 0.50778 17.32 42099
221.60 41.25 0.50535 36.35 75252
215.16 16.71 0.50365 21.12 55120
190.60 18.76 0.50489 28.94 71152
144.29 38.65 0.50533 41.91 28267
255.67 30.68 0.56591 43.98 42721
151.59 6.99 0.52582 24.48 97965
191.31 0.60 0.55077 38.45 79087
216.06 -4.12 0.50856 32.15 94405
219.76 22.57 0.51514 61.77 61965
190.31 19.48 0.57287 48.69 70704
210.81 7.68 0.50577 68.04 52137
143.72 36.94 0.51848 27.64 28217
202.01 39.14 0.55597 29.96 32124
154.26 9.04 0.56903 36.61 50568
200.27 36.22 0.58160 34.22 9799
132.09 47.34 0.55058 36.68 46138
127.49 40.03 0.54308 22.30 1394
253.82 33.50 0.50917 38.80 42664
163.10 43.01 0.52391 30.68 29656
228.52 2.64 0.57183 35.89 14327
215.49 9.67 0.50956 34.45 52243
219.75 35.36 0.52479 26.80 32679
146.09 -1.47 0.54328 21.49 94262
140.06 -1.27 0.53571 16.97 89054
134.74 1.20 0.51468 27.58 7446
215.87 3.22 0.51139 30.15 88539
118.83 35.90 0.56232 26.89 958
247.74 25.71 0.54584 43.75 18574
141.75 37.47 0.56064 29.56 27404
171.16 2.29 0.51712 38.67 37494
205.42 15.58 0.55003 37.40 102768
189.62 37.88 0.51258 52.68 9741
234.21 38.55 0.58149 35.62 43448
179.15 7.48 0.58204 28.16 55866
143.80 0.94 0.55126 29.63 79606
259.45 28.36 0.55736 22.71 42552
145.39 9.94 0.57866 32.26 50947
184.70 19.71 0.58311 25.83 69182
123.59 33.19 0.50075 21.30 1089
218.53 35.33 0.55861 52.86 32678
257.90 37.78 0.55726 59.82 43677
140.50 37.13 0.56898 19.73 27734
207.34 23.70 0.54564 43.88 102425
121.93 30.85 0.57131 30.54 20878
134.85 16.15 0.51666 32.10 53460
198.92 2.21 0.51028 31.85 83020
161.64 -1.19 0.52148 34.25 78779
222.96 0.56 0.51865 49.08 13267
201.37 36.26 0.52903 34.30 9717
206.62 4.61 0.54698 45.12 83946
141.53 -0.31 0.53783 24.14 6061
224.73 16.74 0.50106 30.60 54770
208.97 16.85 0.57505 36.58 55042
229.53 8.23 0.53772 31.26 51779
158.64 19.08 0.50541 51.03 71270
229.42 11.65 0.54680 36.36 52426
173.67 8.21 0.55371 30.15 52060
224.76 18.28 0.55729 50.27 68355
202.67 25.15 0.57127 36.03 63391
260.13 26.69 0.56751 34.69 42794
140.94 4.46 0.50041 40.56 38234
148.04 1.02 0.53562 47.79 78958
209.47 37.35 0.53685 29.15 9147
126.71 17.10 0.57288 28.65 23257
228.95 24.44 0.53720 25.63 12535
178.47 1.06 0.56979 42.92 78841
251.26 42.55 0.53154 66.64 73136
118.48 34.95 0.52389 28.95 954
195.08 4.02 0.51164 33.13 38777
236.33 24.63 0.55566 33.57 12478
198.80 5.91 0.50290 31.97 40048
212.12 -1.21 0.55297 28.63 15068
118.15 17.16 0.57083 25.17 24433
236.34 10.70 0.57397 30.81 48791
150.17 3.02 0.57375 34.22 85229
230.32 33.08 0.50583 22.80 29582
178.93 33.32 0.56831 25.01 35636
202.23 6.47 0.50105 48.55 81704
129.70 46.32 0.56186 28.62 45534
196.06 2.69 0.51211 24.41 14225
138.31 0.34 0.56780 40.99 7386
181.07 9.65 0.51295 44.80 56196
164.51 42.57 0.56439 37.98 29279
199.79 3.35 0.55677 36.44 83250
254.14 32.17 0.57297 37.48 42696
179.56 5.22 0.56363 20.53 84074
173.82 -0.86 0.53724 21.70 2530
221.46 8.01 0.52656 32.95 52242
224.94 -0.78 0.54095 32.94 17241
239.23 17.62 0.51767 24.61 12567
153.43 18.79 0.52980 50.05 100909
259.02 27.84 0.51853 24.58 42742
120.70 24.90 0.53859 17.23 21560
229.11 0.30 0.55566 42.69 13606
224.97 29.70 0.54969 21.29 9431
127.44 4.47 0.55635 39.95 39164
218.27 28.45 0.51050 48.89 60097
247.54 18.23 0.56602 51.89 17546
142.64 38.63 0.53753 45.95 27031
178.11 37.29 0.53591 16.06 33896
213.15 1.22 0.50535 26.60 78675
211.27 -0.29 0.54879 23.56 13546
251.09 32.54 0.50631 37.51 48760
249.45 16.81 0.50167 48.62 17899
230.64 19.32 0.53190 58.85 12700
126.31 12.84 0.56102 31.85 24280
152.35 13.59 0.52497 48.17 55903
186.30 -0.61 0.53037 38.42 2296
169.16 5.35 0.53958 36.81 38544
149.67 0.31 0.53568 44.16 108119
208.58 38.55 0.55584 21.21 32137
233.25 23.76 0.52924 38.71 12500
227.41 14.44 0.51892 44.28 54986
206.18 22.20 0.51915 21.16 68338
159.18 1.38 0.53312 34.93 36171
121.69 38.26 0.50662 29.65 1039
122.46 16.37 0.53451 25.14 22920
214.43 40.05 0.51744 27.51 46524
119.10 37.39 0.56917 16.90 185
154.36 17.63 0.51895 29.06 54829
147.50 2.54 0.57856 31.94 77250
156.61 13.14 0.57731 30.20 52436
132.49 5.65 0.55386 36.25 40996
168.20 -0.96 0.51631 33.80 2761
251.31 41.96 0.50756 29.78 73112
204.08 16.02 0.51862 31.25 55081
152.86 5.12 0.51689 30.35 39043
155.88 2.84 0.57606 31.23 83186
179.74 -0.64 0.51026 36.67 93372
157.08 4.12 0.53659 24.46 38462
163.81 39.42 0.50916 65.09 33633
116.68 17.62 0.57798 28.08 21860
217.39 27.06 0.52016 22.47 71288
154.09 19.72 0.52242 35.06 66610
241.22 20.03 0.52333 44.32 12579
149.00 13.63 0.56498 24.26 55902
154.41 39.95 0.53779 24.39 29278
200.81 23.80 0.57172 34.04 64545
210.33 35.02 0.55346 37.65 9696
168.53 4.19 0.57661 35.67 87723
182.59 1.36 0.55979 52.19 83046
208.56 36.19 0.52014 32.61 9476
243.16 34.12 0.54279 42.72 43294
227.99 29.20 0.51111 52.07 9446
193.69 40.74 0.55364 16.83 32086
129.80 12.77 0.55852 47.76 24036
119.24 36.01 0.50946 25.66 922
139.66 -0.45 0.51580 32.17 78910
216.84 12.45 0.54095 36.88 52388
146.39 -2.23 0.56144 19.10 94249
220.00 1.58 0.52918 36.00 14179
198.18 4.32 0.51937 33.07 83434
163.66 2.98 0.54214 67.86 85227
213.37 -7.49 0.51440 36.70 95975
124.48 11.32 0.55102 26.05 24185
200.10 21.99 0.51757 59.19 66517
181.24 -0.04 0.50320 36.61 79303
179.31 -1.05 0.56168 25.14 78617
216.86 0.85 0.52419 25.47 13659
199.82 23.71 0.50322 57.95 68409
211.22 1.65 0.54221 44.03 83173
197.80 22.66 0.56449 41.17 67014
187.63 -1.80 0.54564 18.01 95825
234.39 31.02 0.56599 40.09 32589
252.98 31.62 0.50228 39.84 48741
180.59 14.37 0.50256 41.27 52691
221.39 21.92 0.55539 51.28 68810
214.13 1.08 0.53924 36.58 13945
154.73 19.20 0.57622 27.41 101195
130.08 46.86 0.54379 21.02 45892
194.83 16.44 0.55372 57.64 52343
158.92 -0.51 0.55168 36.35 2507
154.04 3.48 0.53418 18.73 84483
209.36 23.72 0.50186 29.23 68707
256.88 35.07 0.55906 27.03 42612
147.46 13.42 0.50069 36.68 55716
208.95 5.97 0.51581 46.79 81950
211.63 -1.72 0.54132 20.85 17298
155.78 -1.28 0.54878 26.30 93203
127.52 38.68 0.56921 48.20 1252
137.96 16.77 0.50835 26.85 55507
191.36 18.66 0.53850 34.52 71264
145.57 39.36 0.52689 31.83 28513
195.37 -0.54 0.51728 43.65 79347
127.71 3.16 0.55062 23.28 39029
207.23 2.05 0.55759 44.05 14036
205.15 2.49 0.50378 43.85 88635
118.44 29.07 0.51993 27.53 1727
135.37 13.25 0.55094 47.90 55533
150.73 17.55 0.54201 24.79 54908
146.44 45.02 0.55248 37.29 26181
161.44 5.68 0.53120 47.49 38589
146.69 6.75 0.52683 42.33 77214
208.40 10.73 0.54936 23.62 86182
178.82 11.03 0.54223 38.22 50203
212.73 36.95 0.51435 47.35 9153
233.48 17.11 0.54715 36.61 12694
234.75 7.20 0.57167 42.06 41459
187.36 1.10 0.53680 43.12 36150
177.47 2.97 0.50881 30.40 39728
168.43 0.54 0.50732 45.26 78846
229.13 10.51 0.50691 33.93 51979
163.10 7.48 0.54490 46.91 49889
250.72 43.79 0.57842 43.04 73280
204.56 22.70 0.50128 29.09 104041
191.79 -1.85 0.51253 16.61 95765
189.82 35.31 0.56719 19.12 10443
254.79 37.35 0.53917 24.08 42875
232.87 33.05 0.50842 34.62 29584
163.57 10.04 0.52456 36.18 56166
130.05 7.98 0.52989 45.83 49549
143.30 14.68 0.56940 30.86 55606
172.88 34.25 0.58067 16.11 34477
215.90 41.34 0.51713 35.50 72556
164.16 4.41 0.51550 50.16 37644
124.44 23.18 0.55511 22.11 21838
171.49 41.54 0.56777 20.66 30033
231.07 27.19 0.53612 47.58 12505
222.78 40.00 0.58269 29.82 46423
200.72 18.28 0.51385 34.81 103249
216.99 36.38 0.51492 52.58 9369
219.12 18.17 0.51738 51.81 59134
194.80 6.95 0.54332 30.73 81763
226.90 0.30 0.51544 30.05 13268
187.85 17.68 0.53259 34.18 71182
125.65 11.63 0.56502 43.18 24126
213.23 12.52 0.54392 40.61 52380
225.70 18.44 0.51759 48.44 59136
231.66 42.90 0.56811 22.69 76106
235.03 23.15 0.55426 40.46 12577
208.99 12.51 0.55891 17.90 87680
223.00 0.93 0.57157 30.55 14181
167.59 -1.36 0.58118 23.66 93216
123.28 31.08 0.54729 37.02 20689
127.44 26.30 0.52504 36.91 21964
127.52 14.51 0.57123 25.09 23488
147.00 39.59 0.55451 35.00 27446
242.57 24.76 0.55531 23.94 32718
128.93 11.53 0.51731 31.63 24072
161.78 -0.90 0.57676 26.87 2754
150.83 18.36 0.51310 37.08 101319
154.03 1.55 0.54029 50.28 79613
221.56 5.84 0.53771 34.49 40116
240.34 43.19 0.54897 30.58 74493
169.53 3.86 0.56248 26.54 87701
150.17 7.87 0.53285 31.04 49745
201.12 -1.04 0.57539 22.52 79104
205.91 39.01 0.56326 28.94 32178
232.53 8.41 0.53928 55.84 48914
176.07 1.07 0.50160 29.20 78849
247.59 42.98 0.57320 35.66 72840
147.39 41.64 0.57544 48.39 27586
128.07 32.75 0.56161 24.56 21286
161.31 -1.25 0.50558 23.10 78757
201.18 37.24 0.56852 39.21 9700
144.07 9.60 0.51238 40.99 50876
153.77 19.20 0.50917 48.16 67833
227.14 24.82 0.52876 30.92 60194
215.58 43.61 0.54985 26.10 75013
150.15 -0.13 0.51012 23.06 3058
214.60 21.82 0.52359 27.35 61949
170.88 35.70 0.54188 26.51 32936
209.57 21.10 0.57047 26.56 103865
241.84 38.45 0.51406 35.59 48731
181.22 14.36 0.58519 26.60 52638
202.99 7.56 0.53303 38.18 49413
216.25 14.38 0.54636 41.40 55077
241.28 14.45 0.53337 39.29 17972
128.24 26.29 0.53731 16.45 22026
206.48 11.79 0.50946 21.74 86178
251.35 18.19 0.55773 22.08 17447
229.89 13.70 0.56577 40.78 54991
213.35 5.10 0.51373 32.11 83706
172.78 39.81 0.56277 36.27 33544
154.82 2.76 0.56410 22.14 83271
261.38 26.43 0.55978 19.45 42378
218.33 7.34 0.53417 26.23 41835
203.12 35.17 0.57324 40.52 9770
162.49 13.18 0.56619 21.11 51008
232.86 8.96 0.51442 22.71 48924
222.40 2.73 0.57080 30.23 14247
146.77 48.99 0.54346 17.27 58145
174.53 3.85 0.50178 35.89 83203
202.11 39.66 0.57738 23.43 32875
154.87 -1.88 0.51995 22.43 97115
116.33 22.90 0.55019 39.95 21508
137.54 22.47 0.52175 23.49 62022
158.48 6.14 0.51402 38.85 40850
219.47 40.86 0.50424 29.75 72558
183.54 8.18 0.56133 38.67 80892
160.66 3.03 0.52791 23.57 85224
181.35 34.31 0.53360 24.86 34461
141.09 -0.24 0.54569 23.50 6060
217.02 18.54 0.52801 36.25 54172
208.90 -1.10 0.54448 28.10 13420
225.61 16.49 0.50822 23.13 54771
146.95 0.89 0.52559 37.49 36265
212.29 16.51 0.55188 44.25 54650
235.53 25.97 0.57402 27.08 12492
152.10 21.09 0.52907 32.40 104171
197.38 -0.28 0.57428 20.95 13453
118.24 29.97 0.55920 40.37 1139
189.92 12.14 0.56815 21.03 51614
209.23 18.79 0.57361 27.43 103329
209.18 11.00 0.55707 44.19 51871
184.49 11.45 0.57290 33.29 52188
117.57 15.74 0.52831 27.92 22634
199.41 0.88 0.55764 35.40 14156
216.69 -4.54 0.54129 51.08 94312
218.40 42.71 0.52981 51.46 75023
174.68 2.15 0.53320 46.81 37369
175.13 6.49 0.52495 27.77 49465
166.88 3.02 0.53130 50.81 37366
117.71 33.80 0.55691 41.40 1319
141.38 0.58 0.53999 29.16 79605
182.80 8.01 0.53648 42.26 80923
217.09 -0.96 0.55517 23.50 17235
153.93 10.46 0.57940 20.63 98700
217.20 -1.43 0.58465 22.34 17237
201.09 17.51 0.54866 53.18 102837
194.48 4.06 0.54208 28.89 37234
134.66 2.00 0.57022 41.18 7596
149.66 9.61 0.54247 19.51 98033
208.20 22.53 0.54242 30.34 64452
238.97 7.16 0.50951 20.21 41467
245.19 44.16 0.54895 32.42 73436
247.74 39.51 0.53283 27.12 48754
