# RA, dec, redshift, radius (Mpc/h), void ID
133.78 47.64 0.41434 26.56 44672
222.58 2.36 0.43169 20.14 86568
159.36 15.43 0.44295 20.39 53114
215.87 -5.67 0.42402 50.84 99282
206.42 14.81 0.41525 52.60 105792
125.99 4.45 0.41337 53.45 32606
149.45 11.17 0.40260 30.88 50581
231.19 12.39 0.41149 31.82 52361
208.51 5.68 0.41987 43.12 87231
230.45 35.27 0.41437 50.54 23835
165.61 6.32 0.40510 69.03 36576
160.57 1.56 0.42469 44.14 86313
217.40 -2.20 0.40498 27.38 97110
159.32 18.90 0.42804 31.49 66025
151.54 5.11 0.40420 31.05 30988
141.59 39.71 0.41685 52.74 22592
118.78 16.40 0.40400 37.67 13703
117.89 20.23 0.40177 42.21 10285
214.99 41.37 0.40591 46.77 73050
168.55 11.10 0.40225 30.76 49141
152.83 14.01 0.42155 43.89 104167
129.37 8.75 0.41345 52.59 57568
173.35 2.04 0.40678 45.30 85962
217.74 42.07 0.40870 27.06 75318
177.73 4.73 0.40564 38.32 31306
211.28 1.25 0.40955 64.04 3371
256.34 38.31 0.43335 33.01 41599
192.28 6.53 0.41134 46.83 83909
180.78 0.09 0.42244 47.27 79826
250.51 42.94 0.43086 33.02 74084
178.15 38.65 0.42496 34.68 20913
206.56 2.38 0.43221 38.04 4956
154.95 2.30 0.40667 43.44 86591
231.47 36.41 0.43545 23.68 40489
123.85 20.41 0.40718 56.07 11952
158.79 -1.02 0.41183 16.69 101179
250.62 40.99 0.40797 62.23 74403
203.75 19.91 0.41353 50.70 106505
153.84 38.57 0.40027 39.49 17052
210.56 24.20 0.43877 20.80 62206
162.65 0.04 0.41455 44.92 82196
233.20 2.43 0.42089 29.10 28249
192.21 5.73 0.40618 37.07 38858
202.58 18.20 0.40025 46.56 106011
196.91 4.22 0.41696 49.08 1107
125.04 1.58 0.41929 20.89 28711
255.20 41.66 0.41764 27.36 75898
151.05 8.86 0.40953 52.97 102262
152.62 11.55 0.41974 36.61 101785
170.03 0.04 0.41331 52.53 80833
204.08 3.36 0.42242 35.35 992
233.88 42.44 0.42992 20.89 77160
116.98 22.70 0.42581 28.33 9517
210.01 23.97 0.41729 36.04 71468
176.41 2.23 0.41401 42.53 85965
206.75 24.63 0.41347 34.54 61521
213.80 8.24 0.42252 44.22 50456
125.91 12.16 0.41541 51.37 11825
141.58 5.71 0.41957 46.14 78348
150.06 10.28 0.41522 29.32 49596
172.81 4.78 0.42375 30.46 31992
186.40 -0.52 0.43033 22.18 81757
203.73 3.38 0.40560 62.03 28240
224.47 16.51 0.40205 21.04 56364
249.55 29.80 0.41044 45.56 47519
126.95 7.25 0.40421 23.95 37765
158.72 14.14 0.41255 32.80 49988
243.88 26.77 0.40645 20.94 40465
116.66 22.45 0.40335 18.83 9909
228.88 0.48 0.40651 21.69 395
127.97 13.15 0.41833 40.77 14503
169.06 11.94 0.43341 35.25 54392
168.40 38.24 0.40160 68.00 20513
120.48 16.50 0.40091 26.88 13817
136.81 41.65 0.42992 16.24 15586
152.93 18.93 0.41216 23.99 64080
195.25 4.57 0.41589 30.14 87602
147.32 39.85 0.40109 45.64 17146
202.45 -0.48 0.42487 34.69 80272
212.39 -6.50 0.42017 29.27 98311
139.87 0.31 0.40554 29.07 79957
247.94 15.54 0.40292 41.29 5688
256.85 31.67 0.41868 46.59 40733
172.60 40.04 0.41459 32.34 18785
220.13 2.03 0.42163 48.35 1112
205.10 6.46 0.42257 48.64 38864
155.56 18.48 0.40524 37.31 71954
200.02 19.82 0.41935 41.44 66425
203.15 4.73 0.41825 46.57 87754
197.77 11.84 0.43006 19.60 50242
237.17 42.31 0.40693 35.51 74818
179.63 10.15 0.41145 41.20 49397
216.92 5.44 0.41140 28.05 36431
257.32 26.01 0.40767 53.45 41195
122.30 12.65 0.41679 27.13 11387
209.46 0.41 0.40904 45.52 81798
198.68 20.41 0.40476 27.70 64687
201.93 3.85 0.42815 38.45 29294
152.61 5.21 0.41029 16.14 84244
172.15 37.50 0.41208 41.14 20910
224.68 0.68 0.42299 36.75 439
233.47 33.67 0.41262 28.85 40484
180.41 3.47 0.42065 30.87 88440
179.56 15.44 0.40920 26.71 50872
186.91 6.48 0.40255 35.97 83455
177.92 0.56 0.42980 35.25 82287
162.73 9.55 0.43187 28.34 53249
171.41 -0.48 0.43670 28.98 81866
242.63 29.00 0.41200 50.27 43190
206.91 22.43 0.41648 51.74 106855
244.43 15.10 0.40251 30.89 5722
193.38 0.02 0.41376 27.87 81888
252.86 42.69 0.42720 20.08 74198
189.19 19.79 0.40133 36.25 65741
196.50 21.51 0.41764 32.38 70624
185.70 18.79 0.41636 28.06 66941
181.76 5.71 0.40062 22.50 88999
142.15 -0.12 0.40366 40.02 79944
158.25 38.01 0.43058 29.87 18782
195.23 19.93 0.40512 27.93 72405
154.23 2.15 0.42952 33.36 86424
224.36 37.63 0.41789 50.55 45064
158.41 18.92 0.41460 35.44 66023
166.76 11.04 0.42351 37.50 50058
199.40 2.87 0.42304 38.07 92408
173.07 0.21 0.40389 22.42 79827
241.99 31.94 0.41611 52.14 41499
139.27 16.20 0.42215 35.53 51553
