# RA, dec, redshift, radius (Mpc/h), void ID
137.13 22.04 0.62912 27.15 74101
215.08 15.84 0.67728 42.82 65456
137.79 41.01 0.61448 25.64 30841
152.74 14.44 0.67842 47.43 120005
247.37 17.31 0.68045 52.38 21319
147.42 49.63 0.60481 26.12 68747
137.45 37.07 0.65655 40.43 31832
135.44 46.84 0.61785 21.86 67475
224.95 30.58 0.60515 60.78 11616
195.38 -0.80 0.65923 46.31 94447
167.22 18.22 0.67788 44.39 84599
195.43 5.55 0.66538 55.74 99597
197.09 21.93 0.64080 65.77 79852
137.97 37.37 0.62030 29.60 33041
200.77 -0.61 0.62896 59.19 94452
146.15 0.14 0.66763 52.03 7287
129.77 10.59 0.61280 48.41 65958
160.58 42.10 0.63788 54.02 34767
166.22 18.25 0.64210 41.25 83167
165.21 12.64 0.63862 58.44 61711
131.60 46.90 0.63888 26.52 55096
198.15 14.18 0.60043 50.86 62663
205.93 23.43 0.61650 48.17 122699
207.52 37.41 0.61305 64.84 11282
238.72 38.61 0.62176 70.72 58173
157.44 -1.37 0.60299 30.21 116466
165.67 37.56 0.60882 60.06 37552
117.87 34.10 0.63793 51.13 1040
141.76 6.56 0.61045 35.43 92232
217.71 -6.73 0.66013 23.14 113659
220.57 5.44 0.62370 52.85 46956
143.08 14.88 0.68090 38.33 65150
154.92 -1.17 0.60550 36.08 2934
197.87 39.09 0.68385 34.53 10865
230.27 43.51 0.67256 18.48 90461
148.77 42.96 0.60569 66.78 32725
141.46 5.62 0.65353 67.27 92214
128.31 44.57 0.65281 36.92 53250
248.00 38.95 0.60265 39.19 58158
186.58 7.09 0.64412 35.91 97677
118.01 15.75 0.64073 48.78 27311
134.85 16.56 0.68779 18.77 63180
129.14 45.88 0.67047 26.23 54269
249.62 14.38 0.64597 23.80 21314
158.50 3.11 0.60351 41.87 44855
242.91 11.15 0.64315 29.97 58664
197.34 -0.69 0.60190 62.32 94448
243.83 43.24 0.63594 41.65 87390
157.36 1.23 0.60881 48.54 94428
197.36 20.71 0.67946 42.56 83015
186.87 2.99 0.62068 53.10 98585
120.71 27.36 0.60324 68.97 25138
217.98 13.41 0.62080 66.39 65469
207.36 -1.34 0.60922 20.15 17828
203.79 9.61 0.63470 54.67 104118
174.11 -0.43 0.64578 48.82 94133
152.66 10.70 0.60596 45.02 60657
155.83 2.44 0.63521 47.63 98854
222.41 2.22 0.62378 49.93 99412
242.60 8.60 0.60493 49.80 58735
128.71 45.22 0.62709 32.28 53251
201.60 -0.66 0.63018 58.84 17846
136.51 36.55 0.62609 21.38 32680
209.78 8.48 0.60125 38.79 61981
167.47 12.55 0.68181 29.04 61319
152.19 12.55 0.68191 33.09 117730
211.06 21.80 0.63140 50.62 81570
158.49 18.86 0.65659 54.30 84976
129.67 45.90 0.65396 20.79 55086
188.08 -0.13 0.60030 40.90 2583
169.77 16.94 0.64643 43.27 70082
182.23 5.90 0.60028 73.76 45934
212.98 25.55 0.61888 33.58 72686
201.89 39.29 0.60100 36.76 38239
171.77 40.02 0.60858 53.50 37831
145.65 7.45 0.61634 60.32 92659
151.88 19.46 0.63171 77.50 120984
182.49 -0.41 0.64654 57.71 94505
233.34 4.69 0.63185 69.03 46973
234.28 38.55 0.62204 38.29 51803
140.57 9.45 0.65581 48.81 60547
208.93 24.11 0.62527 43.33 73671
154.51 6.87 0.65244 60.49 48150
212.60 -0.05 0.61169 66.67 16066
242.48 15.82 0.61636 47.37 21258
124.74 2.84 0.60681 40.08 46513
201.10 4.24 0.61139 68.93 44389
144.17 4.46 0.61088 57.78 92399
163.29 6.44 0.64244 50.32 48474
157.63 -1.46 0.61413 20.64 8743
227.48 8.42 0.60402 79.97 59167
159.22 14.53 0.63481 52.62 66530
185.28 5.89 0.61158 56.55 100069
190.88 2.82 0.66114 52.62 44366
116.13 21.88 0.68131 35.88 25041
131.57 47.08 0.61885 37.88 55199
212.38 34.46 0.63966 64.68 11517
127.04 37.68 0.62813 27.77 1443
206.77 9.48 0.61931 55.60 103933
151.66 16.09 0.63518 51.51 120204
222.26 39.01 0.62986 66.99 55614
197.58 35.91 0.63861 45.61 11451
213.67 40.17 0.63449 22.38 55628
116.78 32.25 0.66520 53.09 24457
242.36 24.39 0.64160 33.09 14731
216.01 6.01 0.66430 40.87 48383
211.51 16.92 0.67523 49.50 64968
141.22 41.67 0.63003 24.75 31561
187.68 -1.10 0.64636 54.53 94508
179.16 2.23 0.60145 63.09 98760
150.70 17.20 0.61566 33.63 120572
238.15 29.33 0.63250 41.75 38864
155.77 8.93 0.62878 35.62 60237
180.43 -0.77 0.63472 47.77 94143
149.80 10.47 0.61470 48.40 60655
212.58 23.29 0.65832 62.20 73655
141.61 9.84 0.60861 59.14 60644
215.45 7.75 0.61402 65.92 62078
209.65 34.45 0.60988 41.07 11190
215.59 -1.31 0.62231 26.34 19380
228.28 13.54 0.60966 49.62 65489
146.46 37.83 0.63084 38.78 33407
127.91 2.21 0.60010 42.64 45101
168.27 10.92 0.67709 29.91 61147
167.63 9.50 0.63633 39.10 60305
206.23 13.57 0.61093 44.52 95551
167.52 14.16 0.61096 77.78 61011
251.33 43.43 0.63912 48.51 87233
194.30 4.78 0.62636 65.90 100134
132.29 47.71 0.66541 19.65 54271
218.97 0.35 0.62872 74.99 93946
163.83 42.29 0.60125 47.91 35139
128.05 39.40 0.64693 41.65 1418
239.53 34.41 0.61539 65.09 51798
152.89 -0.88 0.65291 42.04 3215
213.83 -5.67 0.61110 56.91 106973
216.46 -7.12 0.62882 43.77 113603
184.09 9.86 0.60830 56.24 66358
143.64 37.76 0.63520 48.03 33591
221.38 8.96 0.64068 31.13 62094
189.52 18.21 0.65568 74.75 84838
153.85 43.31 0.60904 27.44 33075
152.61 11.98 0.66331 37.52 117941
204.35 18.20 0.67208 46.98 69931
196.87 10.20 0.60138 52.92 62014
147.42 -1.29 0.60230 34.81 112782
202.54 7.75 0.63881 39.12 97881
152.58 3.63 0.65185 52.59 101459
216.99 -7.29 0.64970 28.93 113604
140.36 -0.07 0.64382 75.26 129285
163.71 5.89 0.60515 58.57 47981
226.42 10.85 0.62963 59.25 61808
204.30 -1.32 0.61339 42.10 15393
206.61 24.76 0.61131 39.16 73664
249.13 24.25 0.63617 51.97 22190
223.47 23.05 0.62868 44.84 73533
127.58 22.86 0.65021 43.89 26748
135.27 15.76 0.61856 41.80 63179
176.30 8.40 0.66559 47.12 59609
211.90 9.32 0.61725 52.58 61993
258.28 32.48 0.63201 52.85 51069
209.82 2.38 0.62608 58.19 105845
193.06 6.90 0.63383 68.57 50277
212.45 5.52 0.60394 25.08 97898
134.45 47.33 0.64327 37.21 54954
135.67 13.32 0.61395 40.72 66056
209.37 8.65 0.63269 56.47 61956
140.31 3.76 0.62264 41.68 92242
184.48 -0.47 0.60464 65.27 93991
166.82 18.03 0.60814 45.90 83400
155.97 41.10 0.63322 69.09 35240
176.19 16.50 0.60057 39.10 84583
210.58 -0.32 0.62193 49.58 94904
125.04 15.10 0.60052 74.17 27713
217.85 29.14 0.60400 57.10 71602
205.36 7.24 0.62900 45.79 97996
256.98 37.72 0.65267 61.75 51976
149.37 39.91 0.61042 40.76 33522
211.09 12.36 0.62673 62.58 62285
233.65 22.53 0.61037 48.87 14965
125.33 18.10 0.61291 43.88 27278
220.32 28.79 0.65000 22.72 71403
163.27 -0.58 0.61240 36.22 9138
140.85 0.31 0.61688 38.47 7324
157.34 8.55 0.61092 28.04 59688
219.84 41.80 0.61163 35.22 89494
206.98 14.83 0.63673 51.86 121534
196.09 2.02 0.61601 38.69 16625
178.09 8.18 0.65058 40.66 61862
219.55 25.85 0.64849 50.93 71859
134.22 9.83 0.60833 41.59 66175
148.04 2.88 0.60387 35.55 92289
212.30 3.26 0.61845 64.52 16672
223.17 30.86 0.63893 47.83 11204
210.15 3.68 0.65132 64.65 46060
248.64 13.39 0.66716 28.79 21199
127.61 38.86 0.67205 44.81 1444
171.39 -0.99 0.67001 30.03 94131
206.58 19.96 0.61907 30.08 78743
175.21 10.36 0.66953 51.83 59897
146.45 5.08 0.63943 49.39 92147
193.69 -1.13 0.63130 38.98 2618
174.31 12.38 0.60214 62.62 61231
170.25 17.83 0.67076 43.40 82115
191.64 0.18 0.65304 67.58 94623
207.06 23.70 0.65488 52.44 81920
139.62 6.35 0.61932 50.39 92083
220.35 29.99 0.61384 44.17 13987
208.62 20.29 0.60960 67.29 124253
203.10 8.23 0.60092 43.77 97786
258.65 36.87 0.61296 48.35 52010
253.30 40.28 0.60199 48.84 91829
232.26 12.80 0.65067 60.58 59174
190.55 12.21 0.62302 32.31 60058
176.74 16.48 0.67296 39.40 84571
148.95 8.84 0.61132 33.05 92780
160.21 10.85 0.64611 94.12 59922
239.72 30.67 0.60617 31.28 51871
241.62 23.47 0.60820 58.13 14876
231.97 11.38 0.61396 40.99 65464
190.35 4.92 0.62134 58.84 47440
125.26 3.92 0.64067 44.76 46600
222.90 4.02 0.60180 41.17 46063
193.98 17.90 0.62851 67.31 84878
146.75 6.76 0.60779 42.33 48677
167.04 3.72 0.66446 46.10 99037
127.16 33.00 0.62138 37.82 24517
241.72 26.78 0.60612 48.50 38842
143.10 7.89 0.63480 31.58 93315
151.18 10.78 0.64612 55.75 60656
146.56 0.07 0.65474 50.67 94336
219.89 -1.44 0.66385 38.11 111514
251.61 27.76 0.62467 45.02 22495
187.34 5.59 0.63261 34.44 97494
221.28 20.61 0.60372 83.73 73635
195.60 0.37 0.60433 38.43 16062
219.17 41.99 0.63897 29.89 89534
184.78 35.70 0.64120 49.01 41188
220.98 12.27 0.60862 47.78 62263
205.72 17.89 0.61497 43.74 123507
153.78 16.26 0.63220 51.36 120045
169.89 -0.08 0.63426 55.67 3236
197.29 4.30 0.62493 54.46 46200
194.75 4.54 0.62662 39.64 46057
163.76 11.43 0.62233 40.99 61654
247.19 27.96 0.62953 74.94 51550
219.24 34.37 0.62343 41.88 10881
133.41 47.93 0.67998 28.16 68309
146.36 7.43 0.64189 32.06 48720
157.30 19.51 0.63415 28.48 78782
239.90 23.29 0.64710 40.10 14859
157.88 17.99 0.61287 45.81 71221
218.46 43.01 0.61679 34.28 89963
169.16 13.15 0.65451 56.00 60731
201.99 38.72 0.64280 54.66 11304
191.95 3.05 0.62297 25.34 47378
217.71 3.38 0.63604 60.30 16873
216.52 10.91 0.62643 50.07 61941
222.03 14.84 0.64972 64.91 65499
194.06 35.95 0.62549 41.78 12513
237.45 33.52 0.62847 33.20 51637
230.93 19.93 0.63387 47.14 14948
219.95 24.45 0.62842 31.74 72297
234.34 18.68 0.63625 73.24 14974
204.01 0.87 0.64354 44.06 99145
238.68 25.09 0.63617 53.94 14707
124.17 30.34 0.60854 64.78 25242
128.40 26.43 0.63452 25.01 25970
221.93 32.11 0.60889 36.35 11659
259.42 35.44 0.63942 47.44 52011
194.88 39.95 0.64553 44.65 39045
253.16 33.46 0.62504 49.29 58106
157.82 37.06 0.62013 27.75 37956
158.46 -1.67 0.62083 27.09 111155
128.66 26.24 0.61715 19.51 26160
256.37 40.52 0.62132 51.52 91835
228.96 19.67 0.65550 52.42 15266
181.12 14.78 0.60490 25.69 60803
121.26 7.42 0.60977 23.70 49126
255.32 24.78 0.61773 72.09 51305
220.26 2.19 0.62221 55.23 99409
133.80 14.22 0.62386 31.58 63770
151.65 12.53 0.60481 34.43 62309
204.68 20.84 0.60943 40.11 80850
138.35 37.09 0.63523 23.15 32501
174.43 10.94 0.63493 57.91 59894
190.53 14.80 0.60868 47.76 62853
134.90 3.66 0.60926 41.10 10194
115.87 24.20 0.66266 37.37 24865
150.72 42.65 0.65232 41.90 32724
251.38 26.71 0.65542 54.48 22903
217.16 -5.71 0.66041 33.81 113278
230.48 3.98 0.62561 31.59 46238
203.73 35.20 0.66497 32.11 11465
125.30 18.49 0.65535 51.81 27277
184.79 3.61 0.62509 49.77 46191
225.22 42.01 0.61966 26.65 88046
193.80 4.55 0.66439 32.59 46055
172.00 18.33 0.68468 25.63 82119
136.13 9.91 0.61255 24.01 62539
211.16 6.79 0.64618 50.69 49343
207.31 -0.86 0.68378 25.35 15909
229.90 43.53 0.63069 31.38 90547
195.76 15.52 0.60077 38.97 62215
192.14 0.40 0.64556 41.37 3638
225.54 2.47 0.62389 62.99 16707
221.56 -1.95 0.62111 23.15 111524
243.13 25.43 0.60557 21.03 38966
217.88 0.36 0.66266 27.38 94043
223.30 4.63 0.63667 47.62 44981
204.18 -1.36 0.64889 42.17 112623
188.87 0.02 0.66802 30.70 94621
181.09 2.26 0.66979 56.28 99164
126.49 17.28 0.62512 25.43 27637
181.75 0.75 0.61916 42.87 3614
193.98 0.47 0.63362 36.21 94103
151.40 21.02 0.66267 31.79 125574
227.20 43.31 0.61043 41.97 90717
231.54 7.75 0.60887 19.06 49584
207.79 12.11 0.64193 45.40 103115
127.58 27.19 0.64415 31.14 26140
178.25 37.51 0.63783 56.22 39371
189.33 2.92 0.63709 27.94 44735
254.80 42.88 0.61791 51.95 91077
230.52 21.82 0.66227 40.73 14924
208.02 13.09 0.60907 42.78 62258
205.35 13.50 0.61223 35.48 62732
194.50 40.30 0.60115 38.73 10753
153.92 15.09 0.66293 36.95 118678
207.39 10.55 0.63681 61.58 61546
153.18 13.95 0.63406 39.19 119946
236.86 37.54 0.65604 45.10 51748
240.53 43.72 0.62603 25.64 88884
138.66 21.34 0.65302 24.07 74777
183.97 36.80 0.61704 38.44 40359
196.40 20.88 0.61285 47.37 83016
201.03 22.03 0.63312 25.26 124204
255.26 26.02 0.66146 40.14 22119
150.55 0.98 0.63825 64.00 44513
213.11 37.70 0.60909 50.92 38631
192.91 14.73 0.63270 69.32 62601
217.38 0.12 0.64573 57.63 16122
165.03 19.21 0.67179 18.31 83309
198.80 8.07 0.61037 56.31 62877
182.32 36.00 0.60761 51.11 41187
201.28 9.85 0.60689 32.95 66681
164.12 -2.00 0.64061 26.19 116304
213.59 37.02 0.64829 33.56 10878
153.52 0.51 0.60995 63.91 94272
202.93 18.55 0.62801 46.10 124072
203.19 11.98 0.62203 50.33 61646
243.47 34.82 0.61241 37.81 51763
136.11 5.86 0.61645 58.27 48838
198.35 4.60 0.65224 25.34 100204
190.73 3.60 0.65114 49.97 98579
149.82 7.76 0.64163 65.84 59754
144.97 9.65 0.62239 61.85 60585
234.40 36.44 0.61374 44.93 51525
117.14 23.33 0.61063 53.14 25110
221.60 5.34 0.66265 41.19 46234
226.26 6.76 0.62756 45.84 49672
141.43 1.32 0.60900 34.68 129307
166.24 8.92 0.60155 29.96 60249
246.82 31.99 0.64111 45.28 58107
248.35 34.62 0.63316 49.73 58136
173.66 34.94 0.67287 28.46 41625
254.78 29.74 0.60902 72.73 51314
208.30 15.97 0.65681 25.63 123395
147.49 3.32 0.63971 48.09 129222
202.12 12.77 0.68190 37.38 61806
195.07 19.30 0.66152 43.02 83022
144.46 0.63 0.61130 36.71 95082
231.85 8.68 0.61977 26.43 59169
155.80 -0.61 0.63070 40.52 2936
148.76 4.22 0.63083 59.88 46020
148.84 13.77 0.60777 46.27 66454
238.94 21.67 0.64159 34.45 14914
224.81 4.95 0.62198 32.39 47030
227.61 36.57 0.68121 32.47 55615
163.02 -1.04 0.65172 31.01 9085
256.48 40.84 0.68075 34.46 85440
167.37 40.78 0.60126 46.70 36844
204.51 22.76 0.65679 51.71 81566
157.21 43.30 0.64563 44.01 34860
198.50 36.05 0.60735 35.73 11473
207.89 20.64 0.64506 48.70 80853
241.56 5.73 0.60716 26.94 49357
236.63 33.52 0.64870 73.55 51629
220.64 3.32 0.64714 30.26 46062
220.50 -1.18 0.60340 20.25 15922
193.61 -0.95 0.67429 32.83 5886
206.93 38.00 0.65879 45.10 10970
154.97 9.86 0.60745 38.03 60642
235.71 24.52 0.61362 52.77 14884
161.21 -1.14 0.60703 33.82 111542
157.38 15.89 0.61854 40.85 65665
165.13 5.72 0.66553 35.77 47988
194.07 15.22 0.66113 42.31 62659
238.92 6.64 0.64219 65.92 49190
206.15 35.83 0.63730 65.05 11251
214.58 32.51 0.63893 36.89 14604
116.63 19.33 0.67880 24.70 26266
238.79 13.57 0.61052 37.78 50115
188.89 1.08 0.60955 32.05 94433
123.03 21.60 0.60367 34.39 26481
245.56 43.78 0.62311 24.24 87578
222.49 11.53 0.66450 43.84 62293
241.89 5.98 0.61985 29.95 49363
195.33 5.16 0.64805 32.16 46219
126.86 41.51 0.66564 35.22 2147
125.78 19.15 0.63527 41.29 27010
147.39 7.67 0.68234 32.04 59161
165.63 8.62 0.63157 40.41 59459
168.82 11.37 0.63611 36.11 61552
195.92 7.38 0.64530 62.65 59363
226.94 15.54 0.63800 41.96 65070
204.04 14.30 0.60420 18.34 95640
226.07 18.21 0.63537 45.69 15242
255.99 34.30 0.64358 54.05 50668
213.40 33.78 0.60907 37.27 11501
167.21 41.51 0.62237 18.81 36043
225.53 31.06 0.65410 47.51 11046
124.48 5.76 0.63139 36.09 47754
192.35 20.43 0.63485 34.31 84369
207.88 13.34 0.60511 36.44 95647
210.39 36.59 0.64115 42.57 10672
228.70 12.18 0.65142 34.97 65478
139.41 1.67 0.61057 21.74 8906
237.70 7.77 0.63886 58.06 58384
216.94 16.18 0.62387 32.45 64963
181.01 3.05 0.61653 46.26 44358
226.66 35.42 0.63961 63.21 35203
151.38 10.95 0.63808 39.14 119298
148.51 8.74 0.60067 46.79 60239
198.30 18.89 0.60864 29.85 121965
211.44 33.26 0.60622 26.88 11583
209.47 18.60 0.60270 58.59 71240
230.83 14.18 0.61330 44.22 64997
228.41 35.98 0.60505 52.13 51559
154.10 19.10 0.63521 58.46 80186
138.02 6.57 0.63696 53.84 48770
176.66 4.42 0.60434 21.42 98387
150.71 6.41 0.62696 29.92 97463
175.38 5.42 0.62442 41.46 45933
187.33 -0.09 0.60579 36.01 94009
178.48 -0.71 0.60572 31.83 2540
187.35 8.64 0.65208 51.33 59681
234.82 2.02 0.64965 47.95 16714
151.49 14.59 0.61177 41.03 118676
194.79 8.68 0.61001 28.81 61901
122.04 37.60 0.65503 51.05 1077
224.25 36.32 0.62019 30.87 37293
222.09 42.36 0.62844 46.35 87727
196.37 2.46 0.64802 31.73 16815
199.15 2.11 0.62641 36.50 105822
237.50 44.46 0.61415 18.76 88745
259.97 32.44 0.65776 29.08 50609
221.78 23.93 0.61238 39.86 72762
194.30 8.41 0.61719 20.99 97175
250.15 32.25 0.63672 29.55 58165
254.73 30.42 0.66495 63.37 50813
176.80 0.45 0.61311 23.59 94151
172.14 12.92 0.63114 49.20 61289
183.12 7.82 0.61510 43.66 96671
209.76 23.91 0.66740 27.48 122726
217.86 -5.63 0.62241 21.97 114958
142.40 8.01 0.61532 19.04 92512
128.15 31.07 0.65149 43.31 25520
219.99 32.05 0.63502 48.07 11223
228.25 43.63 0.65558 19.62 90817
202.93 36.17 0.60151 30.36 11491
218.07 -1.19 0.62828 36.36 19684
128.57 34.47 0.64386 32.58 25490
205.43 8.67 0.60490 34.42 102345
256.25 23.58 0.65509 43.70 22474
187.03 4.81 0.66141 60.66 46208
203.86 13.28 0.64689 40.91 62257
244.31 40.20 0.63280 54.60 58147
179.22 15.87 0.63659 57.37 62738
148.84 15.97 0.60049 30.74 65143
241.83 8.35 0.64026 59.58 58730
218.45 40.59 0.63143 27.84 55617
219.46 8.37 0.61655 34.98 61994
241.43 35.04 0.61742 27.67 51578
163.94 36.93 0.63739 23.92 39722
176.45 5.37 0.65311 35.54 48356
119.26 36.11 0.62582 38.53 1063
159.83 0.03 0.63406 50.60 43074
222.40 31.73 0.65403 18.28 11230
220.01 7.34 0.64232 57.00 62081
170.06 35.96 0.63423 38.32 40283
198.52 11.73 0.62650 47.51 66678
225.48 32.92 0.65738 27.54 11012
189.04 18.30 0.63182 43.92 84970
252.30 44.00 0.60224 26.34 87116
200.04 3.95 0.65033 62.27 99541
145.30 8.66 0.64195 26.69 92776
125.21 12.12 0.61294 54.85 28231
232.17 19.11 0.67009 46.86 14949
224.49 -1.33 0.64988 24.36 20454
194.65 -0.63 0.67475 24.49 2620
190.82 7.51 0.61858 33.64 61831
231.90 22.78 0.62831 40.97 14961
201.71 19.66 0.60608 34.81 123593
179.71 8.73 0.62729 28.88 60301
208.77 34.46 0.66561 49.09 11186
242.00 39.22 0.60074 38.46 58164
171.07 12.40 0.66860 41.63 61554
187.47 5.22 0.62286 47.67 44419
180.96 33.96 0.62145 39.06 41379
242.75 27.17 0.64024 63.41 51818
217.17 36.99 0.63122 65.14 37106
232.52 28.25 0.61836 48.19 14873
141.03 5.08 0.60556 23.62 46692
192.27 7.54 0.61024 48.90 97030
228.58 30.07 0.64973 52.69 11048
173.53 17.24 0.66032 28.41 84577
117.86 21.23 0.64202 54.11 26268
119.83 19.52 0.61414 29.03 26354
238.64 27.54 0.61784 47.87 14820
231.96 30.36 0.61212 39.31 38537
233.16 16.10 0.61683 45.77 15067
237.23 31.37 0.60970 42.84 51834
233.68 8.34 0.60861 30.09 58389
153.19 5.73 0.63680 20.88 96926
134.45 14.22 0.65432 54.00 66055
222.73 24.45 0.64664 30.06 72763
130.37 2.58 0.66892 40.41 9060
225.29 14.24 0.64042 34.64 65453
161.09 4.18 0.66075 48.00 44911
138.61 9.32 0.62683 24.17 60676
238.45 18.94 0.64383 36.23 14925
236.74 18.93 0.62762 38.75 14936
203.68 0.04 0.60107 54.99 105823
187.11 1.27 0.66079 59.96 43084
172.98 38.60 0.64459 29.96 40497
146.84 -0.66 0.62238 39.34 3210
152.99 8.90 0.64638 53.31 60236
239.01 17.13 0.62483 18.40 14976
181.53 17.89 0.60905 23.82 84872
242.72 21.84 0.62943 32.60 14875
189.56 2.53 0.63104 38.18 99268
143.03 -0.87 0.65367 26.61 8599
202.56 3.19 0.65246 59.15 47444
126.91 42.85 0.67434 28.78 1249
183.94 9.98 0.64289 57.12 59680
117.02 19.84 0.62813 51.96 26267
158.94 6.28 0.63851 26.18 48406
155.06 15.05 0.60464 39.88 66251
144.13 -0.97 0.62683 30.92 7285
173.96 36.21 0.65017 34.79 39303
216.20 3.67 0.60504 31.88 46093
134.37 0.95 0.63206 35.26 3687
226.55 19.89 0.65668 45.44 70647
205.24 11.53 0.63544 30.87 61700
190.27 -1.82 0.62748 22.36 114705
203.90 8.61 0.60680 29.10 61963
250.83 17.30 0.62383 31.65 20957
142.14 13.53 0.60138 46.86 66355
223.03 8.14 0.60965 66.68 59389
191.86 39.45 0.66849 44.23 11254
235.74 39.65 0.62797 32.30 51581
137.35 8.60 0.62234 23.54 60662
188.20 36.16 0.63356 36.16 14560
245.18 38.16 0.64938 58.69 58140
234.34 20.88 0.61678 33.83 14928
185.90 0.17 0.63140 25.95 94017
144.53 37.07 0.60388 27.06 34856
254.53 36.56 0.63325 28.53 58122
127.44 10.28 0.61369 26.99 67409
230.03 21.17 0.61863 41.82 14920
224.82 39.21 0.61505 40.17 55314
145.93 2.18 0.62648 53.84 45794
137.42 11.36 0.61023 35.29 66178
135.25 2.11 0.62120 23.02 9029
216.87 22.47 0.61966 73.99 73674
189.92 8.68 0.60923 30.70 61899
249.72 33.54 0.60502 43.44 58142
201.67 18.81 0.63745 30.45 83032
132.63 1.40 0.61671 25.87 8890
225.33 33.62 0.60187 38.78 38531
155.33 37.10 0.62947 34.84 40088
217.84 18.61 0.63286 58.72 81190
182.29 6.66 0.64312 41.46 101773
200.35 23.44 0.63004 41.54 81748
162.75 12.59 0.67881 37.44 60588
203.95 8.52 0.66704 37.30 102343
235.03 31.09 0.62018 27.51 51804
144.56 41.45 0.61073 38.83 31397
