# RA, dec, redshift, radius (Mpc/h), void ID
152.41 17.63 0.27308 40.42 67842
121.69 22.55 0.21434 69.89 6406
126.75 2.48 0.21462 14.31 19289
166.53 4.93 0.23614 23.44 19102
167.49 13.35 0.20153 50.58 35070
234.45 9.92 0.27780 46.48 30954
222.49 40.56 0.25542 41.19 48067
249.78 19.90 0.25441 56.17 3398
205.30 9.73 0.22045 36.62 59135
230.17 35.65 0.23068 14.33 25831
126.10 4.17 0.26392 32.51 19957
164.55 11.32 0.23306 43.90 35030
125.25 4.38 0.20076 16.83 19773
222.01 40.42 0.20719 28.45 29382
135.70 15.27 0.28544 21.48 32816
151.10 10.45 0.28694 24.35 67106
213.54 3.00 0.20231 42.55 1734
181.16 2.47 0.21663 56.01 56238
147.39 10.31 0.20844 45.32 31910
172.57 1.23 0.26355 47.39 53678
238.55 9.13 0.21399 43.99 24122
192.84 5.63 0.23986 25.95 55061
172.14 14.74 0.23572 31.89 31975
217.54 41.85 0.21690 19.06 47702
123.92 13.45 0.21611 40.16 6872
202.16 17.78 0.21984 67.16 39632
189.98 3.12 0.22322 52.64 55728
217.52 -2.27 0.25331 17.20 62182
152.05 10.60 0.26394 19.07 67091
136.66 9.20 0.23366 41.40 31743
215.92 41.62 0.25723 24.89 47694
228.78 36.61 0.24937 16.04 26434
125.91 28.13 0.26717 42.45 6389
125.60 4.33 0.24574 20.88 19964
126.33 3.54 0.22828 18.06 19736
215.36 41.66 0.27629 30.02 48417
187.39 18.53 0.25700 27.55 42103
214.62 3.01 0.22464 23.01 60715
131.43 7.95 0.22547 16.08 34470
187.67 2.54 0.25160 51.00 56534
250.54 40.32 0.20245 50.08 49147
189.39 6.20 0.25288 31.50 55059
196.60 8.95 0.23811 57.61 31162
201.13 2.37 0.20111 44.06 134
175.33 36.53 0.22135 35.65 17046
219.40 21.93 0.26670 53.73 40273
257.78 34.49 0.24907 23.69 26000
164.84 8.39 0.25116 44.56 33550
173.10 14.58 0.21589 31.37 32496
125.09 2.32 0.25513 14.25 18932
204.07 19.55 0.20204 35.57 70362
140.62 12.56 0.20385 49.02 34931
154.97 2.01 0.28060 14.91 56738
162.17 1.35 0.25423 44.04 56518
154.78 15.20 0.24604 15.48 33495
119.02 24.01 0.26319 34.38 8271
152.30 19.56 0.24622 17.90 71007
176.93 7.43 0.21413 39.00 24391
170.30 14.21 0.26340 50.71 33188
152.42 17.55 0.23641 27.96 67956
168.09 38.69 0.20366 35.16 11328
153.17 13.44 0.25155 14.57 68179
219.54 15.62 0.20043 59.50 45264
200.83 19.59 0.25317 37.29 70305
211.13 8.68 0.24674 36.33 25242
162.19 0.72 0.22271 26.51 55905
206.19 22.29 0.26996 32.30 70562
149.21 4.18 0.21970 53.45 50775
207.88 12.15 0.25270 14.21 59315
162.62 -0.07 0.27471 28.15 51641
168.29 1.56 0.27386 36.00 55992
191.96 3.93 0.20530 28.44 55715
206.53 20.51 0.20298 40.66 41311
243.07 31.90 0.25492 63.61 27479
162.56 6.39 0.22127 21.06 24561
155.43 16.81 0.26627 38.26 33250
158.58 19.07 0.26055 15.76 41278
142.65 39.31 0.20669 14.06 10337
181.05 12.32 0.24440 45.06 34836
246.66 16.45 0.21156 25.45 4322
218.66 23.80 0.24693 42.14 39930
223.63 23.11 0.26501 19.54 40187
217.42 40.88 0.20153 21.81 29591
215.74 1.61 0.26724 27.05 52475
206.63 14.22 0.24123 28.45 53947
188.16 18.64 0.22420 36.87 47089
151.56 2.05 0.27070 48.99 51854
189.37 7.51 0.22586 28.54 32225
217.17 2.89 0.24883 60.41 18775
164.18 2.97 0.22737 19.35 56909
239.50 8.56 0.25858 50.77 30785
158.67 10.51 0.25074 61.41 32184
126.67 22.71 0.26968 19.02 8768
191.18 1.01 0.24504 21.73 51704
151.94 40.44 0.21929 46.37 13711
126.40 5.52 0.22659 22.49 23834
144.02 5.78 0.25903 41.59 50702
215.24 -5.79 0.24311 32.90 64336
218.06 9.06 0.23042 27.84 32305
125.89 28.44 0.21103 25.65 8377
247.11 15.70 0.27181 30.16 3635
123.37 21.75 0.26011 42.64 8620
129.12 8.66 0.21456 26.08 38096
224.51 38.73 0.23207 27.88 29636
222.77 13.72 0.23707 35.69 33124
193.13 0.16 0.25990 31.48 51931
183.29 4.54 0.24802 46.29 54291
208.41 13.17 0.23028 48.61 32495
125.14 26.93 0.24883 33.16 6368
196.58 18.53 0.27726 48.32 39320
223.85 38.87 0.27839 22.07 29414
234.60 9.16 0.24368 29.09 30611
147.58 5.57 0.22444 25.19 19885
120.50 15.83 0.22914 28.39 6633
211.69 0.44 0.25307 21.86 297
214.54 4.29 0.26181 54.95 22120
225.60 13.17 0.21987 26.32 33118
207.10 8.52 0.24291 19.60 59594
200.49 1.78 0.24724 37.84 60699
142.33 3.27 0.21435 38.48 50491
176.74 36.39 0.20053 27.09 17434
191.97 9.45 0.25725 44.36 32286
211.63 3.78 0.22739 25.98 55344
216.30 -4.83 0.20697 14.32 63949
200.73 19.56 0.22449 27.13 70213
230.98 35.49 0.27764 32.48 10764
207.29 22.35 0.22381 24.86 69155
206.05 15.57 0.27011 27.80 68307
253.05 22.25 0.26646 26.56 4784
225.09 8.52 0.21592 48.41 35221
205.02 19.60 0.25833 32.07 70258
221.43 2.77 0.26969 18.16 55801
237.62 31.74 0.22964 18.09 27801
163.31 11.12 0.20161 21.61 32175
220.49 19.35 0.23783 41.40 45514
211.45 9.55 0.22879 29.05 35275
236.09 39.03 0.23702 33.11 26452
126.77 30.24 0.24880 21.94 6438
168.24 16.28 0.28703 18.52 39150
201.87 0.06 0.22154 23.49 1318
167.73 39.57 0.27331 42.72 11087
214.55 11.96 0.21782 41.58 35343
238.43 36.70 0.21278 59.54 27589
177.25 12.95 0.25915 31.92 32088
142.62 1.90 0.24418 43.75 52077
206.10 13.25 0.27503 26.76 53951
215.13 1.38 0.24475 18.76 56465
149.59 6.61 0.27246 45.68 50513
179.06 2.97 0.23853 17.14 56655
138.50 13.29 0.22670 25.63 33308
227.82 36.45 0.20146 16.72 26432
155.37 7.82 0.22325 40.67 33709
149.62 3.53 0.24414 53.47 72702
236.88 34.64 0.25951 53.89 26481
222.38 18.67 0.25388 21.77 41511
187.53 2.58 0.20039 43.48 55718
163.99 38.66 0.26344 36.80 11327
214.05 13.69 0.23777 32.78 32342
184.42 6.22 0.25102 40.72 23576
239.45 9.94 0.27964 21.90 24281
202.45 1.53 0.27251 42.11 294
207.75 4.60 0.25334 63.49 57062
188.81 7.50 0.23829 38.35 31370
164.53 2.04 0.26952 30.87 56133
161.71 5.88 0.23122 26.42 23265
215.80 41.34 0.28687 19.22 47700
144.69 12.59 0.23315 47.88 31958
218.78 17.83 0.27756 34.52 33049
217.74 -3.54 0.26440 16.04 64001
252.40 27.00 0.25394 53.15 26307
154.39 2.82 0.23402 19.51 56737
192.63 3.59 0.24784 14.58 56996
173.17 4.68 0.27773 21.07 19607
166.23 9.26 0.28344 25.89 33643
205.09 6.89 0.27150 43.50 54061
170.43 1.29 0.20543 35.95 55993
171.15 37.36 0.22362 20.59 16775
230.97 35.07 0.24344 19.53 10861
206.03 2.96 0.23579 23.46 17971
179.90 36.15 0.20891 19.46 12261
246.88 14.99 0.23867 20.78 3588
180.17 14.71 0.22714 18.86 32539
218.98 2.14 0.20938 38.11 2228
208.64 23.58 0.21588 17.37 41604
200.38 16.49 0.25744 49.29 33209
149.05 -0.08 0.23053 21.73 51633
147.47 3.35 0.28450 28.81 50744
200.72 8.80 0.26207 53.89 35262
183.98 7.22 0.22476 46.92 33628
246.99 35.20 0.28237 31.82 30366
133.35 8.07 0.28816 21.52 32453
216.49 1.95 0.25016 22.35 56696
168.62 13.04 0.27801 33.23 32085
152.03 16.91 0.25046 21.18 67562
157.74 8.78 0.20369 39.10 31530
126.99 23.48 0.26074 16.11 8614
156.55 17.39 0.23712 25.42 39331
193.11 11.09 0.21354 52.42 33636
146.90 39.77 0.26274 39.39 13661
148.75 7.86 0.26794 44.80 23629
256.89 34.76 0.22228 43.34 26187
247.15 15.33 0.25732 21.16 4174
229.39 12.37 0.28775 29.88 33119
130.95 8.90 0.26546 25.05 32459
232.05 35.94 0.25415 16.52 27494
230.37 3.91 0.21460 31.89 22374
222.88 19.63 0.22221 14.51 40376
245.91 16.65 0.26113 15.90 4178
234.94 34.14 0.28151 26.60 27546
257.53 31.52 0.26041 37.33 27307
213.36 3.71 0.25601 23.63 60712
140.98 5.37 0.22718 19.28 50650
216.92 41.80 0.24769 14.84 47650
198.77 1.88 0.27213 28.17 2177
205.60 10.94 0.26202 15.38 59958
206.57 22.49 0.23613 16.80 69152
190.02 18.89 0.27397 40.92 41637
215.92 1.73 0.20736 21.34 52473
169.35 13.30 0.23041 20.15 32084
204.20 19.39 0.23396 34.82 69826
154.38 18.47 0.24563 16.57 45115
177.53 1.92 0.25349 27.94 55917
200.26 1.17 0.21001 21.38 53493
159.51 41.72 0.20394 15.93 14489
206.74 14.29 0.25293 14.19 68316
176.79 -0.11 0.27018 16.71 53347
201.77 10.49 0.21504 34.59 35273
206.55 1.95 0.26069 26.83 2179
226.96 1.13 0.26680 24.60 416
168.70 15.60 0.22454 20.44 37196
168.58 14.04 0.24496 32.83 31931
198.17 0.27 0.25819 29.77 53457
150.80 6.40 0.24556 40.08 23630
154.42 39.90 0.25567 35.13 10812
198.69 21.08 0.26401 29.80 41349
150.20 39.75 0.24253 28.91 10719
214.92 6.39 0.21907 34.40 24102
167.52 39.47 0.22535 35.33 14596
217.78 14.73 0.22840 29.83 37105
221.30 39.17 0.28602 17.98 29598
192.31 15.80 0.22743 27.52 33213
202.61 20.85 0.26306 22.21 70336
186.78 17.44 0.28132 24.66 42091
205.20 18.15 0.22144 24.07 70219
213.31 7.24 0.23131 23.88 24103
239.10 9.13 0.23496 34.85 24184
206.10 0.96 0.25343 48.54 52312
130.94 8.51 0.29062 16.74 32450
166.78 16.38 0.27639 19.32 42066
140.71 -0.87 0.22929 15.35 52819
229.95 1.49 0.23406 17.94 2315
123.27 25.03 0.26190 26.62 6463
194.57 4.86 0.26766 16.90 57125
253.47 24.59 0.21791 48.74 4738
200.81 6.70 0.24385 33.72 31160
194.59 5.59 0.27892 24.66 57223
125.71 28.50 0.22825 30.31 8063
148.39 40.53 0.25796 38.23 13311
256.38 30.09 0.23419 32.80 26359
204.37 1.76 0.24739 27.77 56459
204.59 17.14 0.24656 22.33 69448
244.31 37.80 0.22650 55.11 30360
119.85 26.17 0.24808 21.84 8085
137.62 12.58 0.25996 34.13 33419
172.09 39.24 0.26283 20.87 15459
223.18 10.31 0.23917 35.66 32210
242.40 8.82 0.22816 18.48 30682
216.23 0.96 0.22306 21.55 149
147.01 7.93 0.24504 42.17 34307
181.90 10.74 0.20607 20.24 34107
219.64 5.22 0.28131 26.87 19538
217.34 -5.51 0.28539 22.00 64107
248.39 19.64 0.21120 20.80 3399
199.15 0.69 0.21839 14.49 51985
183.87 -0.15 0.23818 15.94 51871
174.39 11.54 0.27506 20.00 32043
207.36 8.36 0.24020 19.60 31042
204.26 13.00 0.26906 26.50 32481
215.62 5.96 0.28044 32.41 24104
215.25 2.44 0.20817 14.88 56695
223.09 21.90 0.20846 18.04 40293
188.80 18.23 0.20285 21.05 42109
119.64 22.73 0.25565 20.17 6446
135.90 9.16 0.26974 24.79 31838
208.94 2.28 0.24949 23.63 459
173.67 14.59 0.20187 15.60 35615
159.42 39.39 0.20572 26.17 14047
