# RA, dec, redshift, radius (Mpc/h), void ID
137.76 37.06 0.46070 37.28 12733
125.35 38.52 0.45444 66.29 740
234.50 1.07 0.45139 33.55 6372
231.08 21.65 0.46110 62.25 5800
145.04 -0.32 0.45673 37.27 1206
141.59 4.88 0.45075 15.12 17969
217.68 7.35 0.46410 51.89 22097
187.18 35.62 0.48067 21.08 5494
229.16 43.43 0.47888 30.80 33463
165.22 18.52 0.46967 21.54 30826
144.79 41.59 0.47858 43.61 12127
174.88 3.03 0.46528 46.82 37127
166.11 17.12 0.45934 27.20 24918
137.09 36.71 0.48301 28.01 12576
179.62 0.94 0.47103 50.88 16229
133.85 47.86 0.46181 30.59 25999
154.67 -0.52 0.45576 44.06 1329
115.50 25.71 0.48812 22.52 9417
195.08 39.20 0.46325 40.47 4418
197.84 22.38 0.46423 33.68 45260
234.93 2.82 0.47040 38.14 6625
151.98 10.58 0.46389 51.96 44240
217.10 -4.61 0.46637 53.66 42123
152.31 -0.19 0.46614 39.30 34789
240.63 42.08 0.45603 53.26 33030
193.90 35.78 0.45240 24.20 5590
193.39 -1.25 0.47968 25.30 2371
223.35 41.85 0.45420 45.94 33234
123.56 6.07 0.48635 22.34 18521
118.92 15.09 0.46334 47.93 10189
204.22 35.25 0.45831 39.68 4936
234.84 42.50 0.47132 31.76 32762
145.94 37.55 0.48097 23.73 13343
161.02 37.77 0.48449 38.40 15016
247.27 41.09 0.45338 68.81 32462
236.32 21.57 0.45798 58.41 5791
137.86 41.23 0.45083 24.14 11673
206.82 -0.22 0.46496 29.61 6118
227.50 44.07 0.45766 25.31 33593
234.34 41.19 0.49471 15.16 33498
213.69 41.79 0.47845 28.10 31833
180.03 2.95 0.45868 33.44 17973
246.87 21.41 0.47295 39.52 16179
226.19 5.88 0.46119 42.35 18831
204.33 4.95 0.46251 49.37 37496
120.29 36.30 0.46103 41.38 473
242.22 36.81 0.46640 48.90 21593
214.13 1.89 0.47920 41.85 6656
190.56 3.34 0.45863 68.04 16656
165.88 13.00 0.45447 62.41 23024
117.17 25.15 0.46021 37.19 9448
218.03 28.99 0.46728 40.84 27194
224.04 22.26 0.47543 39.36 27599
187.42 -1.14 0.49229 16.77 1009
187.04 38.37 0.48009 19.08 4585
230.53 43.43 0.46154 17.69 33524
202.76 4.36 0.46327 46.98 17914
127.98 38.08 0.48482 27.25 624
221.30 14.65 0.45534 45.95 24506
179.06 36.80 0.46312 54.03 15154
149.75 16.55 0.47116 17.49 44634
217.29 2.74 0.45921 32.40 36745
158.19 13.30 0.46775 58.20 22820
218.15 13.90 0.46281 54.30 24750
164.86 9.27 0.45221 48.13 25365
213.29 16.59 0.48436 21.72 24502
176.14 39.58 0.46784 37.67 14276
241.56 39.67 0.47276 35.04 31802
239.64 30.60 0.46790 56.83 19602
203.61 -1.73 0.48690 23.90 7372
211.13 24.23 0.46199 26.17 27516
225.52 12.97 0.45839 70.68 24744
213.90 -0.48 0.46692 35.94 7746
243.17 8.39 0.47685 29.60 21743
250.63 18.09 0.45504 30.47 7849
155.22 15.26 0.47454 18.48 44068
242.39 23.05 0.47779 33.89 5691
146.17 7.44 0.45703 29.70 34244
208.40 11.45 0.48274 26.76 39064
198.06 25.04 0.48632 19.22 28822
202.96 5.76 0.47849 26.30 36312
231.09 28.11 0.46326 55.29 16157
193.83 -0.43 0.46628 27.74 1385
128.43 2.28 0.45418 19.32 16927
203.55 -0.00 0.46642 48.78 6200
233.82 6.62 0.45199 31.75 18818
142.94 15.01 0.46243 40.47 24996
256.39 43.78 0.49313 15.14 33751
141.10 4.34 0.47818 19.50 17962
166.34 39.25 0.46660 44.53 14398
213.47 42.92 0.45751 29.14 33201
252.56 34.57 0.46014 63.40 19222
114.74 24.90 0.47605 19.35 9022
140.03 14.40 0.46978 32.28 24587
208.68 13.20 0.48253 19.65 35609
140.65 9.32 0.47186 39.07 22648
212.04 36.06 0.46374 45.66 4198
139.75 6.80 0.45852 34.63 34239
155.86 39.24 0.45346 43.24 13098
207.76 3.12 0.47451 40.61 36740
137.49 16.20 0.46119 27.18 24953
128.78 12.58 0.46618 44.85 11138
233.15 9.08 0.46387 52.50 21997
123.67 1.01 0.48003 20.65 16592
177.54 33.52 0.47168 22.80 15864
138.77 16.59 0.48049 32.15 24956
123.01 13.06 0.45792 61.70 10834
121.74 18.67 0.47363 33.11 10259
204.38 9.43 0.46167 43.45 38811
126.47 41.73 0.47093 33.17 543
182.23 9.64 0.46607 55.98 25166
187.48 4.81 0.45488 52.18 17352
201.50 0.04 0.45106 54.10 6164
147.75 5.08 0.45604 45.75 34103
191.09 11.37 0.46568 35.01 22393
149.75 -0.32 0.48078 34.19 35435
204.99 22.03 0.47517 31.28 31705
239.72 37.20 0.45743 27.27 19568
118.51 18.75 0.45028 63.13 11425
244.42 31.96 0.46465 42.25 19555
216.72 -0.33 0.47805 40.20 6295
155.74 -0.93 0.48315 28.81 4117
212.32 16.73 0.46738 29.21 24657
217.25 -7.34 0.46457 34.61 42222
186.97 1.36 0.47090 32.58 35438
146.03 11.18 0.46537 28.54 22698
215.49 1.55 0.46577 33.38 35440
133.12 2.48 0.45200 40.02 3924
226.80 6.47 0.48093 31.78 18834
175.07 -0.86 0.46423 42.52 41539
121.11 10.43 0.47167 14.47 11063
160.97 13.24 0.45663 39.88 22824
249.84 13.87 0.49033 16.17 8024
180.85 34.24 0.46018 43.58 15441
260.10 32.13 0.48532 30.25 19119
202.04 25.41 0.47828 21.74 28314
131.24 14.03 0.47941 18.00 24100
139.93 0.88 0.47023 27.90 47976
240.87 5.72 0.45282 33.93 17720
178.51 34.12 0.47763 19.43 15528
242.13 15.90 0.45382 42.01 8097
215.29 26.98 0.46905 39.20 27488
149.11 -0.66 0.46378 42.11 2763
229.89 11.06 0.46831 34.46 23553
250.20 22.74 0.47472 28.86 8721
152.65 12.37 0.48047 31.27 22817
245.82 19.53 0.47402 37.73 7971
212.67 4.35 0.46419 41.06 37430
173.03 39.59 0.46212 37.21 16112
164.43 42.11 0.46013 40.75 16024
157.70 6.19 0.46948 52.10 18388
185.66 16.72 0.48423 25.12 26493
192.49 -0.17 0.45840 27.81 1131
116.26 33.06 0.47165 32.49 11279
161.45 -0.49 0.45186 25.92 3490
199.84 20.82 0.47205 30.85 45324
135.21 10.73 0.46647 34.94 25500
249.92 26.37 0.46511 46.50 8490
245.21 43.26 0.46842 21.27 33657
228.38 9.03 0.45881 43.34 23362
201.50 4.76 0.46825 39.58 39569
210.85 11.88 0.45482 29.21 23199
206.21 14.56 0.45422 49.53 45610
217.83 -0.67 0.46244 26.02 6262
185.00 36.85 0.46994 45.24 4564
187.85 17.59 0.45855 45.00 31475
222.23 0.65 0.47144 47.84 34902
120.58 10.60 0.48851 15.31 11061
147.87 49.19 0.48767 16.93 26199
155.43 13.32 0.45757 50.77 22846
234.77 36.12 0.47839 29.31 19528
207.81 0.61 0.47672 23.56 35434
198.94 6.58 0.48129 29.29 18646
127.79 4.49 0.45969 31.80 17649
155.54 20.06 0.46240 18.12 31709
216.23 -1.36 0.45376 14.57 7488
189.23 -0.77 0.47473 31.40 35173
220.70 38.58 0.46471 51.80 20772
168.19 41.17 0.47209 44.16 14119
198.57 16.61 0.47577 23.27 45321
177.00 12.61 0.46215 27.46 23187
241.90 6.79 0.45608 21.05 18702
234.69 13.51 0.46431 45.01 18925
141.44 -1.63 0.47872 19.01 40909
188.90 16.03 0.48257 16.31 23819
242.81 29.51 0.45646 39.03 19502
137.70 0.71 0.46077 45.95 3345
184.28 35.87 0.48329 23.88 15638
200.39 21.50 0.47927 22.56 45326
116.58 32.91 0.45265 38.06 434
151.15 43.64 0.47213 17.10 12865
220.79 35.78 0.48806 18.51 14564
146.17 14.55 0.45705 44.40 25326
144.12 36.85 0.45819 22.43 12899
153.92 11.89 0.47521 24.83 22739
209.62 12.40 0.46665 29.66 23364
119.62 20.78 0.47238 50.69 10052
233.53 0.77 0.47485 26.27 6371
255.07 31.91 0.46490 37.05 19325
148.15 6.18 0.47274 42.91 17582
188.95 9.69 0.47217 36.10 22267
154.01 19.71 0.46213 14.85 44894
217.84 10.58 0.48000 35.11 23225
175.74 3.22 0.45630 32.16 16791
216.52 42.48 0.46124 43.65 34002
211.01 3.18 0.46868 26.78 39606
202.54 2.64 0.47912 38.82 6589
227.97 2.32 0.46655 64.23 6725
139.49 -0.82 0.48172 27.89 34987
179.50 12.51 0.46099 46.18 23031
149.22 -1.20 0.48176 23.12 3358
211.21 18.72 0.45478 15.85 31304
155.64 -2.36 0.49223 15.45 40957
192.81 0.61 0.46176 50.58 36959
178.04 1.99 0.45773 21.05 17865
173.03 -1.25 0.45821 19.49 2322
207.98 18.20 0.45283 52.12 45894
153.24 19.50 0.46716 32.31 29346
173.88 17.50 0.47444 33.27 31334
216.50 21.43 0.45054 24.90 30383
206.65 19.84 0.47588 39.15 30780
182.28 36.21 0.46658 23.66 14810
173.71 37.12 0.46456 47.69 15234
259.00 25.65 0.49163 15.19 19385
173.35 12.06 0.47090 40.26 23184
154.65 38.61 0.46614 44.81 13316
230.66 26.16 0.47395 30.41 5772
249.16 30.14 0.45046 35.91 21633
256.43 23.44 0.48930 21.55 8520
205.29 37.54 0.45253 54.28 4405
153.44 10.57 0.48739 16.21 44245
171.90 -0.90 0.45149 38.27 35473
124.17 2.60 0.45849 26.64 17328
184.59 9.66 0.46143 22.93 22221
117.95 30.58 0.45254 27.71 713
241.95 28.98 0.47575 37.90 19501
136.78 5.11 0.48493 24.25 4123
186.02 10.30 0.47218 24.13 22294
119.86 11.09 0.47531 26.44 10787
142.24 2.03 0.46998 43.59 48024
205.18 11.88 0.45478 27.19 39121
244.12 27.75 0.47561 41.69 19612
199.25 5.65 0.46160 32.08 18153
244.09 20.81 0.47354 23.71 7892
193.65 38.21 0.47494 24.52 4130
127.63 2.26 0.46958 31.16 16981
170.06 18.44 0.47464 19.38 30911
209.66 16.42 0.46077 56.69 24654
239.90 23.10 0.45564 36.42 5745
200.58 4.41 0.45118 19.13 37174
127.92 22.89 0.49502 14.64 10262
151.85 3.16 0.47341 30.98 36916
242.74 8.35 0.45445 38.53 21726
205.57 23.85 0.46557 29.51 45572
222.75 23.92 0.46391 27.63 27459
137.98 40.90 0.48983 16.07 11922
250.29 32.51 0.45362 24.72 21614
211.94 3.76 0.45165 55.48 17357
237.41 17.21 0.48390 18.37 5873
210.56 7.20 0.47915 31.80 22015
195.01 9.95 0.45699 42.33 23398
168.45 0.09 0.48264 26.39 1339
206.34 18.04 0.48153 29.83 30762
202.59 10.56 0.48204 25.19 38926
138.73 2.51 0.46678 33.45 3425
244.46 14.27 0.46256 33.17 8253
141.34 10.90 0.47364 27.69 22774
164.67 -0.98 0.47012 39.20 35303
153.94 6.34 0.47044 44.86 18364
244.28 13.51 0.45292 21.54 8214
169.91 18.80 0.46688 16.61 30970
177.95 -0.53 0.45445 33.46 1042
233.08 27.05 0.48015 23.74 5756
204.85 36.26 0.47806 36.81 4673
152.36 4.53 0.46060 17.74 37808
219.51 30.44 0.45983 34.96 5606
181.79 37.96 0.46487 16.47 14917
247.01 27.15 0.46352 35.30 19424
155.36 9.15 0.47215 42.24 22304
140.25 3.04 0.48014 20.84 17951
151.19 20.43 0.46234 34.73 46317
209.46 34.37 0.45461 28.08 4550
224.05 30.21 0.45625 28.49 4654
178.55 3.05 0.48130 27.53 37044
200.08 -1.01 0.45751 33.90 35259
151.98 18.17 0.45618 42.13 44992
125.65 36.22 0.47560 43.24 870
216.13 9.07 0.47399 31.40 23400
135.14 7.94 0.46821 43.50 23670
223.61 39.48 0.47480 36.20 20729
124.22 23.32 0.46974 25.22 10124
241.86 43.51 0.48019 16.02 33055
260.78 34.10 0.48498 19.81 19660
150.80 8.30 0.46084 28.72 44140
259.30 34.52 0.46587 47.24 19644
188.76 1.14 0.45940 46.30 37005
208.36 6.76 0.47579 36.39 18666
224.42 8.26 0.45734 40.99 23449
228.37 26.67 0.45972 32.37 16164
192.61 -0.03 0.47998 15.86 1458
163.74 1.57 0.46262 41.80 16734
141.45 -0.97 0.45968 35.14 40911
224.26 19.64 0.46039 22.49 30755
195.50 15.44 0.48652 27.31 23782
158.82 40.75 0.46840 36.03 13318
209.60 4.79 0.46322 41.85 17442
161.31 1.90 0.48058 27.73 36779
181.67 0.30 0.46075 18.67 1521
202.42 35.27 0.48177 15.19 4594
227.53 11.56 0.45243 42.65 23543
115.77 20.82 0.47947 23.28 9750
208.38 34.03 0.46603 33.38 4597
170.47 38.19 0.45560 38.52 14976
216.57 3.90 0.49031 16.22 37392
170.05 -1.19 0.49087 15.46 43326
236.95 43.93 0.45628 26.40 33168
184.27 0.42 0.46892 25.60 1150
166.53 1.93 0.46118 43.61 16701
125.43 2.62 0.46656 38.77 16977
